2023-10-09 10:28:29.953 [info] Added views:workbench.panel.markers.view in workbench.panel.markers
2023-10-09 10:28:29.953 [info] Added views:workbench.panel.output in workbench.panel.output
2023-10-09 10:28:29.953 [info] Added views:terminal in terminal
2023-10-09 10:28:29.953 [info] Added views:outline in workbench.view.explorer
2023-10-09 10:28:29.953 [info] Added views:workbench.scm in workbench.view.scm
2023-10-09 10:28:29.953 [info] Added views:workbench.view.search in workbench.view.search
2023-10-09 10:28:29.953 [info] Added views:timeline in workbench.view.explorer
2023-10-09 10:28:29.953 [info] Added views:workbench.explorer.fileView in workbench.view.explorer
2023-10-09 10:28:30.549 [info] Added views:workbench.debug.welcome in workbench.view.debug
2023-10-09 10:28:32.654 [info] Added views:gitlens.views.home in workbench.view.extension.gitlens
2023-10-09 10:28:32.655 [info] Added views:gitlens.views.commits,gitlens.views.fileHistory,gitlens.views.branches,gitlens.views.remotes,gitlens.views.stashes,gitlens.views.tags,gitlens.views.searchAndCompare in workbench.view.extension.gitlens
2023-10-09 10:28:32.656 [info] Added views:gitlens.views.commitDetails in workbench.view.scm
2023-10-09 10:28:32.657 [info] Added views:dockerContainers,dockerImages,dockerRegistries,dockerNetworks,dockerVolumes,vscode-docker.views.dockerContexts,vscode-docker.views.help in workbench.view.extension.dockerView
2023-10-09 10:28:32.658 [info] Added views:jupyterViewVariables in workbench.view.extension.jupyter-variables
2023-10-09 10:28:32.658 [info] Added views:cell-tag in workbench.view.extension.jupyter
2023-10-09 10:28:33.019 [info] Added views:workbench.panel.repl.view in workbench.panel.repl
2023-10-09 10:28:34.093 [info] Added views:~remote.forwardedPorts in ~remote.forwardedPortsContainer
2023-10-09 10:28:37.279 [info] Removed views:gitlens.views.searchAndCompare,gitlens.views.tags,gitlens.views.stashes,gitlens.views.remotes,gitlens.views.branches,gitlens.views.fileHistory,gitlens.views.commits from workbench.view.extension.gitlens
2023-10-09 10:28:37.287 [info] Removed views:gitlens.views.commitDetails from workbench.view.scm
2023-10-09 10:28:37.841 [info] Added views:gitlens.views.timeline in workbench.view.extension.gitlensPanel
2023-10-09 10:28:37.847 [info] Added views:gitlens.views.commits,gitlens.views.fileHistory,gitlens.views.branches,gitlens.views.remotes,gitlens.views.stashes,gitlens.views.tags,gitlens.views.worktrees,gitlens.views.searchAndCompare in workbench.view.extension.gitlens
2023-10-09 10:28:37.850 [info] Added views:gitlens.views.commitDetails in workbench.view.scm
2023-10-09 10:28:38.528 [info] Added views:workbench.views.extensions.installed,workbench.views.extensions.popular,extensions.recommendedList in workbench.view.extensions
2023-10-09 10:28:38.539 [info] Removed views:workbench.views.extensions.popular from workbench.view.extensions
2023-10-09 10:29:01.190 [info] Added views:workbench.panel.markers.view in workbench.panel.markers
2023-10-09 10:29:01.190 [info] Added views:workbench.panel.output in workbench.panel.output
2023-10-09 10:29:01.190 [info] Added views:terminal in terminal
2023-10-09 10:29:01.190 [info] Added views:outline in workbench.view.explorer
2023-10-09 10:29:01.190 [info] Added views:workbench.scm in workbench.view.scm
2023-10-09 10:29:01.190 [info] Added views:workbench.view.search in workbench.view.search
2023-10-09 10:29:01.190 [info] Added views:timeline in workbench.view.explorer
2023-10-09 10:29:01.190 [info] Added views:workbench.explorer.fileView in workbench.view.explorer
2023-10-09 10:29:02.161 [info] Added views:gitlens.views.home,gitlens.views.workspaces,gitlens.views.account in workbench.view.extension.gitlens
2023-10-09 10:29:02.163 [info] Added views:gitlens.views.commitDetails in workbench.view.extension.gitlensInspect
2023-10-09 10:29:02.165 [info] Added views:gitlens.views.fileHistory,gitlens.views.searchAndCompare in workbench.view.extension.gitlens
2023-10-09 10:29:02.167 [info] Added views:gitlens.views.commits,gitlens.views.branches,gitlens.views.remotes,gitlens.views.stashes,gitlens.views.tags in workbench.view.extension.gitlens
2023-10-09 10:29:02.169 [info] Added views:dockerContainers,dockerImages,dockerRegistries,dockerNetworks,dockerVolumes,vscode-docker.views.dockerContexts,vscode-docker.views.help in workbench.view.extension.dockerView
2023-10-09 10:29:02.589 [info] Added views:workbench.debug.welcome in workbench.view.debug
2023-10-09 10:29:02.750 [info] Added views:workbench.panel.repl.view in workbench.panel.repl
2023-10-09 10:29:03.239 [info] Added views:~remote.forwardedPorts in ~remote.forwardedPortsContainer
2023-10-09 10:29:03.343 [info] Added views:workbench.views.extensions.installed,extensions.recommendedList in workbench.view.extensions
2023-10-09 10:29:04.348 [info] Added views:workbench.view.testing in workbench.view.extension.test
2023-10-09 10:29:07.095 [info] Added views:gitlens.views.graph,gitlens.views.graphDetails in workbench.view.extension.gitlensPanel
2023-10-09 10:29:07.097 [info] Added views:gitlens.views.timeline in workbench.view.extension.gitlensInspect
2023-10-09 10:29:07.114 [info] Added views:gitlens.views.worktrees in workbench.view.extension.gitlens
2023-10-09 10:41:37.022 [info] Removed views:gitlens.views.branches from workbench.view.extension.gitlens
2023-10-09 10:41:37.074 [info] Added views:gitlens.views.branches in workbench.view.scm
2023-10-09 10:41:37.075 [info] Removed views:gitlens.views.commits from workbench.view.extension.gitlens
2023-10-09 10:41:37.075 [info] Added views:gitlens.views.commits in workbench.view.scm
2023-10-09 10:41:37.075 [info] Removed views:gitlens.views.remotes from workbench.view.extension.gitlens
2023-10-09 10:41:37.080 [info] Added views:gitlens.views.remotes in workbench.view.scm
2023-10-09 10:41:37.090 [info] Removed views:gitlens.views.stashes from workbench.view.extension.gitlens
2023-10-09 10:41:37.105 [info] Added views:gitlens.views.stashes in workbench.view.scm
2023-10-09 10:41:37.109 [info] Removed views:gitlens.views.tags from workbench.view.extension.gitlens
2023-10-09 10:41:37.124 [info] Added views:gitlens.views.tags in workbench.view.scm
2023-10-09 10:41:37.129 [info] Removed views:gitlens.views.worktrees from workbench.view.extension.gitlens
2023-10-09 10:41:37.143 [info] Added views:gitlens.views.worktrees in workbench.view.scm
2023-10-09 10:41:37.975 [info] Removed views:gitlens.views.fileHistory from workbench.view.extension.gitlens
2023-10-09 10:41:38.003 [info] Added views:gitlens.views.fileHistory in workbench.view.extension.gitlensInspect
2023-10-09 10:41:38.029 [info] Added views:gitlens.views.lineHistory in workbench.view.extension.gitlensInspect
2023-10-09 10:41:38.035 [info] Removed views:gitlens.views.searchAndCompare from workbench.view.extension.gitlens
2023-10-09 10:41:38.073 [info] Added views:gitlens.views.searchAndCompare in workbench.view.extension.gitlensInspect
2023-10-09 10:43:03.117 [info] Removed views:workbench.view.testing from workbench.view.extension.test
2023-10-09 10:43:05.379 [info] Added views:workbench.panel.markers.view in workbench.panel.markers
2023-10-09 10:43:05.379 [info] Added views:workbench.panel.output in workbench.panel.output
2023-10-09 10:43:05.379 [info] Added views:terminal in terminal
2023-10-09 10:43:05.379 [info] Added views:outline in workbench.view.explorer
2023-10-09 10:43:05.379 [info] Added views:workbench.scm in workbench.view.scm
2023-10-09 10:43:05.379 [info] Added views:workbench.view.search in workbench.view.search
2023-10-09 10:43:05.379 [info] Added views:timeline in workbench.view.explorer
2023-10-09 10:43:05.379 [info] Added views:workbench.explorer.fileView in workbench.view.explorer
2023-10-09 10:43:05.833 [info] Added views:workbench.debug.welcome in workbench.view.debug
2023-10-09 10:43:06.412 [info] Added views:gitlens.views.home,gitlens.views.workspaces,gitlens.views.account in workbench.view.extension.gitlens
2023-10-09 10:43:06.414 [info] Added views:gitlens.views.commitDetails,gitlens.views.lineHistory,gitlens.views.fileHistory,gitlens.views.searchAndCompare in workbench.view.extension.gitlensInspect
2023-10-09 10:43:06.416 [info] Added views:gitlens.views.commits,gitlens.views.branches,gitlens.views.remotes,gitlens.views.stashes,gitlens.views.tags in workbench.view.scm
2023-10-09 10:43:06.426 [info] Added views:dockerContainers,dockerImages,dockerRegistries,dockerNetworks,dockerVolumes,vscode-docker.views.dockerContexts,vscode-docker.views.help in workbench.view.extension.dockerView
2023-10-09 10:43:07.251 [info] Added views:workbench.panel.repl.view in workbench.panel.repl
2023-10-09 10:43:08.167 [info] Added views:workbench.views.extensions.installed,extensions.recommendedList in workbench.view.extensions
2023-10-09 10:43:08.191 [info] Added views:~remote.forwardedPorts in ~remote.forwardedPortsContainer
2023-10-09 10:43:12.918 [info] Added views:gitlens.views.graph,gitlens.views.graphDetails in workbench.view.extension.gitlensPanel
2023-10-09 10:43:12.921 [info] Added views:gitlens.views.timeline in workbench.view.extension.gitlensInspect
2023-10-09 10:43:12.927 [info] Added views:gitlens.views.worktrees in workbench.view.scm
2023-10-09 10:43:50.521 [info] Removed views:extensions.recommendedList,workbench.views.extensions.installed from workbench.view.extensions
2023-10-09 10:43:50.545 [info] Added views:workbench.views.extensions.marketplace in workbench.view.extensions
2023-10-09 10:44:13.107 [info] Added views:workbench.view.testing in workbench.view.extension.test
2023-10-09 10:51:58.962 [info] Removed views:workbench.views.extensions.marketplace from workbench.view.extensions
2023-10-09 10:51:59.020 [info] Added views:workbench.views.extensions.installed,extensions.recommendedList in workbench.view.extensions
2023-10-09 10:52:22.052 [info] Removed views:workbench.view.testing from workbench.view.extension.test
2023-10-09 10:52:24.395 [info] Added views:workbench.panel.markers.view in workbench.panel.markers
2023-10-09 10:52:24.395 [info] Added views:workbench.panel.output in workbench.panel.output
2023-10-09 10:52:24.395 [info] Added views:terminal in terminal
2023-10-09 10:52:24.395 [info] Added views:outline in workbench.view.explorer
2023-10-09 10:52:24.395 [info] Added views:workbench.scm in workbench.view.scm
2023-10-09 10:52:24.395 [info] Added views:workbench.view.search in workbench.view.search
2023-10-09 10:52:24.395 [info] Added views:timeline in workbench.view.explorer
2023-10-09 10:52:24.395 [info] Added views:workbench.explorer.fileView in workbench.view.explorer
2023-10-09 10:52:24.806 [info] Added views:workbench.debug.welcome in workbench.view.debug
2023-10-09 10:52:25.441 [info] Added views:gitlens.views.home,gitlens.views.workspaces,gitlens.views.account in workbench.view.extension.gitlens
2023-10-09 10:52:25.442 [info] Added views:gitlens.views.commitDetails,gitlens.views.lineHistory,gitlens.views.fileHistory,gitlens.views.searchAndCompare in workbench.view.extension.gitlensInspect
2023-10-09 10:52:25.444 [info] Added views:gitlens.views.commits,gitlens.views.branches,gitlens.views.remotes,gitlens.views.stashes,gitlens.views.tags in workbench.view.scm
2023-10-09 10:52:25.447 [info] Added views:dockerContainers,dockerImages,dockerRegistries,dockerNetworks,dockerVolumes,vscode-docker.views.dockerContexts,vscode-docker.views.help in workbench.view.extension.dockerView
2023-10-09 10:52:26.342 [info] Added views:workbench.panel.repl.view in workbench.panel.repl
2023-10-09 10:52:26.891 [info] Added views:workbench.view.testing in workbench.view.extension.test
2023-10-09 10:52:28.909 [info] Added views:gitlens.views.graph,gitlens.views.graphDetails in workbench.view.extension.gitlensPanel
2023-10-09 10:52:28.915 [info] Added views:gitlens.views.timeline in workbench.view.extension.gitlensInspect
2023-10-09 10:52:28.937 [info] Added views:gitlens.views.worktrees in workbench.view.scm
2023-10-09 10:52:29.534 [info] Added views:~remote.forwardedPorts in ~remote.forwardedPortsContainer
2023-10-09 10:52:29.682 [info] Added views:workbench.views.extensions.installed,extensions.recommendedList in workbench.view.extensions
2023-10-09 10:52:56.655 [info] Removed views:workbench.view.testing from workbench.view.extension.test
2023-10-09 10:52:57.512 [info] Added views:workbench.panel.markers.view in workbench.panel.markers
2023-10-09 10:52:57.512 [info] Added views:workbench.panel.output in workbench.panel.output
2023-10-09 10:52:57.512 [info] Added views:terminal in terminal
2023-10-09 10:52:57.512 [info] Added views:outline in workbench.view.explorer
2023-10-09 10:52:57.512 [info] Added views:workbench.scm in workbench.view.scm
2023-10-09 10:52:57.512 [info] Added views:workbench.view.search in workbench.view.search
2023-10-09 10:52:57.512 [info] Added views:timeline in workbench.view.explorer
2023-10-09 10:52:57.512 [info] Added views:workbench.explorer.fileView in workbench.view.explorer
2023-10-09 10:52:57.840 [info] Added views:workbench.debug.welcome in workbench.view.debug
2023-10-09 10:52:58.401 [info] Added views:gitlens.views.home,gitlens.views.workspaces,gitlens.views.account in workbench.view.extension.gitlens
2023-10-09 10:52:58.403 [info] Added views:gitlens.views.commitDetails,gitlens.views.lineHistory,gitlens.views.fileHistory,gitlens.views.searchAndCompare in workbench.view.extension.gitlensInspect
2023-10-09 10:52:58.417 [info] Added views:gitlens.views.commits,gitlens.views.branches,gitlens.views.remotes,gitlens.views.stashes,gitlens.views.tags in workbench.view.scm
2023-10-09 10:52:58.420 [info] Added views:dockerContainers,dockerImages,dockerRegistries,dockerNetworks,dockerVolumes,vscode-docker.views.dockerContexts,vscode-docker.views.help in workbench.view.extension.dockerView
2023-10-09 10:52:59.489 [info] Added views:workbench.panel.repl.view in workbench.panel.repl
2023-10-09 10:53:00.057 [info] Added views:~remote.forwardedPorts in ~remote.forwardedPortsContainer
2023-10-09 10:53:01.048 [info] Added views:workbench.views.extensions.installed,extensions.recommendedList in workbench.view.extensions
2023-10-09 10:53:01.802 [info] Added views:gitlens.views.graph,gitlens.views.graphDetails in workbench.view.extension.gitlensPanel
2023-10-09 10:53:01.802 [info] Added views:gitlens.views.timeline in workbench.view.extension.gitlensInspect
2023-10-09 10:53:01.802 [info] Added views:gitlens.views.worktrees in workbench.view.scm
2023-10-09 10:53:50.017 [info] Removed views:extensions.recommendedList,workbench.views.extensions.installed from workbench.view.extensions
2023-10-09 10:53:50.044 [info] Added views:workbench.views.extensions.marketplace in workbench.view.extensions
2023-10-09 10:57:26.858 [info] Removed views:workbench.views.extensions.marketplace from workbench.view.extensions
2023-10-09 10:57:26.902 [info] Added views:workbench.views.extensions.installed,extensions.recommendedList in workbench.view.extensions
2023-10-09 10:57:29.251 [info] Removed views:extensions.recommendedList,workbench.views.extensions.installed from workbench.view.extensions
2023-10-09 10:57:29.287 [info] Added views:workbench.views.extensions.marketplace in workbench.view.extensions
2023-10-09 10:57:32.532 [info] Removed views:workbench.views.extensions.marketplace from workbench.view.extensions
2023-10-09 10:57:32.689 [info] Added views:workbench.views.extensions.installed,extensions.recommendedList in workbench.view.extensions
2023-10-09 10:57:54.987 [info] Removed views:extensions.recommendedList,workbench.views.extensions.installed from workbench.view.extensions
2023-10-09 10:57:55.007 [info] Added views:workbench.views.extensions.marketplace in workbench.view.extensions
2023-10-09 10:58:10.245 [info] Added views:workbench.view.testing in workbench.view.extension.test
2023-10-09 10:58:57.335 [info] Removed views:workbench.view.testing from workbench.view.extension.test
2023-10-09 10:58:59.580 [info] Added views:workbench.panel.markers.view in workbench.panel.markers
2023-10-09 10:58:59.580 [info] Added views:workbench.panel.output in workbench.panel.output
2023-10-09 10:58:59.580 [info] Added views:terminal in terminal
2023-10-09 10:58:59.580 [info] Added views:outline in workbench.view.explorer
2023-10-09 10:58:59.580 [info] Added views:workbench.scm in workbench.view.scm
2023-10-09 10:58:59.580 [info] Added views:workbench.view.search in workbench.view.search
2023-10-09 10:58:59.580 [info] Added views:timeline in workbench.view.explorer
2023-10-09 10:58:59.580 [info] Added views:workbench.explorer.fileView in workbench.view.explorer
2023-10-09 10:59:00.029 [info] Added views:workbench.debug.welcome in workbench.view.debug
2023-10-09 10:59:00.552 [info] Added views:gitlens.views.home,gitlens.views.workspaces,gitlens.views.account in workbench.view.extension.gitlens
2023-10-09 10:59:00.555 [info] Added views:gitlens.views.commitDetails,gitlens.views.lineHistory,gitlens.views.fileHistory,gitlens.views.searchAndCompare in workbench.view.extension.gitlensInspect
2023-10-09 10:59:00.557 [info] Added views:gitlens.views.commits,gitlens.views.branches,gitlens.views.remotes,gitlens.views.stashes,gitlens.views.tags in workbench.view.scm
2023-10-09 10:59:00.560 [info] Added views:dockerContainers,dockerImages,dockerRegistries,dockerNetworks,dockerVolumes,vscode-docker.views.dockerContexts,vscode-docker.views.help in workbench.view.extension.dockerView
2023-10-09 10:59:01.459 [info] Added views:workbench.panel.repl.view in workbench.panel.repl
2023-10-09 10:59:02.058 [info] Added views:~remote.forwardedPorts in ~remote.forwardedPortsContainer
2023-10-09 10:59:02.436 [info] Added views:workbench.views.extensions.installed,extensions.recommendedList in workbench.view.extensions
2023-10-09 10:59:02.617 [info] Added views:workbench.view.testing in workbench.view.extension.test
2023-10-09 10:59:06.081 [info] Added views:gitlens.views.graph,gitlens.views.graphDetails in workbench.view.extension.gitlensPanel
2023-10-09 10:59:06.090 [info] Added views:gitlens.views.timeline in workbench.view.extension.gitlensInspect
2023-10-09 10:59:06.110 [info] Added views:gitlens.views.worktrees in workbench.view.scm
2023-10-17 21:54:15.813 [info] Showing view workbench.explorer.openEditorsView in the container workbench.view.explorer
2023-10-17 21:54:15.962 [info] Added views:workbench.explorer.openEditorsView in workbench.view.explorer
2023-10-18 21:40:44.332 [info] Removed views:workbench.view.testing from workbench.view.extension.test
2023-10-18 21:41:13.276 [info] Added views:workbench.panel.markers.view in workbench.panel.markers
2023-10-18 21:41:13.277 [info] Added views:workbench.panel.output in workbench.panel.output
2023-10-18 21:41:13.277 [info] Added views:terminal in terminal
2023-10-18 21:41:13.277 [info] Added views:outline in workbench.view.explorer
2023-10-18 21:41:13.277 [info] Added views:workbench.scm in workbench.view.scm
2023-10-18 21:41:13.277 [info] Added views:workbench.view.search in workbench.view.search
2023-10-18 21:41:13.277 [info] Added views:timeline in workbench.view.explorer
2023-10-18 21:41:13.277 [info] Added views:workbench.explorer.openEditorsView,workbench.explorer.fileView in workbench.view.explorer
