[INFO 10:59:02.215] autoDocstring was activated
[INFO 10:11:18.260] Generating Docstring at line: 1
[INFO 10:11:18.288] Docstring generated:
    """${1:_summary_}

    Args:
        unprinted_designs (${2:_type_}): ${3:_description_}
        completed_models (${4:_type_}): ${5:_description_}
    """
[INFO 10:11:18.288] Inserting at position: 1 0
[INFO 10:11:18.296] Successfully inserted docstring
[INFO 10:23:44.935] Generating Docstring at line: 0
[INFO 10:23:44.943] Docstring generated:
    """${1:_summary_}
    """
[INFO 10:23:44.944] Inserting at position: 0 0
[INFO 10:23:45.011] Successfully inserted docstring
[INFO 10:26:50.329] Generating Docstring at line: 1
[INFO 10:26:50.333] Docstring generated:
    """${1:_summary_}
    """
[INFO 10:26:50.334] Inserting at position: 1 0
[INFO 10:26:50.404] Successfully inserted docstring
[INFO 10:58:39.443] Generating Docstring at line: 7
[INFO 10:58:39.563] Docstring generated:
    """${1:_summary_}
    """
[INFO 10:58:39.563] Inserting at position: 7 0
[INFO 10:58:39.586] Successfully inserted docstring
[INFO 11:11:48.343] Generating Docstring at line: 0
[INFO 11:11:48.349] Docstring generated:
    """${1:_summary_}
    """
[INFO 11:11:48.349] Inserting at position: 0 0
[INFO 11:11:48.410] Successfully inserted docstring
