2023-10-19 11:34:08.364 [error] Extension 'ms-python.python CANNOT USE these API proposals 'contribEditorContentMenu, quickPickSortByLabel, testObserver, quickPickItemTooltip, saveEditor'. You MUST start in extension development mode or use the --enable-proposed-api command line flag
2023-10-19 11:34:08.643 [error] [ms-python.python]: editor/content is a proposed menu identifier. It requires 'package.json#enabledApiProposals: ["contribEditorContentMenu"]' and is only available when running out of dev or with the following command line switch: --enable-proposed-api ms-python.python
2023-10-19 11:34:13.035 [error] [Extension Host] Sending request failed.
2023-10-19 11:34:13.453 [error] [Extension Host] Sending request failed.
2023-10-19 11:34:15.641 [info] [perf] Render performance baseline is 68ms
2023-10-19 11:36:43.713 [error] Extension 'ms-python.python CANNOT USE these API proposals 'contribEditorContentMenu, quickPickSortByLabel, testObserver, quickPickItemTooltip, saveEditor'. You MUST start in extension development mode or use the --enable-proposed-api command line flag
2023-10-19 11:36:43.918 [error] [ms-python.python]: editor/content is a proposed menu identifier. It requires 'package.json#enabledApiProposals: ["contribEditorContentMenu"]' and is only available when running out of dev or with the following command line switch: --enable-proposed-api ms-python.python
2023-10-19 11:36:47.368 [info] [perf] Render performance baseline is 101ms
2023-10-19 11:36:53.792 [error] [ms-python.python]: editor/content is a proposed menu identifier. It requires 'package.json#enabledApiProposals: ["contribEditorContentMenu"]' and is only available when running out of dev or with the following command line switch: --enable-proposed-api ms-python.python
2023-10-19 11:38:12.874 [error] Extension 'ms-python.python CANNOT USE these API proposals 'contribEditorContentMenu, quickPickSortByLabel, testObserver, quickPickItemTooltip, saveEditor'. You MUST start in extension development mode or use the --enable-proposed-api command line flag
2023-10-19 11:38:19.007 [info] [perf] Render performance baseline is 101ms
2023-10-19 11:40:03.748 [error] Extension 'ms-python.python CANNOT USE these API proposals 'contribEditorContentMenu, quickPickSortByLabel, testObserver, quickPickItemTooltip, saveEditor'. You MUST start in extension development mode or use the --enable-proposed-api command line flag
2023-10-19 11:40:03.818 [error] [ms-python.python]: editor/content is a proposed menu identifier. It requires 'package.json#enabledApiProposals: ["contribEditorContentMenu"]' and is only available when running out of dev or with the following command line switch: --enable-proposed-api ms-python.python
2023-10-19 11:40:49.231 [error] Extension 'ms-python.python' wants API proposal 'envShellEvent' but that proposal DOES NOT EXIST. Likely, the proposal has been finalized (check 'vscode.d.ts') or was abandoned.
2023-10-19 11:40:49.244 [error] Extension 'ms-python.python CANNOT USE these API proposals 'contribEditorContentMenu, quickPickSortByLabel, testObserver, quickPickItemTooltip, saveEditor'. You MUST start in extension development mode or use the --enable-proposed-api command line flag
2023-10-19 11:40:49.429 [error] [ms-python.python]: editor/content is a proposed menu identifier. It requires 'package.json#enabledApiProposals: ["contribEditorContentMenu"]' and is only available when running out of dev or with the following command line switch: --enable-proposed-api ms-python.python
2023-10-19 11:40:54.716 [info] [perf] Render performance baseline is 169ms
2023-10-19 11:42:03.660 [error] Extension 'ms-python.python' wants API proposal 'envShellEvent' but that proposal DOES NOT EXIST. Likely, the proposal has been finalized (check 'vscode.d.ts') or was abandoned.
2023-10-19 11:42:03.661 [error] Extension 'ms-python.python CANNOT USE these API proposals 'contribEditorContentMenu, quickPickSortByLabel, testObserver, quickPickItemTooltip, saveEditor'. You MUST start in extension development mode or use the --enable-proposed-api command line flag
2023-10-19 11:42:03.870 [error] [ms-python.python]: editor/content is a proposed menu identifier. It requires 'package.json#enabledApiProposals: ["contribEditorContentMenu"]' and is only available when running out of dev or with the following command line switch: --enable-proposed-api ms-python.python
2023-10-19 11:42:09.092 [info] [perf] Render performance baseline is 88ms
2023-10-19 11:42:11.281 [error] [ms-python.python]: editor/content is a proposed menu identifier. It requires 'package.json#enabledApiProposals: ["contribEditorContentMenu"]' and is only available when running out of dev or with the following command line switch: --enable-proposed-api ms-python.python
