2023-10-19 11:34:07.712 [info] Added views:workbench.panel.markers.view in workbench.panel.markers
2023-10-19 11:34:07.712 [info] Added views:workbench.panel.output in workbench.panel.output
2023-10-19 11:34:07.712 [info] Added views:terminal in terminal
2023-10-19 11:34:07.712 [info] Added views:outline in workbench.view.explorer
2023-10-19 11:34:07.712 [info] Added views:workbench.scm in workbench.view.scm
2023-10-19 11:34:07.712 [info] Added views:workbench.view.search in workbench.view.search
2023-10-19 11:34:07.712 [info] Added views:timeline in workbench.view.explorer
2023-10-19 11:34:07.712 [info] Added views:workbench.explorer.openEditorsView,workbench.explorer.emptyView in workbench.view.explorer
2023-10-19 11:34:08.183 [info] Added views:workbench.debug.welcome in workbench.view.debug
2023-10-19 11:34:08.841 [info] Added views:gitlens.views.home,gitlens.views.workspaces,gitlens.views.account in workbench.view.extension.gitlens
2023-10-19 11:34:08.843 [info] Added views:gitlens.views.commitDetails,gitlens.views.lineHistory,gitlens.views.fileHistory,gitlens.views.searchAndCompare in workbench.view.extension.gitlensInspect
2023-10-19 11:34:08.845 [info] Added views:gitlens.views.commits,gitlens.views.branches,gitlens.views.remotes,gitlens.views.stashes,gitlens.views.tags in workbench.view.scm
2023-10-19 11:34:08.847 [info] Added views:dockerContainers,dockerImages,dockerRegistries,dockerNetworks,dockerVolumes,vscode-docker.views.dockerContexts,vscode-docker.views.help in workbench.view.extension.dockerView
2023-10-19 11:34:10.081 [info] Added views:workbench.panel.repl.view in workbench.panel.repl
2023-10-19 11:34:11.036 [info] Added views:workbench.view.testing in workbench.view.extension.test
2023-10-19 11:34:13.062 [info] Removed views:gitlens.views.searchAndCompare,gitlens.views.fileHistory,gitlens.views.lineHistory,gitlens.views.commitDetails from workbench.view.extension.gitlensInspect
2023-10-19 11:34:13.064 [info] Removed views:gitlens.views.tags,gitlens.views.stashes,gitlens.views.remotes,gitlens.views.branches,gitlens.views.commits from workbench.view.scm
2023-10-19 11:34:13.979 [info] Added views:~remote.forwardedPorts in ~remote.forwardedPortsContainer
2023-10-19 11:34:18.535 [info] Added views:workbench.views.extensions.installed,workbench.views.extensions.popular,extensions.recommendedList in workbench.view.extensions
2023-10-19 11:34:18.540 [info] Removed views:workbench.views.extensions.popular from workbench.view.extensions
2023-10-19 11:36:40.826 [info] Removed views:workbench.view.testing from workbench.view.extension.test
2023-10-19 11:36:42.982 [info] Added views:workbench.panel.markers.view in workbench.panel.markers
2023-10-19 11:36:42.982 [info] Added views:workbench.panel.output in workbench.panel.output
2023-10-19 11:36:42.982 [info] Added views:terminal in terminal
2023-10-19 11:36:42.982 [info] Added views:outline in workbench.view.explorer
2023-10-19 11:36:42.982 [info] Added views:workbench.scm in workbench.view.scm
2023-10-19 11:36:42.982 [info] Added views:workbench.view.search in workbench.view.search
2023-10-19 11:36:42.982 [info] Added views:timeline in workbench.view.explorer
2023-10-19 11:36:42.982 [info] Added views:workbench.explorer.openEditorsView,workbench.explorer.fileView in workbench.view.explorer
2023-10-19 11:36:44.067 [info] Added views:gitlens.views.home,gitlens.views.workspaces,gitlens.views.account in workbench.view.extension.gitlens
2023-10-19 11:36:44.069 [info] Added views:gitlens.views.commitDetails,gitlens.views.lineHistory,gitlens.views.fileHistory,gitlens.views.searchAndCompare in workbench.view.extension.gitlensInspect
2023-10-19 11:36:44.071 [info] Added views:gitlens.views.commits,gitlens.views.branches,gitlens.views.remotes,gitlens.views.stashes,gitlens.views.tags in workbench.view.scm
2023-10-19 11:36:44.076 [info] Added views:dockerContainers,dockerImages,dockerRegistries,dockerNetworks,dockerVolumes,vscode-docker.views.dockerContexts,vscode-docker.views.help in workbench.view.extension.dockerView
2023-10-19 11:36:44.650 [info] Added views:workbench.debug.variablesView,workbench.debug.watchExpressionsView,workbench.debug.callStackView,workbench.debug.breakPointsView in workbench.view.debug
2023-10-19 11:36:44.866 [info] Added views:workbench.panel.repl.view in workbench.panel.repl
2023-10-19 11:36:44.868 [info] Removed views:workbench.debug.breakPointsView,workbench.debug.callStackView,workbench.debug.watchExpressionsView,workbench.debug.variablesView from workbench.view.debug
2023-10-19 11:36:44.869 [info] Added views:workbench.debug.welcome in workbench.view.debug
2023-10-19 11:36:45.180 [info] Removed views:gitlens.views.workspaces from workbench.view.extension.gitlens
2023-10-19 11:36:45.188 [info] Removed views:gitlens.views.searchAndCompare,gitlens.views.fileHistory,gitlens.views.lineHistory,gitlens.views.commitDetails from workbench.view.extension.gitlensInspect
2023-10-19 11:36:45.191 [info] Removed views:gitlens.views.tags,gitlens.views.stashes,gitlens.views.remotes,gitlens.views.branches,gitlens.views.commits from workbench.view.scm
2023-10-19 11:36:45.665 [info] Added views:~remote.forwardedPorts in ~remote.forwardedPortsContainer
2023-10-19 11:36:53.626 [info] Added views:gitlens.views.workspaces in workbench.view.extension.gitlens
2023-10-19 11:37:07.582 [info] Added views:workbench.view.testing in workbench.view.extension.test
2023-10-19 11:37:10.137 [info] Added views:workbench.views.extensions.installed,workbench.views.extensions.popular,extensions.recommendedList in workbench.view.extensions
2023-10-19 11:37:10.160 [info] Removed views:workbench.views.extensions.popular from workbench.view.extensions
2023-10-19 11:38:10.136 [info] Removed views:workbench.view.testing from workbench.view.extension.test
2023-10-19 11:38:12.320 [info] Added views:workbench.panel.markers.view in workbench.panel.markers
2023-10-19 11:38:12.321 [info] Added views:workbench.panel.output in workbench.panel.output
2023-10-19 11:38:12.321 [info] Added views:terminal in terminal
2023-10-19 11:38:12.321 [info] Added views:outline in workbench.view.explorer
2023-10-19 11:38:12.321 [info] Added views:workbench.scm in workbench.view.scm
2023-10-19 11:38:12.321 [info] Added views:workbench.view.search in workbench.view.search
2023-10-19 11:38:12.321 [info] Added views:timeline in workbench.view.explorer
2023-10-19 11:38:12.321 [info] Added views:workbench.explorer.openEditorsView,workbench.explorer.fileView in workbench.view.explorer
2023-10-19 11:38:12.651 [info] Added views:workbench.debug.welcome in workbench.view.debug
2023-10-19 11:38:13.294 [info] Added views:gitlens.views.home,gitlens.views.workspaces,gitlens.views.account in workbench.view.extension.gitlens
2023-10-19 11:38:13.295 [info] Added views:gitlens.views.commitDetails,gitlens.views.lineHistory,gitlens.views.fileHistory,gitlens.views.searchAndCompare in workbench.view.extension.gitlensInspect
2023-10-19 11:38:13.297 [info] Added views:gitlens.views.commits,gitlens.views.branches,gitlens.views.remotes,gitlens.views.stashes,gitlens.views.tags in workbench.view.scm
2023-10-19 11:38:13.298 [info] Added views:dockerContainers,dockerImages,dockerRegistries,dockerNetworks,dockerVolumes,vscode-docker.views.dockerContexts,vscode-docker.views.help in workbench.view.extension.dockerView
2023-10-19 11:38:14.390 [info] Added views:workbench.panel.repl.view in workbench.panel.repl
2023-10-19 11:38:15.743 [info] Removed views:gitlens.views.searchAndCompare,gitlens.views.fileHistory,gitlens.views.lineHistory,gitlens.views.commitDetails from workbench.view.extension.gitlensInspect
2023-10-19 11:38:15.751 [info] Removed views:gitlens.views.tags,gitlens.views.stashes,gitlens.views.remotes,gitlens.views.branches,gitlens.views.commits from workbench.view.scm
2023-10-19 11:38:17.046 [info] Added views:~remote.forwardedPorts in ~remote.forwardedPortsContainer
2023-10-19 11:38:17.216 [info] Added views:workbench.views.extensions.installed,extensions.recommendedList in workbench.view.extensions
2023-10-19 11:40:04.325 [info] Added views:workbench.view.testing in workbench.view.extension.test
2023-10-19 11:40:45.651 [info] Removed views:workbench.view.testing from workbench.view.extension.test
2023-10-19 11:40:47.815 [info] Added views:workbench.panel.markers.view in workbench.panel.markers
2023-10-19 11:40:47.815 [info] Added views:workbench.panel.output in workbench.panel.output
2023-10-19 11:40:47.815 [info] Added views:terminal in terminal
2023-10-19 11:40:47.815 [info] Added views:outline in workbench.view.explorer
2023-10-19 11:40:47.815 [info] Added views:workbench.scm in workbench.view.scm
2023-10-19 11:40:47.815 [info] Added views:workbench.view.search in workbench.view.search
2023-10-19 11:40:47.815 [info] Added views:timeline in workbench.view.explorer
2023-10-19 11:40:47.815 [info] Added views:workbench.explorer.openEditorsView,workbench.explorer.fileView in workbench.view.explorer
2023-10-19 11:40:48.187 [info] Added views:workbench.debug.welcome in workbench.view.debug
2023-10-19 11:40:49.558 [info] Added views:gitlens.views.home,gitlens.views.workspaces,gitlens.views.account in workbench.view.extension.gitlens
2023-10-19 11:40:49.559 [info] Added views:gitlens.views.commitDetails,gitlens.views.lineHistory,gitlens.views.fileHistory,gitlens.views.searchAndCompare in workbench.view.extension.gitlensInspect
2023-10-19 11:40:49.560 [info] Added views:gitlens.views.commits,gitlens.views.branches,gitlens.views.remotes,gitlens.views.stashes,gitlens.views.tags in workbench.view.scm
2023-10-19 11:40:49.562 [info] Added views:dockerContainers,dockerImages,dockerRegistries,dockerNetworks,dockerVolumes,vscode-docker.views.dockerContexts,vscode-docker.views.help in workbench.view.extension.dockerView
2023-10-19 11:40:50.437 [info] Added views:workbench.panel.repl.view in workbench.panel.repl
2023-10-19 11:40:50.994 [info] Added views:~remote.forwardedPorts in ~remote.forwardedPortsContainer
2023-10-19 11:40:51.917 [info] Added views:workbench.view.testing in workbench.view.extension.test
2023-10-19 11:40:53.449 [info] Removed views:gitlens.views.searchAndCompare,gitlens.views.fileHistory,gitlens.views.lineHistory,gitlens.views.commitDetails from workbench.view.extension.gitlensInspect
2023-10-19 11:40:53.453 [info] Removed views:gitlens.views.tags,gitlens.views.stashes,gitlens.views.remotes,gitlens.views.branches,gitlens.views.commits from workbench.view.scm
2023-10-19 11:40:54.217 [info] Added views:workbench.views.extensions.installed,extensions.recommendedList in workbench.view.extensions
2023-10-19 11:42:00.926 [info] Removed views:workbench.view.testing from workbench.view.extension.test
2023-10-19 11:42:03.075 [info] Added views:workbench.panel.markers.view in workbench.panel.markers
2023-10-19 11:42:03.075 [info] Added views:workbench.panel.output in workbench.panel.output
2023-10-19 11:42:03.075 [info] Added views:terminal in terminal
2023-10-19 11:42:03.075 [info] Added views:outline in workbench.view.explorer
2023-10-19 11:42:03.075 [info] Added views:workbench.scm in workbench.view.scm
2023-10-19 11:42:03.076 [info] Added views:workbench.view.search in workbench.view.search
2023-10-19 11:42:03.076 [info] Added views:timeline in workbench.view.explorer
2023-10-19 11:42:03.076 [info] Added views:workbench.explorer.openEditorsView,workbench.explorer.fileView in workbench.view.explorer
2023-10-19 11:42:03.954 [info] Added views:gitlens.views.home,gitlens.views.workspaces,gitlens.views.account in workbench.view.extension.gitlens
2023-10-19 11:42:03.954 [info] Added views:gitlens.views.commitDetails,gitlens.views.lineHistory,gitlens.views.fileHistory,gitlens.views.searchAndCompare in workbench.view.extension.gitlensInspect
2023-10-19 11:42:03.956 [info] Added views:gitlens.views.commits,gitlens.views.branches,gitlens.views.remotes,gitlens.views.stashes,gitlens.views.tags in workbench.view.scm
2023-10-19 11:42:03.957 [info] Added views:dockerContainers,dockerImages,dockerRegistries,dockerNetworks,dockerVolumes,vscode-docker.views.dockerContexts,vscode-docker.views.help in workbench.view.extension.dockerView
2023-10-19 11:42:04.584 [info] Added views:workbench.debug.variablesView,workbench.debug.watchExpressionsView,workbench.debug.callStackView,workbench.debug.breakPointsView in workbench.view.debug
2023-10-19 11:42:04.645 [info] Added views:workbench.panel.repl.view in workbench.panel.repl
2023-10-19 11:42:04.656 [info] Removed views:workbench.debug.breakPointsView,workbench.debug.callStackView,workbench.debug.watchExpressionsView,workbench.debug.variablesView from workbench.view.debug
2023-10-19 11:42:04.656 [info] Added views:workbench.debug.welcome in workbench.view.debug
2023-10-19 11:42:05.216 [info] Removed views:gitlens.views.workspaces from workbench.view.extension.gitlens
2023-10-19 11:42:05.236 [info] Removed views:gitlens.views.searchAndCompare,gitlens.views.fileHistory,gitlens.views.lineHistory,gitlens.views.commitDetails from workbench.view.extension.gitlensInspect
2023-10-19 11:42:05.238 [info] Removed views:gitlens.views.tags,gitlens.views.stashes,gitlens.views.remotes,gitlens.views.branches,gitlens.views.commits from workbench.view.scm
2023-10-19 11:42:06.304 [info] Added views:workbench.view.testing in workbench.view.extension.test
2023-10-19 11:42:07.454 [info] Added views:~remote.forwardedPorts in ~remote.forwardedPortsContainer
2023-10-19 11:42:10.955 [info] Added views:gitlens.views.workspaces in workbench.view.extension.gitlens
2023-10-19 11:42:10.956 [info] Removed views:workbench.view.testing from workbench.view.extension.test
2023-10-19 11:42:11.035 [info] Added views:workbench.view.testing in workbench.view.extension.test
2023-10-19 12:23:58.969 [info] Removed views:workbench.view.testing from workbench.view.extension.test
