2023-01-17 15:28:29.273 [error] Error: Archivo no encontrado
    at p.Yb (vscode-file://vscode-app/usr/lib/code/out/vs/workbench/workbench.desktop.main.js:2467:87765)
    at async p.setInput (vscode-file://vscode-app/usr/lib/code/out/vs/workbench/workbench.desktop.main.js:2467:87103)
    at async n.H (vscode-file://vscode-app/usr/lib/code/out/vs/workbench/workbench.desktop.main.js:2465:5097)
    at async n.y (vscode-file://vscode-app/usr/lib/code/out/vs/workbench/workbench.desktop.main.js:2465:3926)
    at async n.openEditor (vscode-file://vscode-app/usr/lib/code/out/vs/workbench/workbench.desktop.main.js:2465:3041)
    at async vscode-file://vscode-app/usr/lib/code/out/vs/workbench/workbench.desktop.main.js:2676:13468
2023-01-17 15:28:29.669 [info] Started initializing default profile extensions in extensions installation folder. file:///home/dodecaneser/.vscode-oss/extensions
2023-01-17 15:28:30.147 [info] Completed initializing default profile extensions in extensions installation folder. file:///home/dodecaneser/.vscode-oss/extensions
2023-01-17 15:28:31.228 [error] Extension 'ms-python.python CANNOT USE these API proposals 'quickPickSortByLabel, testObserver'. You MUST start in extension development mode or use the --enable-proposed-api command line flag
2023-01-17 15:28:31.231 [error] Extension 'ms-toolsai.jupyter CANNOT USE these API proposals 'notebookControllerKind, notebookDeprecated, notebookMessaging, notebookMime, notebookCellExecutionState, portsAttributes, quickPickSortByLabel, notebookKernelSource, interactiveWindow, notebookControllerAffinityHidden'. You MUST start in extension development mode or use the --enable-proposed-api command line flag
2023-01-17 15:28:34.630 [info] [perf] Render performance baseline is 115ms
2023-01-17 15:28:55.485 [error] Extension 'ms-python.python CANNOT USE these API proposals 'quickPickSortByLabel, testObserver, telemetryLogger'. You MUST start in extension development mode or use the --enable-proposed-api command line flag
2023-01-17 15:28:55.487 [error] Extension 'ms-toolsai.jupyter CANNOT USE these API proposals 'notebookControllerKind, notebookDeprecated, notebookMessaging, notebookMime, notebookCellExecutionState, portsAttributes, quickPickSortByLabel, notebookKernelSource, interactiveWindow, notebookControllerAffinityHidden'. You MUST start in extension development mode or use the --enable-proposed-api command line flag
2023-01-17 15:28:55.489 [error] Extension 'ms-toolsai.jupyter-renderers CANNOT USE these API proposals 'contribNotebookStaticPreloads'. You MUST start in extension development mode or use the --enable-proposed-api command line flag
2023-01-17 15:29:01.677 [info] [perf] Render performance baseline is 104ms
2023-01-22 22:54:38.070 [info] [perf] Render performance baseline is 78ms
2023-01-22 22:55:21.328 [error] Extension 'ms-python.python CANNOT USE these API proposals 'quickPickSortByLabel, testObserver, telemetryLogger'. You MUST start in extension development mode or use the --enable-proposed-api command line flag
2023-01-22 22:55:21.329 [error] Extension 'ms-toolsai.jupyter CANNOT USE these API proposals 'notebookControllerKind, notebookDeprecated, notebookMessaging, notebookMime, notebookCellExecutionState, portsAttributes, quickPickSortByLabel, notebookKernelSource, interactiveWindow, notebookControllerAffinityHidden'. You MUST start in extension development mode or use the --enable-proposed-api command line flag
2023-01-22 22:55:21.329 [error] Extension 'ms-toolsai.jupyter-renderers CANNOT USE these API proposals 'contribNotebookStaticPreloads'. You MUST start in extension development mode or use the --enable-proposed-api command line flag
2023-01-22 22:55:21.455 [error] [ms-toolsai.jupyter]: notebook/kernelSource is a proposed menu identifier. It requires 'package.json#enabledApiProposals: ["notebookKernelSource"]' and is only available when running out of dev or with the following command line switch: --enable-proposed-api ms-toolsai.jupyter
2023-01-22 22:56:48.436 [error] [ms-toolsai.jupyter]: notebook/kernelSource is a proposed menu identifier. It requires 'package.json#enabledApiProposals: ["notebookKernelSource"]' and is only available when running out of dev or with the following command line switch: --enable-proposed-api ms-toolsai.jupyter
2023-01-22 22:58:16.949 [error] [ms-toolsai.jupyter]: notebook/kernelSource is a proposed menu identifier. It requires 'package.json#enabledApiProposals: ["notebookKernelSource"]' and is only available when running out of dev or with the following command line switch: --enable-proposed-api ms-toolsai.jupyter
