2023-01-17 15:28:29.132 [info] Added views:workbench.panel.markers.view in workbench.panel.markers
2023-01-17 15:28:29.132 [info] Added views:workbench.panel.output in workbench.panel.output
2023-01-17 15:28:29.132 [info] Added views:terminal in terminal
2023-01-17 15:28:29.132 [info] Added views:outline in workbench.view.explorer
2023-01-17 15:28:29.132 [info] Added views:workbench.scm in workbench.view.scm
2023-01-17 15:28:29.132 [info] Added views:workbench.view.search in workbench.view.search
2023-01-17 15:28:29.132 [info] Added views:timeline in workbench.view.explorer
2023-01-17 15:28:29.132 [info] Added views:workbench.explorer.fileView in workbench.view.explorer
2023-01-17 15:28:29.401 [info] Added views:workbench.debug.welcome in workbench.view.debug
2023-01-17 15:28:31.828 [info] Added views:gitlens.views.home in workbench.view.extension.gitlens
2023-01-17 15:28:31.831 [info] Added views:gitlens.views.commits,gitlens.views.commitDetails,gitlens.views.fileHistory,gitlens.views.branches,gitlens.views.remotes,gitlens.views.stashes,gitlens.views.tags,gitlens.views.searchAndCompare in workbench.view.scm
2023-01-17 15:28:32.552 [info] Added views:workbench.panel.repl.view in workbench.panel.repl
2023-01-17 15:28:33.805 [info] Added views:workbench.view.testing in workbench.view.extension.test
2023-01-17 15:28:35.887 [info] Removed views:gitlens.views.searchAndCompare,gitlens.views.tags,gitlens.views.stashes,gitlens.views.remotes,gitlens.views.branches,gitlens.views.fileHistory,gitlens.views.commitDetails,gitlens.views.commits from workbench.view.scm
2023-01-17 15:28:46.848 [info] Added views:workbench.views.extensions.installed,workbench.views.extensions.popular,extensions.recommendedList in workbench.view.extensions
2023-01-17 15:28:46.855 [info] Removed views:workbench.views.extensions.popular from workbench.view.extensions
2023-01-17 15:28:50.989 [info] Removed views:workbench.view.testing from workbench.view.extension.test
2023-01-17 15:28:53.835 [info] Added views:workbench.panel.markers.view in workbench.panel.markers
2023-01-17 15:28:53.835 [info] Added views:workbench.panel.output in workbench.panel.output
2023-01-17 15:28:53.835 [info] Added views:terminal in terminal
2023-01-17 15:28:53.835 [info] Added views:outline in workbench.view.explorer
2023-01-17 15:28:53.835 [info] Added views:workbench.scm in workbench.view.scm
2023-01-17 15:28:53.835 [info] Added views:workbench.view.search in workbench.view.search
2023-01-17 15:28:53.835 [info] Added views:timeline in workbench.view.explorer
2023-01-17 15:28:53.835 [info] Added views:workbench.explorer.fileView in workbench.view.explorer
2023-01-17 15:28:53.835 [info] Added views:workbench.views.extensions.installed,extensions.recommendedList in workbench.view.extensions
2023-01-17 15:28:53.835 [info] Added views:workbench.debug.welcome in workbench.view.debug
2023-01-17 15:28:56.312 [info] Added views:gitlens.views.home in workbench.view.extension.gitlens
2023-01-17 15:28:56.317 [info] Added views:gitlens.views.commits,gitlens.views.commitDetails,gitlens.views.fileHistory,gitlens.views.branches,gitlens.views.remotes,gitlens.views.stashes,gitlens.views.tags,gitlens.views.searchAndCompare in workbench.view.scm
2023-01-17 15:28:58.310 [info] Added views:workbench.panel.repl.view in workbench.panel.repl
2023-01-17 15:29:02.962 [info] Removed views:gitlens.views.searchAndCompare,gitlens.views.tags,gitlens.views.stashes,gitlens.views.remotes,gitlens.views.branches,gitlens.views.fileHistory,gitlens.views.commitDetails,gitlens.views.commits from workbench.view.scm
2023-01-17 15:29:15.137 [info] Removed views:extensions.recommendedList,workbench.views.extensions.installed from workbench.view.extensions
2023-01-17 15:29:15.192 [info] Added views:workbench.views.extensions.marketplace in workbench.view.extensions
2023-01-17 15:32:27.398 [info] Removed views:workbench.views.extensions.marketplace from workbench.view.extensions
2023-01-17 15:32:27.424 [info] Added views:workbench.views.extensions.installed,extensions.recommendedList in workbench.view.extensions
2023-01-17 15:32:29.240 [info] Removed views:extensions.recommendedList,workbench.views.extensions.installed from workbench.view.extensions
2023-01-17 15:32:29.344 [info] Added views:workbench.views.extensions.marketplace in workbench.view.extensions
2023-01-17 18:00:32.840 [info] Removed views:workbench.views.extensions.marketplace from workbench.view.extensions
2023-01-17 18:00:32.878 [info] Added views:workbench.views.extensions.installed,extensions.recommendedList in workbench.view.extensions
2023-01-17 18:00:34.599 [info] Removed views:extensions.recommendedList,workbench.views.extensions.installed from workbench.view.extensions
2023-01-17 18:00:34.706 [info] Added views:workbench.views.extensions.marketplace in workbench.view.extensions
2023-01-22 22:54:03.263 [info] Removed views:workbench.views.extensions.marketplace from workbench.view.extensions
2023-01-22 22:54:03.381 [info] Added views:workbench.views.extensions.installed,extensions.recommendedList in workbench.view.extensions
2023-01-22 22:54:05.380 [info] Removed views:extensions.recommendedList,workbench.views.extensions.installed from workbench.view.extensions
2023-01-22 22:54:05.523 [info] Added views:workbench.views.extensions.marketplace in workbench.view.extensions
2023-01-22 22:54:30.526 [info] Added views:workbench.panel.markers.view in workbench.panel.markers
2023-01-22 22:54:30.526 [info] Added views:workbench.panel.output in workbench.panel.output
2023-01-22 22:54:30.526 [info] Added views:terminal in terminal
2023-01-22 22:54:30.526 [info] Added views:outline in workbench.view.explorer
2023-01-22 22:54:30.526 [info] Added views:workbench.scm in workbench.view.scm
2023-01-22 22:54:30.526 [info] Added views:workbench.view.search in workbench.view.search
2023-01-22 22:54:30.526 [info] Added views:timeline in workbench.view.explorer
2023-01-22 22:54:30.526 [info] Added views:workbench.explorer.fileView in workbench.view.explorer
2023-01-22 22:54:30.656 [info] Added views:workbench.debug.welcome in workbench.view.debug
2023-01-22 22:54:30.759 [info] Added views:workbench.views.extensions.installed,extensions.recommendedList in workbench.view.extensions
2023-01-22 22:54:34.250 [info] Added views:gitlens.views.home in workbench.view.extension.gitlens
2023-01-22 22:54:34.254 [info] Added views:gitlens.views.commits,gitlens.views.commitDetails,gitlens.views.fileHistory,gitlens.views.branches,gitlens.views.remotes,gitlens.views.stashes,gitlens.views.tags,gitlens.views.searchAndCompare in workbench.view.scm
2023-01-22 22:54:37.026 [info] Added views:workbench.panel.repl.view in workbench.panel.repl
2023-01-22 22:54:38.539 [info] Removed views:gitlens.views.searchAndCompare,gitlens.views.tags,gitlens.views.stashes,gitlens.views.remotes,gitlens.views.branches,gitlens.views.fileHistory,gitlens.views.commitDetails,gitlens.views.commits from workbench.view.scm
2023-01-22 22:54:59.910 [info] Removed views:extensions.recommendedList,workbench.views.extensions.installed from workbench.view.extensions
2023-01-22 22:54:59.997 [info] Added views:workbench.views.extensions.marketplace in workbench.view.extensions
2023-01-22 22:55:21.512 [info] Added views:jupyterViewVariables in workbench.view.extension.jupyter-variables
2023-01-22 22:55:21.515 [info] Added views:cell-tag in workbench.view.extension.jupyter
2023-01-22 22:56:34.640 [info] Removed views:workbench.views.extensions.marketplace from workbench.view.extensions
2023-01-22 22:56:34.699 [info] Added views:workbench.views.extensions.installed,extensions.recommendedList in workbench.view.extensions
2023-01-22 22:56:36.328 [info] Removed views:extensions.recommendedList,workbench.views.extensions.installed from workbench.view.extensions
2023-01-22 22:56:36.410 [info] Added views:workbench.views.extensions.marketplace in workbench.view.extensions
2023-01-22 22:56:48.495 [info] Added views:dockerContainers,dockerImages,dockerRegistries,dockerNetworks,dockerVolumes,vscode-docker.views.dockerContexts,vscode-docker.views.help in workbench.view.extension.dockerView
