2023-10-18 21:42:55.625 [info] Deleted uninstalled extension from disk ms-toolsai.jupyter-keymap /home/dodecaneser/.vscode-oss/extensions/ms-toolsai.jupyter-keymap-1.1.2-universal
2023-10-18 21:42:55.633 [info] Deleted uninstalled extension from disk ms-toolsai.jupyter-keymap /home/dodecaneser/.vscode-oss/extensions/ms-toolsai.jupyter-keymap-1.0.0-universal
2023-10-18 21:42:55.634 [info] Deleted uninstalled extension from disk ms-toolsai.vscode-jupyter-slideshow /home/dodecaneser/.vscode-oss/extensions/ms-toolsai.vscode-jupyter-slideshow-0.1.5-universal
2023-10-18 21:42:56.564 [info] Deleted uninstalled extension from disk esbenp.prettier-vscode /home/dodecaneser/.vscode-oss/extensions/esbenp.prettier-vscode-9.10.4-universal
2023-10-18 21:42:56.676 [info] Deleted uninstalled extension from disk ms-ceintl.vscode-language-pack-es /home/dodecaneser/.vscode-oss/extensions/ms-ceintl.vscode-language-pack-es-1.74.0-universal
2023-10-18 21:42:56.770 [info] Deleted uninstalled extension from disk ms-toolsai.jupyter-renderers /home/dodecaneser/.vscode-oss/extensions/ms-toolsai.jupyter-renderers-1.0.12-universal
2023-10-18 21:42:57.266 [info] Deleted uninstalled extension from disk eamodio.gitlens /home/dodecaneser/.vscode-oss/extensions/eamodio.gitlens-13.2.0-universal
2023-10-18 21:42:57.270 [info] Deleted uninstalled extension from disk eamodio.gitlens /home/dodecaneser/.vscode-oss/extensions/eamodio.gitlens-14.3.0-universal
2023-10-18 21:42:57.334 [info] Deleted uninstalled extension from disk ms-toolsai.vscode-jupyter-cell-tags /home/dodecaneser/.vscode-oss/extensions/ms-toolsai.vscode-jupyter-cell-tags-0.1.8-universal
2023-10-18 21:42:57.558 [error] [uncaught exception in sharedProcess]: Error: ENOENT: no such file or directory, stat '/home/dodecaneser/.vscode-oss/extensions/esbenp.prettier-vscode-9.10.4-universal.-5c7e7cb9.vsctmp': EntryNotFound (FileSystemError): Error: ENOENT: no such file or directory, stat '/home/dodecaneser/.vscode-oss/extensions/esbenp.prettier-vscode-9.10.4-universal.-5c7e7cb9.vsctmp'
    at s.create (/usr/lib/code/out/vs/code/node/sharedProcess/sharedProcessMain.js:51:30209)
    at i (/usr/lib/code/out/vs/code/node/sharedProcess/sharedProcessMain.js:51:30329)
    at t.fb (/usr/lib/code/out/vs/code/node/sharedProcess/sharedProcessMain.js:56:35755)
    at t.stat (/usr/lib/code/out/vs/code/node/sharedProcess/sharedProcessMain.js:56:28201)
    at async w.stat (/usr/lib/code/out/vs/code/node/sharedProcess/sharedProcessMain.js:56:15579)
    at async Q.tb (/usr/lib/code/out/vs/code/node/sharedProcess/sharedProcessMain.js:109:9514)
2023-10-18 21:42:57.725 [info] Deleted uninstalled extension from disk ms-toolsai.vscode-jupyter-cell-tags /home/dodecaneser/.vscode-oss/extensions/ms-toolsai.vscode-jupyter-cell-tags-0.1.6-universal
2023-10-18 21:42:58.202 [info] Deleted uninstalled extension from disk formulahendry.code-runner /home/dodecaneser/.vscode-oss/extensions/formulahendry.code-runner-0.12.0-universal
2023-10-18 21:42:58.268 [info] Deleted uninstalled extension from disk ms-azuretools.vscode-docker /home/dodecaneser/.vscode-oss/extensions/ms-azuretools.vscode-docker-1.26.1-universal
2023-10-18 21:42:58.269 [info] Deleted uninstalled extension from disk formulahendry.code-runner /home/dodecaneser/.vscode-oss/extensions/formulahendry.code-runner-0.12.1-universal
2023-10-18 21:42:58.291 [info] Deleted uninstalled extension from disk ms-toolsai.jupyter /home/dodecaneser/.vscode-oss/extensions/ms-toolsai.jupyter-2022.10.110-universal
2023-10-18 21:42:58.295 [info] Deleted uninstalled extension from disk ms-azuretools.vscode-docker /home/dodecaneser/.vscode-oss/extensions/ms-azuretools.vscode-docker-1.23.3-universal
2023-10-18 21:42:58.312 [info] Deleted uninstalled extension from disk ms-toolsai.jupyter /home/dodecaneser/.vscode-oss/extensions/ms-toolsai.jupyter-2023.7.100-universal
2023-10-18 21:42:58.321 [info] Deleted uninstalled extension from disk ms-toolsai.jupyter-renderers /home/dodecaneser/.vscode-oss/extensions/ms-toolsai.jupyter-renderers-1.0.17-universal
2023-10-18 21:42:59.407 [info] Deleted uninstalled extension from disk almenon.arepl /home/dodecaneser/.vscode-oss/extensions/almenon.arepl-2.0.4-universal
2023-10-18 21:42:59.424 [info] Deleted uninstalled extension from disk ms-python.isort /home/dodecaneser/.vscode-oss/extensions/ms-python.isort-2022.8.0-universal
2023-10-18 21:42:59.435 [info] Deleted uninstalled extension from disk ms-python.isort /home/dodecaneser/.vscode-oss/extensions/ms-python.isort-2023.10.1-universal
2023-10-18 21:43:00.353 [info] Deleted uninstalled extension from disk james-yu.latex-workshop /home/dodecaneser/.vscode-oss/extensions/james-yu.latex-workshop-9.5.0-universal
2023-10-18 21:43:00.941 [info] Deleted uninstalled extension from disk ms-python.python /home/dodecaneser/.vscode-oss/extensions/ms-python.python-2023.16.0-universal
2023-10-18 21:43:00.953 [info] Deleted uninstalled extension from disk ms-python.python /home/dodecaneser/.vscode-oss/extensions/ms-python.python-2022.20.2-universal
2023-10-18 21:43:04.115 [info] Getting Manifest... ms-ceintl.vscode-language-pack-es
2023-10-18 21:43:05.386 [info] Installing extension: ms-ceintl.vscode-language-pack-es
2023-10-18 21:43:16.247 [info] Extension signature verification is not done: ms-ceintl.vscode-language-pack-es
2023-10-18 21:43:17.782 [info] Extracted extension to file:///home/dodecaneser/.vscode-oss/extensions/ms-ceintl.vscode-language-pack-es-1.83.0-universal: ms-ceintl.vscode-language-pack-es
2023-10-18 21:43:17.799 [info] Renamed to /home/dodecaneser/.vscode-oss/extensions/ms-ceintl.vscode-language-pack-es-1.83.0-universal
2023-10-18 21:43:17.819 [info] Extracting extension completed. ms-ceintl.vscode-language-pack-es
2023-10-18 21:43:17.941 [info] Adding language packs from the extension ms-ceintl.vscode-language-pack-es
2023-10-18 21:43:18.065 [error] [uncaught exception in sharedProcess]: Error: ENOENT: no such file or directory, stat '/home/dodecaneser/.vscode-oss/extensions/extensions.json.vsctmp': EntryNotFound (FileSystemError): Error: ENOENT: no such file or directory, stat '/home/dodecaneser/.vscode-oss/extensions/extensions.json.vsctmp'
    at s.create (/usr/lib/code/out/vs/code/node/sharedProcess/sharedProcessMain.js:51:30209)
    at i (/usr/lib/code/out/vs/code/node/sharedProcess/sharedProcessMain.js:51:30329)
    at t.fb (/usr/lib/code/out/vs/code/node/sharedProcess/sharedProcessMain.js:56:35755)
    at t.stat (/usr/lib/code/out/vs/code/node/sharedProcess/sharedProcessMain.js:56:28201)
    at async w.stat (/usr/lib/code/out/vs/code/node/sharedProcess/sharedProcessMain.js:56:15579)
    at async Q.tb (/usr/lib/code/out/vs/code/node/sharedProcess/sharedProcessMain.js:109:9514)
2023-10-18 21:43:18.441 [info] Marked extension as uninstalled ms-ceintl.vscode-language-pack-es-1.82.0-universal
2023-10-18 21:43:18.694 [info] Extension installed successfully: ms-ceintl.vscode-language-pack-es
2023-10-18 21:43:23.136 [error] [uncaught exception in sharedProcess]: A system error occurred (ENOENT: no such file or directory, scandir '/home/dodecaneser/.config/Code - OSS/clp/b0ab6488d7b437fc1bb3fd31340d2a48.es'): Error: ENOENT: no such file or directory, scandir '/home/dodecaneser/.config/Code - OSS/clp/b0ab6488d7b437fc1bb3fd31340d2a48.es'
