LSP Notebooks experiment is disabled -- not using Pylance
[ERROR 2022-10-29 11:51:53.323]: [
  'Failed to activate a workspace, Class name = f, completed in 54ms, has a falsy return value, Arg 1: undefined, Return Value: undefined',
  [Error: Extension 'ms-python.python' CANNOT use API proposal: testObserver.
  Its package.json#enabledApiProposals-property declares:  but NOT testObserver.
   The missing proposal MUST be added and you must start in extension development mode or use the following command line switch: --enable-proposed-api ms-python.python
  	at f (/usr/lib/code/out/vs/workbench/api/node/extensionHostProcess.js:86:54344)
  	at get testResults [as testResults] (/usr/lib/code/out/vs/workbench/api/node/extensionHostProcess.js:111:35878)
  	at E.activate (/home/dodecaneser/.vscode-oss/extensions/ms-python.python-2022.10.1/out/client/extension.js:2:727613)
  	at /home/dodecaneser/.vscode-oss/extensions/ms-python.python-2022.10.1/out/client/extension.js:2:2212
  	at Array.map (<anonymous>)
  	at f.activateWorkspace (/home/dodecaneser/.vscode-oss/extensions/ms-python.python-2022.10.1/out/client/extension.js:2:2202)
  	at process.processTicksAndRejections (node:internal/process/task_queues:96:5)]
]
[ERROR 2022-10-29 11:51:53.341]: Failure during activation. [Error: Extension 'ms-python.python' CANNOT use API proposal: testObserver.
Its package.json#enabledApiProposals-property declares:  but NOT testObserver.
 The missing proposal MUST be added and you must start in extension development mode or use the following command line switch: --enable-proposed-api ms-python.python
	at f (/usr/lib/code/out/vs/workbench/api/node/extensionHostProcess.js:86:54344)
	at get testResults [as testResults] (/usr/lib/code/out/vs/workbench/api/node/extensionHostProcess.js:111:35878)
	at E.activate (/home/dodecaneser/.vscode-oss/extensions/ms-python.python-2022.10.1/out/client/extension.js:2:727613)
	at /home/dodecaneser/.vscode-oss/extensions/ms-python.python-2022.10.1/out/client/extension.js:2:2212
	at Array.map (<anonymous>)
	at f.activateWorkspace (/home/dodecaneser/.vscode-oss/extensions/ms-python.python-2022.10.1/out/client/extension.js:2:2202)
	at process.processTicksAndRejections (node:internal/process/task_queues:96:5)]
[ERROR 2022-10-29 11:51:53.341]: sendStartupTelemetry() failed. [Error: Extension 'ms-python.python' CANNOT use API proposal: testObserver.
Its package.json#enabledApiProposals-property declares:  but NOT testObserver.
 The missing proposal MUST be added and you must start in extension development mode or use the following command line switch: --enable-proposed-api ms-python.python
	at f (/usr/lib/code/out/vs/workbench/api/node/extensionHostProcess.js:86:54344)
	at get testResults [as testResults] (/usr/lib/code/out/vs/workbench/api/node/extensionHostProcess.js:111:35878)
	at E.activate (/home/dodecaneser/.vscode-oss/extensions/ms-python.python-2022.10.1/out/client/extension.js:2:727613)
	at /home/dodecaneser/.vscode-oss/extensions/ms-python.python-2022.10.1/out/client/extension.js:2:2212
	at Array.map (<anonymous>)
	at f.activateWorkspace (/home/dodecaneser/.vscode-oss/extensions/ms-python.python-2022.10.1/out/client/extension.js:2:2202)
	at process.processTicksAndRejections (node:internal/process/task_queues:96:5)]
> /bin/python ~/.vscode-oss/extensions/ms-python.python-2022.10.1/pythonFiles/get_output_via_markers.py ~/.vscode-oss/extensions/ms-python.python-2022.10.1/pythonFiles/interpreterInfo.py
Python interpreter path: /bin/python
Starting Jedi language server for default.
