[Running] python -u "/home/dodecaneser/pythonCrashBook/pythonCrashBook.py"

[Done] exited with code=0 in 0.073 seconds

[Running] python -u "/home/dodecaneser/pythonCrashBook/pythonCrashBook.py"

[Done] exited with code=0 in 0.096 seconds

[Running] python -u "/home/dodecaneser/pythonCrashBook/pythonCrashBook.py"

[Done] exited with code=0 in 0.08 seconds

[Running] python -u "/home/dodecaneser/pythonCrashBook/pythonCrashBook.py"
Hello World

[Done] exited with code=0 in 0.149 seconds

[Running] python -u "/home/dodecaneser/pythonCrashBook/pythonCrashBook.py"
Hello World

[Done] exited with code=0 in 0.101 seconds

[Running] python -u "/home/dodecaneser/pythonCrashBook/pythonCrashBook.py"
Hello World

[Done] exited with code=0 in 0.125 seconds

[Running] python -u "/home/dodecaneser/pythonCrashBook/pythonCrashBook.py"
Hello World

[Done] exited with code=0 in 0.113 seconds

[Running] python -u "/home/dodecaneser/scripts/tempCodeRunnerFile.python"
Hello Wordl my friend

[Done] exited with code=0 in 0.093 seconds

[Running] python -u "/home/dodecaneser/scripts/tempCodeRunnerFile.python"
Hello Wordl My Friend

[Done] exited with code=0 in 0.077 seconds

