Code - OSS (1.82.2, undefined, desktop)
Jupyter Extension Version: 2023.7.100.
Python Extension Version: 2023.18.0.
Platform: linux (x64).
Workspace folder ~/scripts, Home = /home/dodecaneser
10:30:49.219 [info] User belongs to experiment group 'NewJupyterSession'
10:30:49.835 [error] Failure during activation. [Error: Extension 'ms-toolsai.jupyter' CANNOT use API proposal: notebookCellExecutionState.
Its package.json#enabledApiProposals-property declares:  but NOT notebookCellExecutionState.
 The missing proposal MUST be added and you must start in extension development mode or use the following command line switch: --enable-proposed-api ms-toolsai.jupyter
	at k (/usr/lib/code/out/vs/workbench/api/node/extensionHostProcess.js:105:70089)
	at ec.onDidChangeNotebookCellExecutionState (/usr/lib/code/out/vs/workbench/api/node/extensionHostProcess.js:122:42796)
	at new vk (~/.vscode-oss/extensions/ms-toolsai.jupyter-2023.7.100-universal/out/extension.node.js:24:504646)
	at f (~/.vscode-oss/extensions/ms-toolsai.jupyter-2023.7.100-universal/out/extension.node.js:2:544271)
	at ~/.vscode-oss/extensions/ms-toolsai.jupyter-2023.7.100-universal/out/extension.node.js:2:546161
	at t.resolveInstance (~/.vscode-oss/extensions/ms-toolsai.jupyter-2023.7.100-universal/out/extension.node.js:2:546188)
	at ~/.vscode-oss/extensions/ms-toolsai.jupyter-2023.7.100-universal/out/extension.node.js:2:549220
	at ~/.vscode-oss/extensions/ms-toolsai.jupyter-2023.7.100-universal/out/extension.node.js:2:549557
	at ~/.vscode-oss/extensions/ms-toolsai.jupyter-2023.7.100-universal/out/extension.node.js:2:548880
	at y (~/.vscode-oss/extensions/ms-toolsai.jupyter-2023.7.100-universal/out/extension.node.js:2:548912)
	at ~/.vscode-oss/extensions/ms-toolsai.jupyter-2023.7.100-universal/out/extension.node.js:2:548774
	at ~/.vscode-oss/extensions/ms-toolsai.jupyter-2023.7.100-universal/out/extension.node.js:2:548708
	at Array.map (<anonymous>)
	at ~/.vscode-oss/extensions/ms-toolsai.jupyter-2023.7.100-universal/out/extension.node.js:2:548680
	at ~/.vscode-oss/extensions/ms-toolsai.jupyter-2023.7.100-universal/out/extension.node.js:2:545519
	at Array.reduce (<anonymous>)
	at ~/.vscode-oss/extensions/ms-toolsai.jupyter-2023.7.100-universal/out/extension.node.js:2:545491
	at ~/.vscode-oss/extensions/ms-toolsai.jupyter-2023.7.100-universal/out/extension.node.js:2:545818
	at t.resolveInstance (~/.vscode-oss/extensions/ms-toolsai.jupyter-2023.7.100-universal/out/extension.node.js:2:546188)
	at ~/.vscode-oss/extensions/ms-toolsai.jupyter-2023.7.100-universal/out/extension.node.js:2:549220
	at ~/.vscode-oss/extensions/ms-toolsai.jupyter-2023.7.100-universal/out/extension.node.js:2:549557
	at ~/.vscode-oss/extensions/ms-toolsai.jupyter-2023.7.100-universal/out/extension.node.js:2:548880
	at y (~/.vscode-oss/extensions/ms-toolsai.jupyter-2023.7.100-universal/out/extension.node.js:2:548912)
	at ~/.vscode-oss/extensions/ms-toolsai.jupyter-2023.7.100-universal/out/extension.node.js:2:548774
	at t.resolve (~/.vscode-oss/extensions/ms-toolsai.jupyter-2023.7.100-universal/out/extension.node.js:2:550744)
	at ~/.vscode-oss/extensions/ms-toolsai.jupyter-2023.7.100-universal/out/extension.node.js:2:519717
	at e._get (~/.vscode-oss/extensions/ms-toolsai.jupyter-2023.7.100-universal/out/extension.node.js:2:519086)
	at e._getButThrowIfAsync (~/.vscode-oss/extensions/ms-toolsai.jupyter-2023.7.100-universal/out/extension.node.js:2:519146)
	at e.get (~/.vscode-oss/extensions/ms-toolsai.jupyter-2023.7.100-universal/out/extension.node.js:2:514841)
	at iw.get (~/.vscode-oss/extensions/ms-toolsai.jupyter-2023.7.100-universal/out/extension.node.js:24:249006)
	at ~/.vscode-oss/extensions/ms-toolsai.jupyter-2023.7.100-universal/out/extension.node.js:24:644256]
10:30:49.843 [error] sendStartupTelemetry() failed. [Error: Extension 'ms-toolsai.jupyter' CANNOT use API proposal: notebookCellExecutionState.
Its package.json#enabledApiProposals-property declares:  but NOT notebookCellExecutionState.
 The missing proposal MUST be added and you must start in extension development mode or use the following command line switch: --enable-proposed-api ms-toolsai.jupyter
	at k (/usr/lib/code/out/vs/workbench/api/node/extensionHostProcess.js:105:70089)
	at ec.onDidChangeNotebookCellExecutionState (/usr/lib/code/out/vs/workbench/api/node/extensionHostProcess.js:122:42796)
	at new vk (~/.vscode-oss/extensions/ms-toolsai.jupyter-2023.7.100-universal/out/extension.node.js:24:504646)
	at f (~/.vscode-oss/extensions/ms-toolsai.jupyter-2023.7.100-universal/out/extension.node.js:2:544271)
	at ~/.vscode-oss/extensions/ms-toolsai.jupyter-2023.7.100-universal/out/extension.node.js:2:546161
	at t.resolveInstance (~/.vscode-oss/extensions/ms-toolsai.jupyter-2023.7.100-universal/out/extension.node.js:2:546188)
	at ~/.vscode-oss/extensions/ms-toolsai.jupyter-2023.7.100-universal/out/extension.node.js:2:549220
	at ~/.vscode-oss/extensions/ms-toolsai.jupyter-2023.7.100-universal/out/extension.node.js:2:549557
	at ~/.vscode-oss/extensions/ms-toolsai.jupyter-2023.7.100-universal/out/extension.node.js:2:548880
	at y (~/.vscode-oss/extensions/ms-toolsai.jupyter-2023.7.100-universal/out/extension.node.js:2:548912)
	at ~/.vscode-oss/extensions/ms-toolsai.jupyter-2023.7.100-universal/out/extension.node.js:2:548774
	at ~/.vscode-oss/extensions/ms-toolsai.jupyter-2023.7.100-universal/out/extension.node.js:2:548708
	at Array.map (<anonymous>)
	at ~/.vscode-oss/extensions/ms-toolsai.jupyter-2023.7.100-universal/out/extension.node.js:2:548680
	at ~/.vscode-oss/extensions/ms-toolsai.jupyter-2023.7.100-universal/out/extension.node.js:2:545519
	at Array.reduce (<anonymous>)
	at ~/.vscode-oss/extensions/ms-toolsai.jupyter-2023.7.100-universal/out/extension.node.js:2:545491
	at ~/.vscode-oss/extensions/ms-toolsai.jupyter-2023.7.100-universal/out/extension.node.js:2:545818
	at t.resolveInstance (~/.vscode-oss/extensions/ms-toolsai.jupyter-2023.7.100-universal/out/extension.node.js:2:546188)
	at ~/.vscode-oss/extensions/ms-toolsai.jupyter-2023.7.100-universal/out/extension.node.js:2:549220
	at ~/.vscode-oss/extensions/ms-toolsai.jupyter-2023.7.100-universal/out/extension.node.js:2:549557
	at ~/.vscode-oss/extensions/ms-toolsai.jupyter-2023.7.100-universal/out/extension.node.js:2:548880
	at y (~/.vscode-oss/extensions/ms-toolsai.jupyter-2023.7.100-universal/out/extension.node.js:2:548912)
	at ~/.vscode-oss/extensions/ms-toolsai.jupyter-2023.7.100-universal/out/extension.node.js:2:548774
	at t.resolve (~/.vscode-oss/extensions/ms-toolsai.jupyter-2023.7.100-universal/out/extension.node.js:2:550744)
	at ~/.vscode-oss/extensions/ms-toolsai.jupyter-2023.7.100-universal/out/extension.node.js:2:519717
	at e._get (~/.vscode-oss/extensions/ms-toolsai.jupyter-2023.7.100-universal/out/extension.node.js:2:519086)
	at e._getButThrowIfAsync (~/.vscode-oss/extensions/ms-toolsai.jupyter-2023.7.100-universal/out/extension.node.js:2:519146)
	at e.get (~/.vscode-oss/extensions/ms-toolsai.jupyter-2023.7.100-universal/out/extension.node.js:2:514841)
	at iw.get (~/.vscode-oss/extensions/ms-toolsai.jupyter-2023.7.100-universal/out/extension.node.js:24:249006)
	at ~/.vscode-oss/extensions/ms-toolsai.jupyter-2023.7.100-universal/out/extension.node.js:24:644256]
10:30:49.844 [error] extension activation failed [Error: Extension 'ms-toolsai.jupyter' CANNOT use API proposal: notebookCellExecutionState.
Its package.json#enabledApiProposals-property declares:  but NOT notebookCellExecutionState.
 The missing proposal MUST be added and you must start in extension development mode or use the following command line switch: --enable-proposed-api ms-toolsai.jupyter
	at k (/usr/lib/code/out/vs/workbench/api/node/extensionHostProcess.js:105:70089)
	at ec.onDidChangeNotebookCellExecutionState (/usr/lib/code/out/vs/workbench/api/node/extensionHostProcess.js:122:42796)
	at new vk (~/.vscode-oss/extensions/ms-toolsai.jupyter-2023.7.100-universal/out/extension.node.js:24:504646)
	at f (~/.vscode-oss/extensions/ms-toolsai.jupyter-2023.7.100-universal/out/extension.node.js:2:544271)
	at ~/.vscode-oss/extensions/ms-toolsai.jupyter-2023.7.100-universal/out/extension.node.js:2:546161
	at t.resolveInstance (~/.vscode-oss/extensions/ms-toolsai.jupyter-2023.7.100-universal/out/extension.node.js:2:546188)
	at ~/.vscode-oss/extensions/ms-toolsai.jupyter-2023.7.100-universal/out/extension.node.js:2:549220
	at ~/.vscode-oss/extensions/ms-toolsai.jupyter-2023.7.100-universal/out/extension.node.js:2:549557
	at ~/.vscode-oss/extensions/ms-toolsai.jupyter-2023.7.100-universal/out/extension.node.js:2:548880
	at y (~/.vscode-oss/extensions/ms-toolsai.jupyter-2023.7.100-universal/out/extension.node.js:2:548912)
	at ~/.vscode-oss/extensions/ms-toolsai.jupyter-2023.7.100-universal/out/extension.node.js:2:548774
	at ~/.vscode-oss/extensions/ms-toolsai.jupyter-2023.7.100-universal/out/extension.node.js:2:548708
	at Array.map (<anonymous>)
	at ~/.vscode-oss/extensions/ms-toolsai.jupyter-2023.7.100-universal/out/extension.node.js:2:548680
	at ~/.vscode-oss/extensions/ms-toolsai.jupyter-2023.7.100-universal/out/extension.node.js:2:545519
	at Array.reduce (<anonymous>)
	at ~/.vscode-oss/extensions/ms-toolsai.jupyter-2023.7.100-universal/out/extension.node.js:2:545491
	at ~/.vscode-oss/extensions/ms-toolsai.jupyter-2023.7.100-universal/out/extension.node.js:2:545818
	at t.resolveInstance (~/.vscode-oss/extensions/ms-toolsai.jupyter-2023.7.100-universal/out/extension.node.js:2:546188)
	at ~/.vscode-oss/extensions/ms-toolsai.jupyter-2023.7.100-universal/out/extension.node.js:2:549220
	at ~/.vscode-oss/extensions/ms-toolsai.jupyter-2023.7.100-universal/out/extension.node.js:2:549557
	at ~/.vscode-oss/extensions/ms-toolsai.jupyter-2023.7.100-universal/out/extension.node.js:2:548880
	at y (~/.vscode-oss/extensions/ms-toolsai.jupyter-2023.7.100-universal/out/extension.node.js:2:548912)
	at ~/.vscode-oss/extensions/ms-toolsai.jupyter-2023.7.100-universal/out/extension.node.js:2:548774
	at t.resolve (~/.vscode-oss/extensions/ms-toolsai.jupyter-2023.7.100-universal/out/extension.node.js:2:550744)
	at ~/.vscode-oss/extensions/ms-toolsai.jupyter-2023.7.100-universal/out/extension.node.js:2:519717
	at e._get (~/.vscode-oss/extensions/ms-toolsai.jupyter-2023.7.100-universal/out/extension.node.js:2:519086)
	at e._getButThrowIfAsync (~/.vscode-oss/extensions/ms-toolsai.jupyter-2023.7.100-universal/out/extension.node.js:2:519146)
	at e.get (~/.vscode-oss/extensions/ms-toolsai.jupyter-2023.7.100-universal/out/extension.node.js:2:514841)
	at iw.get (~/.vscode-oss/extensions/ms-toolsai.jupyter-2023.7.100-universal/out/extension.node.js:24:249006)
	at ~/.vscode-oss/extensions/ms-toolsai.jupyter-2023.7.100-universal/out/extension.node.js:24:644256]
10:30:49.909 [error] Failed to active the Jupyter Extension [Error: Extension 'ms-toolsai.jupyter' CANNOT use API proposal: notebookCellExecutionState.
Its package.json#enabledApiProposals-property declares:  but NOT notebookCellExecutionState.
 The missing proposal MUST be added and you must start in extension development mode or use the following command line switch: --enable-proposed-api ms-toolsai.jupyter
	at k (/usr/lib/code/out/vs/workbench/api/node/extensionHostProcess.js:105:70089)
	at ec.onDidChangeNotebookCellExecutionState (/usr/lib/code/out/vs/workbench/api/node/extensionHostProcess.js:122:42796)
	at new vk (~/.vscode-oss/extensions/ms-toolsai.jupyter-2023.7.100-universal/out/extension.node.js:24:504646)
	at f (~/.vscode-oss/extensions/ms-toolsai.jupyter-2023.7.100-universal/out/extension.node.js:2:544271)
	at ~/.vscode-oss/extensions/ms-toolsai.jupyter-2023.7.100-universal/out/extension.node.js:2:546161
	at t.resolveInstance (~/.vscode-oss/extensions/ms-toolsai.jupyter-2023.7.100-universal/out/extension.node.js:2:546188)
	at ~/.vscode-oss/extensions/ms-toolsai.jupyter-2023.7.100-universal/out/extension.node.js:2:549220
	at ~/.vscode-oss/extensions/ms-toolsai.jupyter-2023.7.100-universal/out/extension.node.js:2:549557
	at ~/.vscode-oss/extensions/ms-toolsai.jupyter-2023.7.100-universal/out/extension.node.js:2:548880
	at y (~/.vscode-oss/extensions/ms-toolsai.jupyter-2023.7.100-universal/out/extension.node.js:2:548912)
	at ~/.vscode-oss/extensions/ms-toolsai.jupyter-2023.7.100-universal/out/extension.node.js:2:548774
	at ~/.vscode-oss/extensions/ms-toolsai.jupyter-2023.7.100-universal/out/extension.node.js:2:548708
	at Array.map (<anonymous>)
	at ~/.vscode-oss/extensions/ms-toolsai.jupyter-2023.7.100-universal/out/extension.node.js:2:548680
	at ~/.vscode-oss/extensions/ms-toolsai.jupyter-2023.7.100-universal/out/extension.node.js:2:545519
	at Array.reduce (<anonymous>)
	at ~/.vscode-oss/extensions/ms-toolsai.jupyter-2023.7.100-universal/out/extension.node.js:2:545491
	at ~/.vscode-oss/extensions/ms-toolsai.jupyter-2023.7.100-universal/out/extension.node.js:2:545818
	at t.resolveInstance (~/.vscode-oss/extensions/ms-toolsai.jupyter-2023.7.100-universal/out/extension.node.js:2:546188)
	at ~/.vscode-oss/extensions/ms-toolsai.jupyter-2023.7.100-universal/out/extension.node.js:2:549220
	at ~/.vscode-oss/extensions/ms-toolsai.jupyter-2023.7.100-universal/out/extension.node.js:2:549557
	at ~/.vscode-oss/extensions/ms-toolsai.jupyter-2023.7.100-universal/out/extension.node.js:2:548880
	at y (~/.vscode-oss/extensions/ms-toolsai.jupyter-2023.7.100-universal/out/extension.node.js:2:548912)
	at ~/.vscode-oss/extensions/ms-toolsai.jupyter-2023.7.100-universal/out/extension.node.js:2:548774
	at t.resolve (~/.vscode-oss/extensions/ms-toolsai.jupyter-2023.7.100-universal/out/extension.node.js:2:550744)
	at ~/.vscode-oss/extensions/ms-toolsai.jupyter-2023.7.100-universal/out/extension.node.js:2:519717
	at e._get (~/.vscode-oss/extensions/ms-toolsai.jupyter-2023.7.100-universal/out/extension.node.js:2:519086)
	at e._getButThrowIfAsync (~/.vscode-oss/extensions/ms-toolsai.jupyter-2023.7.100-universal/out/extension.node.js:2:519146)
	at e.get (~/.vscode-oss/extensions/ms-toolsai.jupyter-2023.7.100-universal/out/extension.node.js:2:514841)
	at iw.get (~/.vscode-oss/extensions/ms-toolsai.jupyter-2023.7.100-universal/out/extension.node.js:24:249006)
	at ~/.vscode-oss/extensions/ms-toolsai.jupyter-2023.7.100-universal/out/extension.node.js:24:644256]
10:43:03.148 [info] Disposing HostJupyterExecution
10:43:03.148 [info] Shutting down notebooks for a36fd868-e7f5-463d-99f5-8f51b2cd4347
10:43:03.149 [info] Disposing HostJupyterExecution
