2023-01-27 13:54:28.278 [info] Added views:workbench.panel.markers.view in workbench.panel.markers
2023-01-27 13:54:28.278 [info] Added views:workbench.panel.output in workbench.panel.output
2023-01-27 13:54:28.278 [info] Added views:terminal in terminal
2023-01-27 13:54:28.278 [info] Added views:outline in workbench.view.explorer
2023-01-27 13:54:28.278 [info] Added views:workbench.scm in workbench.view.scm
2023-01-27 13:54:28.278 [info] Added views:workbench.view.search in workbench.view.search
2023-01-27 13:54:28.278 [info] Added views:timeline in workbench.view.explorer
2023-01-27 13:54:28.278 [info] Added views:workbench.explorer.fileView in workbench.view.explorer
2023-01-27 13:54:28.577 [info] Added views:workbench.debug.welcome in workbench.view.debug
2023-01-27 13:54:31.215 [info] Added views:gitlens.views.home in workbench.view.extension.gitlens
2023-01-27 13:54:31.218 [info] Added views:gitlens.views.commits,gitlens.views.fileHistory,gitlens.views.branches,gitlens.views.remotes,gitlens.views.stashes,gitlens.views.tags,gitlens.views.searchAndCompare in workbench.view.extension.gitlens
2023-01-27 13:54:31.222 [info] Added views:gitlens.views.commitDetails in workbench.view.scm
2023-01-27 13:54:31.223 [info] Added views:dockerContainers,dockerImages,dockerRegistries,dockerNetworks,dockerVolumes,vscode-docker.views.dockerContexts,vscode-docker.views.help in workbench.view.extension.dockerView
2023-01-27 13:54:31.225 [info] Added views:jupyterViewVariables in workbench.view.extension.jupyter-variables
2023-01-27 13:54:31.226 [info] Added views:cell-tag in workbench.view.extension.jupyter
2023-01-27 13:54:32.512 [info] Added views:workbench.panel.repl.view in workbench.panel.repl
2023-01-27 13:54:35.756 [info] Added views:gitlens.views.timeline in workbench.view.extension.gitlensPanel
2023-01-27 13:54:35.758 [info] Added views:gitlens.views.worktrees in workbench.view.extension.gitlens
2023-01-27 13:54:42.626 [info] Added views:workbench.views.extensions.installed,workbench.views.extensions.popular,extensions.recommendedList in workbench.view.extensions
2023-01-27 13:54:42.650 [info] Removed views:workbench.views.extensions.popular from workbench.view.extensions
2023-01-27 13:54:49.290 [info] Added views:workbench.panel.markers.view in workbench.panel.markers
2023-01-27 13:54:49.290 [info] Added views:workbench.panel.output in workbench.panel.output
2023-01-27 13:54:49.290 [info] Added views:terminal in terminal
2023-01-27 13:54:49.290 [info] Added views:outline in workbench.view.explorer
2023-01-27 13:54:49.290 [info] Added views:workbench.scm in workbench.view.scm
2023-01-27 13:54:49.290 [info] Added views:workbench.view.search in workbench.view.search
2023-01-27 13:54:49.290 [info] Added views:timeline in workbench.view.explorer
2023-01-27 13:54:49.290 [info] Added views:workbench.explorer.fileView in workbench.view.explorer
2023-01-27 13:54:49.290 [info] Added views:workbench.views.extensions.installed,extensions.recommendedList in workbench.view.extensions
2023-01-27 13:54:49.290 [info] Added views:workbench.debug.welcome in workbench.view.debug
2023-01-27 13:54:50.868 [info] Added views:gitlens.views.home in workbench.view.extension.gitlens
2023-01-27 13:54:50.874 [info] Added views:gitlens.views.commits,gitlens.views.fileHistory,gitlens.views.branches,gitlens.views.remotes,gitlens.views.stashes,gitlens.views.tags,gitlens.views.searchAndCompare in workbench.view.extension.gitlens
2023-01-27 13:54:50.882 [info] Added views:gitlens.views.commitDetails in workbench.view.scm
2023-01-27 13:54:50.887 [info] Added views:dockerContainers,dockerImages,dockerRegistries,dockerNetworks,dockerVolumes,vscode-docker.views.dockerContexts,vscode-docker.views.help in workbench.view.extension.dockerView
2023-01-27 13:54:50.890 [info] Added views:jupyterViewVariables in workbench.view.extension.jupyter-variables
2023-01-27 13:54:50.891 [info] Added views:cell-tag in workbench.view.extension.jupyter
2023-01-27 13:54:52.087 [info] Added views:workbench.panel.repl.view in workbench.panel.repl
2023-01-27 13:54:55.412 [info] Added views:gitlens.views.timeline in workbench.view.extension.gitlensPanel
2023-01-27 13:54:55.414 [info] Added views:gitlens.views.worktrees in workbench.view.extension.gitlens
2023-01-27 13:54:55.599 [info] Removed views:gitlens.views.commitDetails from workbench.view.scm
2023-01-27 13:54:55.600 [info] Removed views:gitlens.views.searchAndCompare,gitlens.views.worktrees,gitlens.views.tags,gitlens.views.stashes,gitlens.views.remotes,gitlens.views.branches,gitlens.views.fileHistory,gitlens.views.commits from workbench.view.extension.gitlens
2023-01-27 13:54:55.601 [info] Removed views:gitlens.views.timeline from workbench.view.extension.gitlensPanel
