2023-01-23 12:05:59.908 [info] Added views:workbench.panel.markers.view in workbench.panel.markers
2023-01-23 12:05:59.908 [info] Added views:workbench.panel.output in workbench.panel.output
2023-01-23 12:05:59.908 [info] Added views:terminal in terminal
2023-01-23 12:05:59.908 [info] Added views:outline in workbench.view.explorer
2023-01-23 12:05:59.908 [info] Added views:workbench.scm in workbench.view.scm
2023-01-23 12:05:59.908 [info] Added views:workbench.view.search in workbench.view.search
2023-01-23 12:05:59.908 [info] Added views:timeline in workbench.view.explorer
2023-01-23 12:05:59.908 [info] Added views:workbench.explorer.fileView in workbench.view.explorer
2023-01-23 12:05:59.908 [info] Added views:workbench.debug.welcome in workbench.view.debug
2023-01-23 12:06:01.736 [info] Added views:gitlens.views.home in workbench.view.extension.gitlens
2023-01-23 12:06:01.741 [info] Added views:gitlens.views.commits,gitlens.views.commitDetails,gitlens.views.fileHistory,gitlens.views.branches,gitlens.views.remotes,gitlens.views.stashes,gitlens.views.tags,gitlens.views.searchAndCompare in workbench.view.scm
2023-01-23 12:06:01.748 [info] Added views:dockerContainers,dockerImages,dockerRegistries,dockerNetworks,dockerVolumes,vscode-docker.views.dockerContexts,vscode-docker.views.help in workbench.view.extension.dockerView
2023-01-23 12:06:01.750 [info] Added views:jupyterViewVariables in workbench.view.extension.jupyter-variables
2023-01-23 12:06:01.751 [info] Added views:cell-tag in workbench.view.extension.jupyter
2023-01-23 12:06:02.630 [info] Added views:workbench.panel.repl.view in workbench.panel.repl
2023-01-23 12:06:05.974 [info] Removed views:gitlens.views.searchAndCompare,gitlens.views.tags,gitlens.views.stashes,gitlens.views.remotes,gitlens.views.branches,gitlens.views.fileHistory,gitlens.views.commitDetails,gitlens.views.commits from workbench.view.scm
2023-01-23 12:07:29.905 [info] Added views:gitlens.views.timeline in workbench.view.extension.gitlensPanel
2023-01-23 12:07:29.941 [info] Added views:gitlens.views.commits,gitlens.views.commitDetails,gitlens.views.fileHistory,gitlens.views.branches,gitlens.views.remotes,gitlens.views.stashes,gitlens.views.tags,gitlens.views.worktrees,gitlens.views.searchAndCompare in workbench.view.scm
2023-01-23 12:07:40.079 [info] Added views:workbench.views.extensions.installed,workbench.views.extensions.popular,extensions.recommendedList in workbench.view.extensions
2023-01-23 12:07:40.090 [info] Removed views:workbench.views.extensions.popular from workbench.view.extensions
2023-01-23 12:07:57.772 [info] Added views:workbench.panel.output in workbench.panel.output
2023-01-23 12:07:57.772 [info] Added views:workbench.panel.markers.view in workbench.panel.markers
2023-01-23 12:07:57.772 [info] Added views:terminal in terminal
2023-01-23 12:07:57.772 [info] Added views:outline in workbench.view.explorer
2023-01-23 12:07:57.772 [info] Added views:workbench.scm in workbench.view.scm
2023-01-23 12:07:57.772 [info] Added views:workbench.view.search in workbench.view.search
2023-01-23 12:07:57.772 [info] Added views:timeline in workbench.view.explorer
2023-01-23 12:07:57.772 [info] Added views:workbench.explorer.fileView in workbench.view.explorer
2023-01-23 12:07:57.896 [info] Added views:workbench.debug.welcome in workbench.view.debug
2023-01-23 12:07:57.974 [info] Added views:workbench.views.extensions.installed,extensions.recommendedList in workbench.view.extensions
2023-01-23 12:08:00.245 [info] Added views:gitlens.views.home in workbench.view.extension.gitlens
2023-01-23 12:08:00.255 [info] Added views:gitlens.views.commits,gitlens.views.commitDetails,gitlens.views.fileHistory,gitlens.views.branches,gitlens.views.remotes,gitlens.views.stashes,gitlens.views.tags,gitlens.views.searchAndCompare in workbench.view.scm
2023-01-23 12:08:00.260 [info] Added views:dockerContainers,dockerImages,dockerRegistries,dockerNetworks,dockerVolumes,vscode-docker.views.dockerContexts,vscode-docker.views.help in workbench.view.extension.dockerView
2023-01-23 12:08:00.266 [info] Added views:jupyterViewVariables in workbench.view.extension.jupyter-variables
2023-01-23 12:08:00.270 [info] Added views:cell-tag in workbench.view.extension.jupyter
2023-01-23 12:08:02.904 [info] Added views:workbench.panel.repl.view in workbench.panel.repl
2023-01-23 12:08:05.245 [info] Added views:gitlens.views.timeline in workbench.view.extension.gitlensPanel
2023-01-23 12:08:05.249 [info] Added views:gitlens.views.worktrees in workbench.view.scm
2023-01-23 15:59:48.130 [info] Removed views:gitlens.views.commits from workbench.view.scm
2023-01-23 15:59:48.173 [info] Added views:gitlens.views.commits in workbench.view.extension.gitlens
2023-01-23 15:59:48.203 [info] Removed views:gitlens.views.fileHistory from workbench.view.scm
2023-01-23 15:59:48.216 [info] Added views:gitlens.views.fileHistory in workbench.view.extension.gitlens
2023-01-23 15:59:48.244 [info] Removed views:gitlens.views.branches from workbench.view.scm
2023-01-23 15:59:48.260 [info] Added views:gitlens.views.branches in workbench.view.extension.gitlens
2023-01-23 15:59:48.278 [info] Removed views:gitlens.views.remotes from workbench.view.scm
2023-01-23 15:59:48.290 [info] Added views:gitlens.views.remotes in workbench.view.extension.gitlens
2023-01-23 15:59:48.307 [info] Removed views:gitlens.views.stashes from workbench.view.scm
2023-01-23 15:59:48.319 [info] Added views:gitlens.views.stashes in workbench.view.extension.gitlens
2023-01-23 15:59:48.340 [info] Removed views:gitlens.views.tags from workbench.view.scm
2023-01-23 15:59:48.353 [info] Added views:gitlens.views.tags in workbench.view.extension.gitlens
2023-01-23 15:59:48.382 [info] Removed views:gitlens.views.searchAndCompare from workbench.view.scm
2023-01-23 15:59:48.391 [info] Added views:gitlens.views.searchAndCompare in workbench.view.extension.gitlens
2023-01-23 15:59:48.418 [info] Removed views:gitlens.views.worktrees from workbench.view.scm
2023-01-23 15:59:48.427 [info] Added views:gitlens.views.worktrees in workbench.view.extension.gitlens
