00:00:00.001835 VirtualBox DHCP Server 7.0.12 r159484 linux.amd64 (Oct 17 2023 12:57:12) release log
00:00:00.001839 Log opened 2023-10-30T11:23:46.406725000Z
00:00:00.001840 Build Type: release
00:00:00.001844 OS Product: Linux
00:00:00.001848 OS Release: 6.5.7-arch1-1
00:00:00.001851 OS Version: #1 SMP PREEMPT_DYNAMIC Tue, 10 Oct 2023 21:10:21 +0000
00:00:00.001886 DMI Product Name: TM1612
00:00:00.001909 DMI Product Version: 
00:00:00.001919 Firmware type: UEFI
00:00:00.002932 Secure Boot: Disabled
00:00:00.003025 Host RAM: 3832MB (3.7GB) total, 1944MB available
00:00:00.003030 Executable: /usr/lib/virtualbox/VBoxNetDHCP
00:00:00.003031 Process ID: 6648
00:00:00.003032 Package type: LINUX_64BITS_GENERIC (OSE)
00:00:00.003078 --config:  HostInterfaceNetworking-vboxnet0
00:00:00.003087 --comment: HostInterfaceNetworking-vboxnet0
00:00:00.003315 IP address:   192.168.56.100/24
00:00:00.003329 Address pool: 192.168.56.101 - 192.168.56.254
00:00:00.003381 MAC address is not specified: will use generated MAC 08:00:27:85:a0:5b
00:00:00.003396 Db::i_enterFixedAddressAssignment: 08:00:27:85:a0:5b: 192.168.56.100
00:00:00.003438 loading leases from /home/dodecaneser/.config/VirtualBox/HostInterfaceNetworking-vboxnet0-Dhcpd.leases
00:00:00.003685 > LOAD: EXPIRED lease 192.168.56.101 to 08:00:27:f0:bd:9d, expired, valid from 2023-10-18T19:47:19Z for 600s until 2023-10-18T19:57:19Z
00:00:00.003753 SUP: Opened VMMR0.r0 (/usr/lib/virtualbox/VMMR0.r0) at 0xXXXXXXXXXXXXXXXX.
00:00:08.970335 DISCOVER xid 0x00001399 chaddr 08:00:27:f0:bd:9d
00:00:08.970380  ciaddr 0.0.0.0
00:00:08.970397  params { 1 3 6 28 }
00:00:08.970434 > allocateAddress to client 08:00:27:f0:bd:9d
00:00:08.970445 > ... found existing binding 192.168.56.101 to 08:00:27:f0:bd:9d, expired, valid from 2023-10-18T19:47:19Z for 600s until 2023-10-18T19:57:19Z
00:00:08.970476 Lease time 600 secs (default)
00:00:08.970487 >>> requested option 1 (SubnetMask)
00:00:08.970493 ... always supplied
00:00:08.970574 >>> requested option 3 (Routers)
00:00:08.970586 ... not found
00:00:08.970592 >>> requested option 6 (DNSes)
00:00:08.970599 ... not found
00:00:08.970604 >>> requested option 28 (BroadcastAddress)
00:00:08.970610 ... not found
00:00:08.970628 encoding option 1 (SubnetMask)
00:00:08.970636 encoding option 51 (LeaseTime)
00:00:08.970642 OFFER xid 0x00001399 chaddr 08:00:27:f0:bd:9d
00:00:08.970661  ciaddr 0.0.0.0 yiaddr 192.168.56.101
00:00:08.970681 encoded message: 548 bytes
00:00:08.970684 00007fcfd00011e0/0000: 02 01 06 00 99 13 00 00-00 00 00 00 00 00 00 00 ................
00:00:08.970689 00007fcfd00011f0/0010: c0 a8 38 65 00 00 00 00-00 00 00 00 08 00 27 f0 ..8e..........'.
00:00:08.970694 00007fcfd0001200/0020: bd 9d 00 00 00 00 00 00-00 00 00 00 00 00 00 00 ................
00:00:08.970698 00007fcfd0001210/0030: 00 00 00 00 00 00 00 00-00 00 00 00 00 00 00 00 ................
00:00:08.970703 00007fcfd0001220/0040: 00 00 00 00 00 00 00 00-00 00 00 00 00 00 00 00 ................
00:00:08.970707 00007fcfd0001230/0050: 00 00 00 00 00 00 00 00-00 00 00 00 00 00 00 00 ................
00:00:08.970712 00007fcfd0001240/0060: 00 00 00 00 00 00 00 00-00 00 00 00 00 00 00 00 ................
00:00:08.970720 00007fcfd0001250/0070: 00 00 00 00 00 00 00 00-00 00 00 00 00 00 00 00 ................
00:00:08.970724 00007fcfd0001260/0080: 00 00 00 00 00 00 00 00-00 00 00 00 00 00 00 00 ................
00:00:08.970731 00007fcfd0001270/0090: 00 00 00 00 00 00 00 00-00 00 00 00 00 00 00 00 ................
00:00:08.970737 00007fcfd0001280/00a0: 00 00 00 00 00 00 00 00-00 00 00 00 00 00 00 00 ................
00:00:08.970743 00007fcfd0001290/00b0: 00 00 00 00 00 00 00 00-00 00 00 00 00 00 00 00 ................
00:00:08.970751 00007fcfd00012a0/00c0: 00 00 00 00 00 00 00 00-00 00 00 00 00 00 00 00 ................
00:00:08.970756 00007fcfd00012b0/00d0: 00 00 00 00 00 00 00 00-00 00 00 00 00 00 00 00 ................
00:00:08.970762 00007fcfd00012c0/00e0: 00 00 00 00 00 00 00 00-00 00 00 00 63 82 53 63 ............c.Sc
00:00:08.970769 00007fcfd00012d0/00f0: 36 04 c0 a8 38 64 35 01-02 01 04 ff ff ff 00 33 6...8d5........3
00:00:08.970777 00007fcfd00012e0/0100: 04 00 00 02 58 ff 00 00-00 00 00 00 00 00 00 00 ....X...........
00:00:08.970783 00007fcfd00012f0/0110: 00 00 00 00 00 00 00 00-00 00 00 00 00 00 00 00 ................
00:00:08.970790 00007fcfd0001300/0120: 00 00 00 00 00 00 00 00-00 00 00 00 00 00 00 00 ................
00:00:08.970798 00007fcfd0001310/0130: 00 00 00 00 00 00 00 00-00 00 00 00 00 00 00 00 ................
00:00:08.970813 00007fcfd0001320/0140: 00 00 00 00 00 00 00 00-00 00 00 00 00 00 00 00 ................
00:00:08.970821 00007fcfd0001330/0150: 00 00 00 00 00 00 00 00-00 00 00 00 00 00 00 00 ................
00:00:08.970828 00007fcfd0001340/0160: 00 00 00 00 00 00 00 00-00 00 00 00 00 00 00 00 ................
00:00:08.970836 00007fcfd0001350/0170: 00 00 00 00 00 00 00 00-00 00 00 00 00 00 00 00 ................
00:00:08.970842 00007fcfd0001360/0180: 00 00 00 00 00 00 00 00-00 00 00 00 00 00 00 00 ................
00:00:08.970850 00007fcfd0001370/0190: 00 00 00 00 00 00 00 00-00 00 00 00 00 00 00 00 ................
00:00:08.970857 00007fcfd0001380/01a0: 00 00 00 00 00 00 00 00-00 00 00 00 00 00 00 00 ................
00:00:08.970861 00007fcfd0001390/01b0: 00 00 00 00 00 00 00 00-00 00 00 00 00 00 00 00 ................
00:00:08.970865 00007fcfd00013a0/01c0: 00 00 00 00 00 00 00 00-00 00 00 00 00 00 00 00 ................
00:00:08.970869 00007fcfd00013b0/01d0: 00 00 00 00 00 00 00 00-00 00 00 00 00 00 00 00 ................
00:00:08.970873 00007fcfd00013c0/01e0: 00 00 00 00 00 00 00 00-00 00 00 00 00 00 00 00 ................
00:00:08.970876 00007fcfd00013d0/01f0: 00 00 00 00 00 00 00 00-00 00 00 00 00 00 00 00 ................
00:00:08.970880 00007fcfd00013e0/0200: 00 00 00 00 00 00 00 00-00 00 00 00 00 00 00 00 ................
00:00:08.970884 00007fcfd00013f0/0210: 00 00 00 00 00 00 00 00-00 00 00 00 00 00 00 00 ................
00:00:08.970888 00007fcfd0001400/0220: 00 00 00 00                                     ....
00:00:08.974460 REQUEST xid 0x0000139a chaddr 08:00:27:f0:bd:9d
00:00:08.974507  ciaddr 0.0.0.0
00:00:08.974518  for server 192.168.56.100 requested address 192.168.56.101
00:00:08.974536  params { 1 3 6 28 }
00:00:08.974563   54: c0 a8 38 64
00:00:08.974573 > allocateAddress 192.168.56.101 to client 08:00:27:f0:bd:9d
00:00:08.974585 > ... found existing binding 192.168.56.101 to 08:00:27:f0:bd:9d, offered, valid from 2023-10-30T11:23:55Z for 600s until 2023-10-30T11:33:55Z
00:00:08.974602 Lease time 600 secs (default)
00:00:08.974608 writing leases to /home/dodecaneser/.config/VirtualBox/HostInterfaceNetworking-vboxnet0-Dhcpd.leases
00:00:08.982885 >>> requested option 1 (SubnetMask)
00:00:08.982909 ... always supplied
00:00:08.982913 >>> requested option 3 (Routers)
00:00:08.982917 ... not found
00:00:08.982921 >>> requested option 6 (DNSes)
00:00:08.982925 ... not found
00:00:08.982929 >>> requested option 28 (BroadcastAddress)
00:00:08.982934 ... not found
00:00:08.982940 encoding option 1 (SubnetMask)
00:00:08.982944 encoding option 51 (LeaseTime)
00:00:08.982949 ACK xid 0x0000139a chaddr 08:00:27:f0:bd:9d
00:00:08.982963  ciaddr 0.0.0.0 yiaddr 192.168.56.101
00:00:08.982976 encoded message: 548 bytes
00:00:08.982978 00007fcfd00011e0/0000: 02 01 06 00 9a 13 00 00-00 00 00 00 00 00 00 00 ................
00:00:08.982982 00007fcfd00011f0/0010: c0 a8 38 65 00 00 00 00-00 00 00 00 08 00 27 f0 ..8e..........'.
00:00:08.982985 00007fcfd0001200/0020: bd 9d 00 00 00 00 00 00-00 00 00 00 00 00 00 00 ................
00:00:08.982988 00007fcfd0001210/0030: 00 00 00 00 00 00 00 00-00 00 00 00 00 00 00 00 ................
00:00:08.982991 00007fcfd0001220/0040: 00 00 00 00 00 00 00 00-00 00 00 00 00 00 00 00 ................
00:00:08.982993 00007fcfd0001230/0050: 00 00 00 00 00 00 00 00-00 00 00 00 00 00 00 00 ................
00:00:08.982996 00007fcfd0001240/0060: 00 00 00 00 00 00 00 00-00 00 00 00 00 00 00 00 ................
00:00:08.982999 00007fcfd0001250/0070: 00 00 00 00 00 00 00 00-00 00 00 00 00 00 00 00 ................
00:00:08.983001 00007fcfd0001260/0080: 00 00 00 00 00 00 00 00-00 00 00 00 00 00 00 00 ................
00:00:08.983004 00007fcfd0001270/0090: 00 00 00 00 00 00 00 00-00 00 00 00 00 00 00 00 ................
00:00:08.983007 00007fcfd0001280/00a0: 00 00 00 00 00 00 00 00-00 00 00 00 00 00 00 00 ................
00:00:08.983010 00007fcfd0001290/00b0: 00 00 00 00 00 00 00 00-00 00 00 00 00 00 00 00 ................
00:00:08.983012 00007fcfd00012a0/00c0: 00 00 00 00 00 00 00 00-00 00 00 00 00 00 00 00 ................
00:00:08.983015 00007fcfd00012b0/00d0: 00 00 00 00 00 00 00 00-00 00 00 00 00 00 00 00 ................
00:00:08.983018 00007fcfd00012c0/00e0: 00 00 00 00 00 00 00 00-00 00 00 00 63 82 53 63 ............c.Sc
00:00:08.983020 00007fcfd00012d0/00f0: 36 04 c0 a8 38 64 35 01-05 01 04 ff ff ff 00 33 6...8d5........3
00:00:08.983023 00007fcfd00012e0/0100: 04 00 00 02 58 ff 00 00-00 00 00 00 00 00 00 00 ....X...........
00:00:08.983026 00007fcfd00012f0/0110: 00 00 00 00 00 00 00 00-00 00 00 00 00 00 00 00 ................
00:00:08.983029 00007fcfd0001300/0120: 00 00 00 00 00 00 00 00-00 00 00 00 00 00 00 00 ................
00:00:08.983032 00007fcfd0001310/0130: 00 00 00 00 00 00 00 00-00 00 00 00 00 00 00 00 ................
00:00:08.983034 00007fcfd0001320/0140: 00 00 00 00 00 00 00 00-00 00 00 00 00 00 00 00 ................
00:00:08.983037 00007fcfd0001330/0150: 00 00 00 00 00 00 00 00-00 00 00 00 00 00 00 00 ................
00:00:08.983040 00007fcfd0001340/0160: 00 00 00 00 00 00 00 00-00 00 00 00 00 00 00 00 ................
00:00:08.983043 00007fcfd0001350/0170: 00 00 00 00 00 00 00 00-00 00 00 00 00 00 00 00 ................
00:00:08.983045 00007fcfd0001360/0180: 00 00 00 00 00 00 00 00-00 00 00 00 00 00 00 00 ................
00:00:08.983048 00007fcfd0001370/0190: 00 00 00 00 00 00 00 00-00 00 00 00 00 00 00 00 ................
00:00:08.983051 00007fcfd0001380/01a0: 00 00 00 00 00 00 00 00-00 00 00 00 00 00 00 00 ................
00:00:08.983054 00007fcfd0001390/01b0: 00 00 00 00 00 00 00 00-00 00 00 00 00 00 00 00 ................
00:00:08.983056 00007fcfd00013a0/01c0: 00 00 00 00 00 00 00 00-00 00 00 00 00 00 00 00 ................
00:00:08.983059 00007fcfd00013b0/01d0: 00 00 00 00 00 00 00 00-00 00 00 00 00 00 00 00 ................
00:00:08.983062 00007fcfd00013c0/01e0: 00 00 00 00 00 00 00 00-00 00 00 00 00 00 00 00 ................
00:00:08.983064 00007fcfd00013d0/01f0: 00 00 00 00 00 00 00 00-00 00 00 00 00 00 00 00 ................
00:00:08.983067 00007fcfd00013e0/0200: 00 00 00 00 00 00 00 00-00 00 00 00 00 00 00 00 ................
00:00:08.983070 00007fcfd00013f0/0210: 00 00 00 00 00 00 00 00-00 00 00 00 00 00 00 00 ................
00:00:08.983073 00007fcfd0001400/0220: 00 00 00 00                                     ....
