2023-10-18 22:04:25.271 [info] Extension host with pid 160058 started
2023-10-18 22:04:26.081 [info] ExtensionService#_doActivateExtension vscode.emmet, startup: false, activationEvent: 'onLanguage'
2023-10-18 22:04:26.115 [info] ExtensionService#_doActivateExtension KevinRose.vsc-python-indent, startup: false, activationEvent: 'onLanguage:python'
2023-10-18 22:04:26.121 [info] ExtensionService#_doActivateExtension ms-python.python, startup: false, activationEvent: 'onLanguage:python'
2023-10-18 22:04:26.390 [info] ExtensionService#_doActivateExtension njpwerner.autodocstring, startup: false, activationEvent: 'onLanguage:python'
2023-10-18 22:04:26.862 [info] ExtensionService#_doActivateExtension vscode.git-base, startup: true, activationEvent: '*', root cause: vscode.git
2023-10-18 22:04:26.931 [info] ExtensionService#_doActivateExtension CoenraadS.bracket-pair-colorizer-2, startup: true, activationEvent: '*'
2023-10-18 22:04:27.033 [info] ExtensionService#_doActivateExtension oderwat.indent-rainbow, startup: true, activationEvent: '*'
2023-10-18 22:04:27.663 [info] ExtensionService#_doActivateExtension vscode.git, startup: true, activationEvent: '*'
2023-10-18 22:04:27.957 [info] ExtensionService#_doActivateExtension vscode.github, startup: true, activationEvent: '*'
2023-10-18 22:04:28.022 [error] Error: Extension 'ms-python.python' CANNOT use API proposal: testObserver.
Its package.json#enabledApiProposals-property declares:  but NOT testObserver.
 The missing proposal MUST be added and you must start in extension development mode or use the following command line switch: --enable-proposed-api ms-python.python
	at E (/usr/lib/code/out/vs/workbench/api/node/extensionHostProcess.js:123:71061)
	at get testResults [as testResults] (/usr/lib/code/out/vs/workbench/api/node/extensionHostProcess.js:140:23653)
	at w.activate (/home/dodecaneser/.vscode-oss/extensions/ms-python.python-2023.18.0-universal/out/client/extension.js:2:828271)
	at /home/dodecaneser/.vscode-oss/extensions/ms-python.python-2023.18.0-universal/out/client/extension.js:2:2386
	at Array.map (<anonymous>)
	at g.activateWorkspace (/home/dodecaneser/.vscode-oss/extensions/ms-python.python-2023.18.0-universal/out/client/extension.js:2:2376)
2023-10-18 22:04:28.198 [error] Error: Pending response rejected since connection got disposed
	at Object.dispose (/home/dodecaneser/.vscode-oss/extensions/ms-python.python-2023.18.0-universal/out/client/extension.js:2:2318937)
	at Object.dispose (/home/dodecaneser/.vscode-oss/extensions/ms-python.python-2023.18.0-universal/out/client/extension.js:2:2085486)
	at E.handleConnectionClosed (/home/dodecaneser/.vscode-oss/extensions/ms-python.python-2023.18.0-universal/out/client/extension.js:2:2085892)
	at E.handleConnectionClosed (/home/dodecaneser/.vscode-oss/extensions/ms-python.python-2023.18.0-universal/out/client/extension.js:2:2243068)
	at /home/dodecaneser/.vscode-oss/extensions/ms-python.python-2023.18.0-universal/out/client/extension.js:2:2085635
	at i.invoke (/home/dodecaneser/.vscode-oss/extensions/ms-python.python-2023.18.0-universal/out/client/extension.js:2:2320648)
	at o.fire (/home/dodecaneser/.vscode-oss/extensions/ms-python.python-2023.18.0-universal/out/client/extension.js:2:2321413)
	at te (/home/dodecaneser/.vscode-oss/extensions/ms-python.python-2023.18.0-universal/out/client/extension.js:2:2307060)
	at i.invoke (/home/dodecaneser/.vscode-oss/extensions/ms-python.python-2023.18.0-universal/out/client/extension.js:2:2320648)
	at o.fire (/home/dodecaneser/.vscode-oss/extensions/ms-python.python-2023.18.0-universal/out/client/extension.js:2:2321413)
	at y.fireClose (/home/dodecaneser/.vscode-oss/extensions/ms-python.python-2023.18.0-universal/out/client/extension.js:2:2332864)
	at Socket.<anonymous> (/home/dodecaneser/.vscode-oss/extensions/ms-python.python-2023.18.0-universal/out/client/extension.js:2:2333594)
	at Socket.emit (node:events:513:28)
	at Pipe.<anonymous> (node:net:322:12)
2023-10-18 22:04:28.199 [error] Error: Client is not running and can't be stopped. It's current state is: starting
	at E.shutdown (/home/dodecaneser/.vscode-oss/extensions/ms-python.python-2023.18.0-universal/out/client/extension.js:2:2080806)
	at E.stop (/home/dodecaneser/.vscode-oss/extensions/ms-python.python-2023.18.0-universal/out/client/extension.js:2:2080387)
	at E.stop (/home/dodecaneser/.vscode-oss/extensions/ms-python.python-2023.18.0-universal/out/client/extension.js:2:2242667)
	at E.doInitialize (/home/dodecaneser/.vscode-oss/extensions/ms-python.python-2023.18.0-universal/out/client/extension.js:2:2080210)
	at async E.start (/home/dodecaneser/.vscode-oss/extensions/ms-python.python-2023.18.0-universal/out/client/extension.js:2:2076776)
	at async l.start (/home/dodecaneser/.vscode-oss/extensions/ms-python.python-2023.18.0-universal/out/client/extension.js:2:19361)
2023-10-18 22:04:28.559 [info] Eager extensions activated
2023-10-18 22:04:28.664 [error] Error: Client is not running and can't be stopped. It's current state is: startFailed
	at E.shutdown (/home/dodecaneser/.vscode-oss/extensions/ms-python.python-2023.18.0-universal/out/client/extension.js:2:2080806)
	at E.stop (/home/dodecaneser/.vscode-oss/extensions/ms-python.python-2023.18.0-universal/out/client/extension.js:2:2080387)
	at E.stop (/home/dodecaneser/.vscode-oss/extensions/ms-python.python-2023.18.0-universal/out/client/extension.js:2:2242667)
	at E.doInitialize (/home/dodecaneser/.vscode-oss/extensions/ms-python.python-2023.18.0-universal/out/client/extension.js:2:2080210)
	at async E.start (/home/dodecaneser/.vscode-oss/extensions/ms-python.python-2023.18.0-universal/out/client/extension.js:2:2076776)
2023-10-18 22:04:29.059 [error] Error: Cannot call write after a stream was destroyed
	at new NodeError (node:internal/errors:399:5)
	at _write (node:internal/streams/writable:324:11)
	at Writable.write (node:internal/streams/writable:337:10)
	at /home/dodecaneser/.vscode-oss/extensions/ms-python.python-2023.18.0-universal/out/client/extension.js:2:2346505
	at new Promise (<anonymous>)
	at a.write (/home/dodecaneser/.vscode-oss/extensions/ms-python.python-2023.18.0-universal/out/client/extension.js:2:2346423)
	at y.doWrite (/home/dodecaneser/.vscode-oss/extensions/ms-python.python-2023.18.0-universal/out/client/extension.js:2:2334019)
	at /home/dodecaneser/.vscode-oss/extensions/ms-python.python-2023.18.0-universal/out/client/extension.js:2:2333914
2023-10-18 22:04:29.061 [error] Error: Client is not running and can't be stopped. It's current state is: startFailed
	at E.shutdown (/home/dodecaneser/.vscode-oss/extensions/ms-python.python-2023.18.0-universal/out/client/extension.js:2:2080806)
	at E.stop (/home/dodecaneser/.vscode-oss/extensions/ms-python.python-2023.18.0-universal/out/client/extension.js:2:2080387)
	at E.stop (/home/dodecaneser/.vscode-oss/extensions/ms-python.python-2023.18.0-universal/out/client/extension.js:2:2242667)
	at E.doInitialize (/home/dodecaneser/.vscode-oss/extensions/ms-python.python-2023.18.0-universal/out/client/extension.js:2:2080210)
	at process.processTicksAndRejections (node:internal/process/task_queues:95:5)
	at async E.start (/home/dodecaneser/.vscode-oss/extensions/ms-python.python-2023.18.0-universal/out/client/extension.js:2:2076776)
2023-10-18 22:04:29.268 [info] ExtensionService#_doActivateExtension vscode.debug-auto-launch, startup: false, activationEvent: 'onStartupFinished'
2023-10-18 22:04:29.274 [info] ExtensionService#_doActivateExtension vscode.merge-conflict, startup: false, activationEvent: 'onStartupFinished'
2023-10-18 22:04:29.303 [info] ExtensionService#_doActivateExtension eamodio.gitlens, startup: false, activationEvent: 'onStartupFinished'
2023-10-18 22:04:29.451 [info] ExtensionService#_doActivateExtension esbenp.prettier-vscode, startup: false, activationEvent: 'onStartupFinished'
2023-10-18 22:04:29.589 [info] ExtensionService#_doActivateExtension shardulm94.trailing-spaces, startup: false, activationEvent: 'onStartupFinished'
2023-10-18 22:04:29.687 [error] Error: Pending response rejected since connection got disposed
	at Object.dispose (/home/dodecaneser/.vscode-oss/extensions/ms-python.python-2023.18.0-universal/out/client/extension.js:2:2318937)
	at Object.dispose (/home/dodecaneser/.vscode-oss/extensions/ms-python.python-2023.18.0-universal/out/client/extension.js:2:2085486)
	at E.handleConnectionClosed (/home/dodecaneser/.vscode-oss/extensions/ms-python.python-2023.18.0-universal/out/client/extension.js:2:2085892)
	at E.handleConnectionClosed (/home/dodecaneser/.vscode-oss/extensions/ms-python.python-2023.18.0-universal/out/client/extension.js:2:2243068)
	at /home/dodecaneser/.vscode-oss/extensions/ms-python.python-2023.18.0-universal/out/client/extension.js:2:2085635
	at i.invoke (/home/dodecaneser/.vscode-oss/extensions/ms-python.python-2023.18.0-universal/out/client/extension.js:2:2320648)
	at o.fire (/home/dodecaneser/.vscode-oss/extensions/ms-python.python-2023.18.0-universal/out/client/extension.js:2:2321413)
	at te (/home/dodecaneser/.vscode-oss/extensions/ms-python.python-2023.18.0-universal/out/client/extension.js:2:2307060)
	at i.invoke (/home/dodecaneser/.vscode-oss/extensions/ms-python.python-2023.18.0-universal/out/client/extension.js:2:2320648)
	at o.fire (/home/dodecaneser/.vscode-oss/extensions/ms-python.python-2023.18.0-universal/out/client/extension.js:2:2321413)
	at y.fireClose (/home/dodecaneser/.vscode-oss/extensions/ms-python.python-2023.18.0-universal/out/client/extension.js:2:2332864)
	at Socket.<anonymous> (/home/dodecaneser/.vscode-oss/extensions/ms-python.python-2023.18.0-universal/out/client/extension.js:2:2333594)
	at Socket.emit (node:events:513:28)
	at Pipe.<anonymous> (node:net:322:12)
2023-10-18 22:04:29.688 [error] Error: Client is not running and can't be stopped. It's current state is: starting
	at E.shutdown (/home/dodecaneser/.vscode-oss/extensions/ms-python.python-2023.18.0-universal/out/client/extension.js:2:2080806)
	at E.stop (/home/dodecaneser/.vscode-oss/extensions/ms-python.python-2023.18.0-universal/out/client/extension.js:2:2080387)
	at E.stop (/home/dodecaneser/.vscode-oss/extensions/ms-python.python-2023.18.0-universal/out/client/extension.js:2:2242667)
	at E.doInitialize (/home/dodecaneser/.vscode-oss/extensions/ms-python.python-2023.18.0-universal/out/client/extension.js:2:2080210)
	at async E.start (/home/dodecaneser/.vscode-oss/extensions/ms-python.python-2023.18.0-universal/out/client/extension.js:2:2076776)
2023-10-18 22:04:29.690 [error] Error: Client is not running and can't be stopped. It's current state is: startFailed
	at E.shutdown (/home/dodecaneser/.vscode-oss/extensions/ms-python.python-2023.18.0-universal/out/client/extension.js:2:2080806)
	at E.stop (/home/dodecaneser/.vscode-oss/extensions/ms-python.python-2023.18.0-universal/out/client/extension.js:2:2080387)
	at E.stop (/home/dodecaneser/.vscode-oss/extensions/ms-python.python-2023.18.0-universal/out/client/extension.js:2:2242667)
	at E.doInitialize (/home/dodecaneser/.vscode-oss/extensions/ms-python.python-2023.18.0-universal/out/client/extension.js:2:2080210)
	at async E.start (/home/dodecaneser/.vscode-oss/extensions/ms-python.python-2023.18.0-universal/out/client/extension.js:2:2076776)
2023-10-18 22:05:18.173 [info] Extension host terminating: renderer closed the MessagePort
2023-10-18 22:05:18.215 [error] Canceled: Canceled
	at new g (/usr/lib/code/out/vs/workbench/api/node/extensionHostProcess.js:125:57216)
	at i.U (/usr/lib/code/out/vs/workbench/api/node/extensionHostProcess.js:134:10864)
	at M.<computed>.j.charCodeAt.M.<computed> (/usr/lib/code/out/vs/workbench/api/node/extensionHostProcess.js:134:8315)
	at n.g (/usr/lib/code/out/vs/workbench/api/node/extensionHostProcess.js:125:83747)
	at n.executeCommand (/usr/lib/code/out/vs/workbench/api/node/extensionHostProcess.js:125:83185)
	at b.registerCommand.description (/usr/lib/code/out/vs/workbench/api/node/extensionHostProcess.js:125:82506)
	at n.h (/usr/lib/code/out/vs/workbench/api/node/extensionHostProcess.js:125:84283)
	at n.g (/usr/lib/code/out/vs/workbench/api/node/extensionHostProcess.js:125:83278)
	at n.executeCommand (/usr/lib/code/out/vs/workbench/api/node/extensionHostProcess.js:125:83185)
	at Object.executeCommand (/usr/lib/code/out/vs/workbench/api/node/extensionHostProcess.js:140:21282)
	at w (/home/dodecaneser/.vscode-oss/extensions/eamodio.gitlens-14.4.0-universal/dist/gitlens.js:1:1065334)
	at l (/home/dodecaneser/.vscode-oss/extensions/eamodio.gitlens-14.4.0-universal/dist/gitlens.js:1:1069962)
	at ActionRunners._updateContextKeys (/home/dodecaneser/.vscode-oss/extensions/eamodio.gitlens-14.4.0-universal/dist/gitlens.js:1:38884)
	at s (/home/dodecaneser/.vscode-oss/extensions/eamodio.gitlens-14.4.0-universal/dist/gitlens.js:1:37303)
	at RegisteredActionRunner.unregister (/home/dodecaneser/.vscode-oss/extensions/eamodio.gitlens-14.4.0-universal/dist/gitlens.js:1:37447)
	at RegisteredActionRunner.dispose (/home/dodecaneser/.vscode-oss/extensions/eamodio.gitlens-14.4.0-universal/dist/gitlens.js:1:36110)
	at ActionRunners.dispose (/home/dodecaneser/.vscode-oss/extensions/eamodio.gitlens-14.4.0-universal/dist/gitlens.js:1:36889)
	at /home/dodecaneser/.vscode-oss/extensions/eamodio.gitlens-14.4.0-universal/dist/gitlens.js:1:763849
	at Array.forEach (<anonymous>)
	at Object.dispose (/home/dodecaneser/.vscode-oss/extensions/eamodio.gitlens-14.4.0-universal/dist/gitlens.js:1:763834)
	at o (/usr/lib/code/out/vs/workbench/api/node/extensionHostProcess.js:30:754)
	at s.cb (/usr/lib/code/out/vs/workbench/api/node/extensionHostProcess.js:136:9846)
	at /usr/lib/code/out/vs/workbench/api/node/extensionHostProcess.js:136:7796
	at Array.map (<anonymous>)
	at s.Y (/usr/lib/code/out/vs/workbench/api/node/extensionHostProcess.js:136:7784)
	at s.terminate (/usr/lib/code/out/vs/workbench/api/node/extensionHostProcess.js:136:8054)
	at o.terminate (/usr/lib/code/out/vs/workbench/api/node/extensionHostProcess.js:140:1513)
	at l (/usr/lib/code/out/vs/workbench/api/node/extensionHostProcess.js:153:9801)
	at MessagePortMain.<anonymous> (/usr/lib/code/out/vs/workbench/api/node/extensionHostProcess.js:153:6226)
	at MessagePortMain.emit (node:events:513:28)
	at MessagePortMain._internalPort.emit (node:electron/js2c/utility_init:2:367) setContext undefined
2023-10-18 22:05:18.215 [error] Canceled: Canceled
	at new g (/usr/lib/code/out/vs/workbench/api/node/extensionHostProcess.js:125:57216)
	at i.U (/usr/lib/code/out/vs/workbench/api/node/extensionHostProcess.js:134:10864)
	at M.<computed>.j.charCodeAt.M.<computed> (/usr/lib/code/out/vs/workbench/api/node/extensionHostProcess.js:134:8315)
	at n.g (/usr/lib/code/out/vs/workbench/api/node/extensionHostProcess.js:125:83747)
	at n.executeCommand (/usr/lib/code/out/vs/workbench/api/node/extensionHostProcess.js:125:83185)
	at b.registerCommand.description (/usr/lib/code/out/vs/workbench/api/node/extensionHostProcess.js:125:82506)
	at n.h (/usr/lib/code/out/vs/workbench/api/node/extensionHostProcess.js:125:84283)
	at n.g (/usr/lib/code/out/vs/workbench/api/node/extensionHostProcess.js:125:83278)
	at n.executeCommand (/usr/lib/code/out/vs/workbench/api/node/extensionHostProcess.js:125:83185)
	at Object.executeCommand (/usr/lib/code/out/vs/workbench/api/node/extensionHostProcess.js:140:21282)
	at w (/home/dodecaneser/.vscode-oss/extensions/eamodio.gitlens-14.4.0-universal/dist/gitlens.js:1:1065334)
	at l (/home/dodecaneser/.vscode-oss/extensions/eamodio.gitlens-14.4.0-universal/dist/gitlens.js:1:1069962)
	at ActionRunners._updateContextKeys (/home/dodecaneser/.vscode-oss/extensions/eamodio.gitlens-14.4.0-universal/dist/gitlens.js:1:38884)
	at s (/home/dodecaneser/.vscode-oss/extensions/eamodio.gitlens-14.4.0-universal/dist/gitlens.js:1:37303)
	at RegisteredActionRunner.unregister (/home/dodecaneser/.vscode-oss/extensions/eamodio.gitlens-14.4.0-universal/dist/gitlens.js:1:37447)
	at RegisteredActionRunner.dispose (/home/dodecaneser/.vscode-oss/extensions/eamodio.gitlens-14.4.0-universal/dist/gitlens.js:1:36110)
	at ActionRunners.dispose (/home/dodecaneser/.vscode-oss/extensions/eamodio.gitlens-14.4.0-universal/dist/gitlens.js:1:36889)
	at /home/dodecaneser/.vscode-oss/extensions/eamodio.gitlens-14.4.0-universal/dist/gitlens.js:1:763849
	at Array.forEach (<anonymous>)
	at Object.dispose (/home/dodecaneser/.vscode-oss/extensions/eamodio.gitlens-14.4.0-universal/dist/gitlens.js:1:763834)
	at o (/usr/lib/code/out/vs/workbench/api/node/extensionHostProcess.js:30:754)
	at s.cb (/usr/lib/code/out/vs/workbench/api/node/extensionHostProcess.js:136:9846)
	at /usr/lib/code/out/vs/workbench/api/node/extensionHostProcess.js:136:7796
	at Array.map (<anonymous>)
	at s.Y (/usr/lib/code/out/vs/workbench/api/node/extensionHostProcess.js:136:7784)
	at s.terminate (/usr/lib/code/out/vs/workbench/api/node/extensionHostProcess.js:136:8054)
	at o.terminate (/usr/lib/code/out/vs/workbench/api/node/extensionHostProcess.js:140:1513)
	at l (/usr/lib/code/out/vs/workbench/api/node/extensionHostProcess.js:153:9801)
	at MessagePortMain.<anonymous> (/usr/lib/code/out/vs/workbench/api/node/extensionHostProcess.js:153:6226)
	at MessagePortMain.emit (node:events:513:28)
	at MessagePortMain._internalPort.emit (node:electron/js2c/utility_init:2:367) setContext undefined
2023-10-18 22:05:18.216 [error] Canceled: Canceled
	at new g (/usr/lib/code/out/vs/workbench/api/node/extensionHostProcess.js:125:57216)
	at i.U (/usr/lib/code/out/vs/workbench/api/node/extensionHostProcess.js:134:10864)
	at M.<computed>.j.charCodeAt.M.<computed> (/usr/lib/code/out/vs/workbench/api/node/extensionHostProcess.js:134:8315)
	at n.g (/usr/lib/code/out/vs/workbench/api/node/extensionHostProcess.js:125:83747)
	at n.executeCommand (/usr/lib/code/out/vs/workbench/api/node/extensionHostProcess.js:125:83185)
	at b.registerCommand.description (/usr/lib/code/out/vs/workbench/api/node/extensionHostProcess.js:125:82506)
	at n.h (/usr/lib/code/out/vs/workbench/api/node/extensionHostProcess.js:125:84283)
	at n.g (/usr/lib/code/out/vs/workbench/api/node/extensionHostProcess.js:125:83278)
	at n.executeCommand (/usr/lib/code/out/vs/workbench/api/node/extensionHostProcess.js:125:83185)
	at Object.executeCommand (/usr/lib/code/out/vs/workbench/api/node/extensionHostProcess.js:140:21282)
	at w (/home/dodecaneser/.vscode-oss/extensions/eamodio.gitlens-14.4.0-universal/dist/gitlens.js:1:1065334)
	at l (/home/dodecaneser/.vscode-oss/extensions/eamodio.gitlens-14.4.0-universal/dist/gitlens.js:1:1069962)
	at ActionRunners._updateContextKeys (/home/dodecaneser/.vscode-oss/extensions/eamodio.gitlens-14.4.0-universal/dist/gitlens.js:1:38884)
	at s (/home/dodecaneser/.vscode-oss/extensions/eamodio.gitlens-14.4.0-universal/dist/gitlens.js:1:37303)
	at RegisteredActionRunner.unregister (/home/dodecaneser/.vscode-oss/extensions/eamodio.gitlens-14.4.0-universal/dist/gitlens.js:1:37447)
	at RegisteredActionRunner.dispose (/home/dodecaneser/.vscode-oss/extensions/eamodio.gitlens-14.4.0-universal/dist/gitlens.js:1:36110)
	at ActionRunners.dispose (/home/dodecaneser/.vscode-oss/extensions/eamodio.gitlens-14.4.0-universal/dist/gitlens.js:1:36889)
	at /home/dodecaneser/.vscode-oss/extensions/eamodio.gitlens-14.4.0-universal/dist/gitlens.js:1:763849
	at Array.forEach (<anonymous>)
	at Object.dispose (/home/dodecaneser/.vscode-oss/extensions/eamodio.gitlens-14.4.0-universal/dist/gitlens.js:1:763834)
	at o (/usr/lib/code/out/vs/workbench/api/node/extensionHostProcess.js:30:754)
	at s.cb (/usr/lib/code/out/vs/workbench/api/node/extensionHostProcess.js:136:9846)
	at /usr/lib/code/out/vs/workbench/api/node/extensionHostProcess.js:136:7796
	at Array.map (<anonymous>)
	at s.Y (/usr/lib/code/out/vs/workbench/api/node/extensionHostProcess.js:136:7784)
	at s.terminate (/usr/lib/code/out/vs/workbench/api/node/extensionHostProcess.js:136:8054)
	at o.terminate (/usr/lib/code/out/vs/workbench/api/node/extensionHostProcess.js:140:1513)
	at l (/usr/lib/code/out/vs/workbench/api/node/extensionHostProcess.js:153:9801)
	at MessagePortMain.<anonymous> (/usr/lib/code/out/vs/workbench/api/node/extensionHostProcess.js:153:6226)
	at MessagePortMain.emit (node:events:513:28)
	at MessagePortMain._internalPort.emit (node:electron/js2c/utility_init:2:367) setContext undefined
2023-10-18 22:05:18.216 [error] Canceled: Canceled
	at new g (/usr/lib/code/out/vs/workbench/api/node/extensionHostProcess.js:125:57216)
	at i.U (/usr/lib/code/out/vs/workbench/api/node/extensionHostProcess.js:134:10864)
	at M.<computed>.j.charCodeAt.M.<computed> (/usr/lib/code/out/vs/workbench/api/node/extensionHostProcess.js:134:8315)
	at n.g (/usr/lib/code/out/vs/workbench/api/node/extensionHostProcess.js:125:83747)
	at n.executeCommand (/usr/lib/code/out/vs/workbench/api/node/extensionHostProcess.js:125:83185)
	at b.registerCommand.description (/usr/lib/code/out/vs/workbench/api/node/extensionHostProcess.js:125:82506)
	at n.h (/usr/lib/code/out/vs/workbench/api/node/extensionHostProcess.js:125:84283)
	at n.g (/usr/lib/code/out/vs/workbench/api/node/extensionHostProcess.js:125:83278)
	at n.executeCommand (/usr/lib/code/out/vs/workbench/api/node/extensionHostProcess.js:125:83185)
	at Object.executeCommand (/usr/lib/code/out/vs/workbench/api/node/extensionHostProcess.js:140:21282)
	at w (/home/dodecaneser/.vscode-oss/extensions/eamodio.gitlens-14.4.0-universal/dist/gitlens.js:1:1065334)
	at l (/home/dodecaneser/.vscode-oss/extensions/eamodio.gitlens-14.4.0-universal/dist/gitlens.js:1:1069962)
	at ActionRunners._updateContextKeys (/home/dodecaneser/.vscode-oss/extensions/eamodio.gitlens-14.4.0-universal/dist/gitlens.js:1:38884)
	at s (/home/dodecaneser/.vscode-oss/extensions/eamodio.gitlens-14.4.0-universal/dist/gitlens.js:1:37303)
	at RegisteredActionRunner.unregister (/home/dodecaneser/.vscode-oss/extensions/eamodio.gitlens-14.4.0-universal/dist/gitlens.js:1:37447)
	at RegisteredActionRunner.dispose (/home/dodecaneser/.vscode-oss/extensions/eamodio.gitlens-14.4.0-universal/dist/gitlens.js:1:36110)
	at Object.dispose (/home/dodecaneser/.vscode-oss/extensions/eamodio.gitlens-14.4.0-universal/dist/gitlens.js:1:37544)
	at o (/usr/lib/code/out/vs/workbench/api/node/extensionHostProcess.js:30:754)
	at s.cb (/usr/lib/code/out/vs/workbench/api/node/extensionHostProcess.js:136:9846)
	at /usr/lib/code/out/vs/workbench/api/node/extensionHostProcess.js:136:7796
	at Array.map (<anonymous>)
	at s.Y (/usr/lib/code/out/vs/workbench/api/node/extensionHostProcess.js:136:7784)
	at s.terminate (/usr/lib/code/out/vs/workbench/api/node/extensionHostProcess.js:136:8054)
	at o.terminate (/usr/lib/code/out/vs/workbench/api/node/extensionHostProcess.js:140:1513)
	at l (/usr/lib/code/out/vs/workbench/api/node/extensionHostProcess.js:153:9801)
	at MessagePortMain.<anonymous> (/usr/lib/code/out/vs/workbench/api/node/extensionHostProcess.js:153:6226)
	at MessagePortMain.emit (node:events:513:28)
	at MessagePortMain._internalPort.emit (node:electron/js2c/utility_init:2:367) setContext undefined
2023-10-18 22:05:18.217 [error] Canceled: Canceled
	at new g (/usr/lib/code/out/vs/workbench/api/node/extensionHostProcess.js:125:57216)
	at i.U (/usr/lib/code/out/vs/workbench/api/node/extensionHostProcess.js:134:10864)
	at M.<computed>.j.charCodeAt.M.<computed> (/usr/lib/code/out/vs/workbench/api/node/extensionHostProcess.js:134:8315)
	at n.g (/usr/lib/code/out/vs/workbench/api/node/extensionHostProcess.js:125:83747)
	at n.executeCommand (/usr/lib/code/out/vs/workbench/api/node/extensionHostProcess.js:125:83185)
	at b.registerCommand.description (/usr/lib/code/out/vs/workbench/api/node/extensionHostProcess.js:125:82506)
	at n.h (/usr/lib/code/out/vs/workbench/api/node/extensionHostProcess.js:125:84283)
	at n.g (/usr/lib/code/out/vs/workbench/api/node/extensionHostProcess.js:125:83278)
	at n.executeCommand (/usr/lib/code/out/vs/workbench/api/node/extensionHostProcess.js:125:83185)
	at Object.executeCommand (/usr/lib/code/out/vs/workbench/api/node/extensionHostProcess.js:140:21282)
	at w (/home/dodecaneser/.vscode-oss/extensions/eamodio.gitlens-14.4.0-universal/dist/gitlens.js:1:1065334)
	at l (/home/dodecaneser/.vscode-oss/extensions/eamodio.gitlens-14.4.0-universal/dist/gitlens.js:1:1069962)
	at ActionRunners._updateContextKeys (/home/dodecaneser/.vscode-oss/extensions/eamodio.gitlens-14.4.0-universal/dist/gitlens.js:1:38884)
	at s (/home/dodecaneser/.vscode-oss/extensions/eamodio.gitlens-14.4.0-universal/dist/gitlens.js:1:37303)
	at RegisteredActionRunner.unregister (/home/dodecaneser/.vscode-oss/extensions/eamodio.gitlens-14.4.0-universal/dist/gitlens.js:1:37447)
	at RegisteredActionRunner.dispose (/home/dodecaneser/.vscode-oss/extensions/eamodio.gitlens-14.4.0-universal/dist/gitlens.js:1:36110)
	at Object.dispose (/home/dodecaneser/.vscode-oss/extensions/eamodio.gitlens-14.4.0-universal/dist/gitlens.js:1:37544)
	at o (/usr/lib/code/out/vs/workbench/api/node/extensionHostProcess.js:30:754)
	at s.cb (/usr/lib/code/out/vs/workbench/api/node/extensionHostProcess.js:136:9846)
	at /usr/lib/code/out/vs/workbench/api/node/extensionHostProcess.js:136:7796
	at Array.map (<anonymous>)
	at s.Y (/usr/lib/code/out/vs/workbench/api/node/extensionHostProcess.js:136:7784)
	at s.terminate (/usr/lib/code/out/vs/workbench/api/node/extensionHostProcess.js:136:8054)
	at o.terminate (/usr/lib/code/out/vs/workbench/api/node/extensionHostProcess.js:140:1513)
	at l (/usr/lib/code/out/vs/workbench/api/node/extensionHostProcess.js:153:9801)
	at MessagePortMain.<anonymous> (/usr/lib/code/out/vs/workbench/api/node/extensionHostProcess.js:153:6226)
	at MessagePortMain.emit (node:events:513:28)
	at MessagePortMain._internalPort.emit (node:electron/js2c/utility_init:2:367) setContext undefined
2023-10-18 22:05:18.217 [error] Canceled: Canceled
	at new g (/usr/lib/code/out/vs/workbench/api/node/extensionHostProcess.js:125:57216)
	at i.U (/usr/lib/code/out/vs/workbench/api/node/extensionHostProcess.js:134:10864)
	at M.<computed>.j.charCodeAt.M.<computed> (/usr/lib/code/out/vs/workbench/api/node/extensionHostProcess.js:134:8315)
	at n.g (/usr/lib/code/out/vs/workbench/api/node/extensionHostProcess.js:125:83747)
	at n.executeCommand (/usr/lib/code/out/vs/workbench/api/node/extensionHostProcess.js:125:83185)
	at b.registerCommand.description (/usr/lib/code/out/vs/workbench/api/node/extensionHostProcess.js:125:82506)
	at n.h (/usr/lib/code/out/vs/workbench/api/node/extensionHostProcess.js:125:84283)
	at n.g (/usr/lib/code/out/vs/workbench/api/node/extensionHostProcess.js:125:83278)
	at n.executeCommand (/usr/lib/code/out/vs/workbench/api/node/extensionHostProcess.js:125:83185)
	at Object.executeCommand (/usr/lib/code/out/vs/workbench/api/node/extensionHostProcess.js:140:21282)
	at w (/home/dodecaneser/.vscode-oss/extensions/eamodio.gitlens-14.4.0-universal/dist/gitlens.js:1:1065334)
	at l (/home/dodecaneser/.vscode-oss/extensions/eamodio.gitlens-14.4.0-universal/dist/gitlens.js:1:1069962)
	at ActionRunners._updateContextKeys (/home/dodecaneser/.vscode-oss/extensions/eamodio.gitlens-14.4.0-universal/dist/gitlens.js:1:38884)
	at s (/home/dodecaneser/.vscode-oss/extensions/eamodio.gitlens-14.4.0-universal/dist/gitlens.js:1:37303)
	at RegisteredActionRunner.unregister (/home/dodecaneser/.vscode-oss/extensions/eamodio.gitlens-14.4.0-universal/dist/gitlens.js:1:37447)
	at RegisteredActionRunner.dispose (/home/dodecaneser/.vscode-oss/extensions/eamodio.gitlens-14.4.0-universal/dist/gitlens.js:1:36110)
	at Object.dispose (/home/dodecaneser/.vscode-oss/extensions/eamodio.gitlens-14.4.0-universal/dist/gitlens.js:1:37544)
	at o (/usr/lib/code/out/vs/workbench/api/node/extensionHostProcess.js:30:754)
	at s.cb (/usr/lib/code/out/vs/workbench/api/node/extensionHostProcess.js:136:9846)
	at /usr/lib/code/out/vs/workbench/api/node/extensionHostProcess.js:136:7796
	at Array.map (<anonymous>)
	at s.Y (/usr/lib/code/out/vs/workbench/api/node/extensionHostProcess.js:136:7784)
	at s.terminate (/usr/lib/code/out/vs/workbench/api/node/extensionHostProcess.js:136:8054)
	at o.terminate (/usr/lib/code/out/vs/workbench/api/node/extensionHostProcess.js:140:1513)
	at l (/usr/lib/code/out/vs/workbench/api/node/extensionHostProcess.js:153:9801)
	at MessagePortMain.<anonymous> (/usr/lib/code/out/vs/workbench/api/node/extensionHostProcess.js:153:6226)
	at MessagePortMain.emit (node:events:513:28)
	at MessagePortMain._internalPort.emit (node:electron/js2c/utility_init:2:367) setContext undefined
2023-10-18 22:05:18.218 [info] Extension host with pid 160058 exiting with code 0
2023-10-18 22:05:22.406 [info] Extension host with pid 160317 started
2023-10-18 22:05:22.598 [info] ExtensionService#_doActivateExtension vscode.emmet, startup: false, activationEvent: 'onLanguage'
2023-10-18 22:05:22.621 [info] ExtensionService#_doActivateExtension KevinRose.vsc-python-indent, startup: false, activationEvent: 'onLanguage:python'
2023-10-18 22:05:22.634 [info] ExtensionService#_doActivateExtension njpwerner.autodocstring, startup: false, activationEvent: 'onLanguage:python'
2023-10-18 22:05:22.918 [info] ExtensionService#_doActivateExtension vscode.git-base, startup: true, activationEvent: '*', root cause: vscode.git
2023-10-18 22:05:22.922 [info] ExtensionService#_doActivateExtension CoenraadS.bracket-pair-colorizer-2, startup: true, activationEvent: '*'
2023-10-18 22:05:22.947 [info] ExtensionService#_doActivateExtension oderwat.indent-rainbow, startup: true, activationEvent: '*'
2023-10-18 22:05:23.023 [info] ExtensionService#_doActivateExtension vscode.git, startup: true, activationEvent: '*'
2023-10-18 22:05:23.073 [info] ExtensionService#_doActivateExtension vscode.github, startup: true, activationEvent: '*'
2023-10-18 22:05:23.258 [info] Eager extensions activated
2023-10-18 22:05:23.555 [info] ExtensionService#_doActivateExtension vscode.debug-auto-launch, startup: false, activationEvent: 'onStartupFinished'
2023-10-18 22:05:23.564 [info] ExtensionService#_doActivateExtension vscode.merge-conflict, startup: false, activationEvent: 'onStartupFinished'
2023-10-18 22:05:23.601 [info] ExtensionService#_doActivateExtension eamodio.gitlens, startup: false, activationEvent: 'onStartupFinished'
2023-10-18 22:05:23.799 [info] ExtensionService#_doActivateExtension esbenp.prettier-vscode, startup: false, activationEvent: 'onStartupFinished'
2023-10-18 22:05:23.954 [info] ExtensionService#_doActivateExtension shardulm94.trailing-spaces, startup: false, activationEvent: 'onStartupFinished'
2023-10-18 22:05:38.865 [info] ExtensionService#_doActivateExtension ms-python.python, startup: false, activationEvent: 'onLanguage:python'
2023-10-18 22:05:40.120 [error] Error: Extension 'ms-python.python' CANNOT use API proposal: testObserver.
Its package.json#enabledApiProposals-property declares:  but NOT testObserver.
 The missing proposal MUST be added and you must start in extension development mode or use the following command line switch: --enable-proposed-api ms-python.python
	at E (/usr/lib/code/out/vs/workbench/api/node/extensionHostProcess.js:123:71061)
	at get testResults [as testResults] (/usr/lib/code/out/vs/workbench/api/node/extensionHostProcess.js:140:23653)
	at w.activate (/home/dodecaneser/.vscode-oss/extensions/ms-python.python-2023.18.0-universal/out/client/extension.js:2:828271)
	at /home/dodecaneser/.vscode-oss/extensions/ms-python.python-2023.18.0-universal/out/client/extension.js:2:2386
	at Array.map (<anonymous>)
	at g.activateWorkspace (/home/dodecaneser/.vscode-oss/extensions/ms-python.python-2023.18.0-universal/out/client/extension.js:2:2376)
2023-10-18 22:05:40.224 [error] Error: Pending response rejected since connection got disposed
	at Object.dispose (/home/dodecaneser/.vscode-oss/extensions/ms-python.python-2023.18.0-universal/out/client/extension.js:2:2318937)
	at Object.dispose (/home/dodecaneser/.vscode-oss/extensions/ms-python.python-2023.18.0-universal/out/client/extension.js:2:2085486)
	at E.handleConnectionClosed (/home/dodecaneser/.vscode-oss/extensions/ms-python.python-2023.18.0-universal/out/client/extension.js:2:2085892)
	at E.handleConnectionClosed (/home/dodecaneser/.vscode-oss/extensions/ms-python.python-2023.18.0-universal/out/client/extension.js:2:2243068)
	at /home/dodecaneser/.vscode-oss/extensions/ms-python.python-2023.18.0-universal/out/client/extension.js:2:2085635
	at i.invoke (/home/dodecaneser/.vscode-oss/extensions/ms-python.python-2023.18.0-universal/out/client/extension.js:2:2320648)
	at o.fire (/home/dodecaneser/.vscode-oss/extensions/ms-python.python-2023.18.0-universal/out/client/extension.js:2:2321413)
	at te (/home/dodecaneser/.vscode-oss/extensions/ms-python.python-2023.18.0-universal/out/client/extension.js:2:2307060)
	at i.invoke (/home/dodecaneser/.vscode-oss/extensions/ms-python.python-2023.18.0-universal/out/client/extension.js:2:2320648)
	at o.fire (/home/dodecaneser/.vscode-oss/extensions/ms-python.python-2023.18.0-universal/out/client/extension.js:2:2321413)
	at y.fireClose (/home/dodecaneser/.vscode-oss/extensions/ms-python.python-2023.18.0-universal/out/client/extension.js:2:2332864)
	at Socket.<anonymous> (/home/dodecaneser/.vscode-oss/extensions/ms-python.python-2023.18.0-universal/out/client/extension.js:2:2333594)
	at Socket.emit (node:events:513:28)
	at Pipe.<anonymous> (node:net:322:12)
2023-10-18 22:05:40.228 [error] Error: Client is not running and can't be stopped. It's current state is: starting
	at E.shutdown (/home/dodecaneser/.vscode-oss/extensions/ms-python.python-2023.18.0-universal/out/client/extension.js:2:2080806)
	at E.stop (/home/dodecaneser/.vscode-oss/extensions/ms-python.python-2023.18.0-universal/out/client/extension.js:2:2080387)
	at E.stop (/home/dodecaneser/.vscode-oss/extensions/ms-python.python-2023.18.0-universal/out/client/extension.js:2:2242667)
	at E.doInitialize (/home/dodecaneser/.vscode-oss/extensions/ms-python.python-2023.18.0-universal/out/client/extension.js:2:2080210)
	at async E.start (/home/dodecaneser/.vscode-oss/extensions/ms-python.python-2023.18.0-universal/out/client/extension.js:2:2076776)
	at async l.start (/home/dodecaneser/.vscode-oss/extensions/ms-python.python-2023.18.0-universal/out/client/extension.js:2:19361)
2023-10-18 22:05:40.290 [error] Error: Client is not running and can't be stopped. It's current state is: startFailed
	at E.shutdown (/home/dodecaneser/.vscode-oss/extensions/ms-python.python-2023.18.0-universal/out/client/extension.js:2:2080806)
	at E.stop (/home/dodecaneser/.vscode-oss/extensions/ms-python.python-2023.18.0-universal/out/client/extension.js:2:2080387)
	at E.stop (/home/dodecaneser/.vscode-oss/extensions/ms-python.python-2023.18.0-universal/out/client/extension.js:2:2242667)
	at E.doInitialize (/home/dodecaneser/.vscode-oss/extensions/ms-python.python-2023.18.0-universal/out/client/extension.js:2:2080210)
	at async E.start (/home/dodecaneser/.vscode-oss/extensions/ms-python.python-2023.18.0-universal/out/client/extension.js:2:2076776)
2023-10-18 22:05:40.367 [error] Error: Client is not running and can't be stopped. It's current state is: startFailed
	at E.shutdown (/home/dodecaneser/.vscode-oss/extensions/ms-python.python-2023.18.0-universal/out/client/extension.js:2:2080806)
	at E.stop (/home/dodecaneser/.vscode-oss/extensions/ms-python.python-2023.18.0-universal/out/client/extension.js:2:2080387)
	at E.stop (/home/dodecaneser/.vscode-oss/extensions/ms-python.python-2023.18.0-universal/out/client/extension.js:2:2242667)
	at E.doInitialize (/home/dodecaneser/.vscode-oss/extensions/ms-python.python-2023.18.0-universal/out/client/extension.js:2:2080210)
	at async E.start (/home/dodecaneser/.vscode-oss/extensions/ms-python.python-2023.18.0-universal/out/client/extension.js:2:2076776)
2023-10-18 22:05:40.455 [error] Error: Client is not running and can't be stopped. It's current state is: startFailed
	at E.shutdown (/home/dodecaneser/.vscode-oss/extensions/ms-python.python-2023.18.0-universal/out/client/extension.js:2:2080806)
	at E.stop (/home/dodecaneser/.vscode-oss/extensions/ms-python.python-2023.18.0-universal/out/client/extension.js:2:2080387)
	at E.stop (/home/dodecaneser/.vscode-oss/extensions/ms-python.python-2023.18.0-universal/out/client/extension.js:2:2242667)
	at E.doInitialize (/home/dodecaneser/.vscode-oss/extensions/ms-python.python-2023.18.0-universal/out/client/extension.js:2:2080210)
	at async E.start (/home/dodecaneser/.vscode-oss/extensions/ms-python.python-2023.18.0-universal/out/client/extension.js:2:2076776)
2023-10-18 22:05:40.519 [error] Error: Client is not running and can't be stopped. It's current state is: startFailed
	at E.shutdown (/home/dodecaneser/.vscode-oss/extensions/ms-python.python-2023.18.0-universal/out/client/extension.js:2:2080806)
	at E.stop (/home/dodecaneser/.vscode-oss/extensions/ms-python.python-2023.18.0-universal/out/client/extension.js:2:2080387)
	at E.stop (/home/dodecaneser/.vscode-oss/extensions/ms-python.python-2023.18.0-universal/out/client/extension.js:2:2242667)
	at E.doInitialize (/home/dodecaneser/.vscode-oss/extensions/ms-python.python-2023.18.0-universal/out/client/extension.js:2:2080210)
	at async E.start (/home/dodecaneser/.vscode-oss/extensions/ms-python.python-2023.18.0-universal/out/client/extension.js:2:2076776)
2023-10-18 22:07:51.313 [info] Extension host terminating: renderer closed the MessagePort
2023-10-18 22:07:51.391 [error] Canceled: Canceled
	at new g (/usr/lib/code/out/vs/workbench/api/node/extensionHostProcess.js:125:57216)
	at i.U (/usr/lib/code/out/vs/workbench/api/node/extensionHostProcess.js:134:10864)
	at M.<computed>.j.charCodeAt.M.<computed> (/usr/lib/code/out/vs/workbench/api/node/extensionHostProcess.js:134:8315)
	at n.g (/usr/lib/code/out/vs/workbench/api/node/extensionHostProcess.js:125:83747)
	at n.executeCommand (/usr/lib/code/out/vs/workbench/api/node/extensionHostProcess.js:125:83185)
	at b.registerCommand.description (/usr/lib/code/out/vs/workbench/api/node/extensionHostProcess.js:125:82506)
	at n.h (/usr/lib/code/out/vs/workbench/api/node/extensionHostProcess.js:125:84283)
	at n.g (/usr/lib/code/out/vs/workbench/api/node/extensionHostProcess.js:125:83278)
	at n.executeCommand (/usr/lib/code/out/vs/workbench/api/node/extensionHostProcess.js:125:83185)
	at Object.executeCommand (/usr/lib/code/out/vs/workbench/api/node/extensionHostProcess.js:140:21282)
	at w (/home/dodecaneser/.vscode-oss/extensions/eamodio.gitlens-14.4.0-universal/dist/gitlens.js:1:1065334)
	at l (/home/dodecaneser/.vscode-oss/extensions/eamodio.gitlens-14.4.0-universal/dist/gitlens.js:1:1069962)
	at ActionRunners._updateContextKeys (/home/dodecaneser/.vscode-oss/extensions/eamodio.gitlens-14.4.0-universal/dist/gitlens.js:1:38884)
	at s (/home/dodecaneser/.vscode-oss/extensions/eamodio.gitlens-14.4.0-universal/dist/gitlens.js:1:37303)
	at RegisteredActionRunner.unregister (/home/dodecaneser/.vscode-oss/extensions/eamodio.gitlens-14.4.0-universal/dist/gitlens.js:1:37447)
	at RegisteredActionRunner.dispose (/home/dodecaneser/.vscode-oss/extensions/eamodio.gitlens-14.4.0-universal/dist/gitlens.js:1:36110)
	at ActionRunners.dispose (/home/dodecaneser/.vscode-oss/extensions/eamodio.gitlens-14.4.0-universal/dist/gitlens.js:1:36889)
	at /home/dodecaneser/.vscode-oss/extensions/eamodio.gitlens-14.4.0-universal/dist/gitlens.js:1:763849
	at Array.forEach (<anonymous>)
	at Object.dispose (/home/dodecaneser/.vscode-oss/extensions/eamodio.gitlens-14.4.0-universal/dist/gitlens.js:1:763834)
	at o (/usr/lib/code/out/vs/workbench/api/node/extensionHostProcess.js:30:754)
	at s.cb (/usr/lib/code/out/vs/workbench/api/node/extensionHostProcess.js:136:9846)
	at /usr/lib/code/out/vs/workbench/api/node/extensionHostProcess.js:136:7796
	at Array.map (<anonymous>)
	at s.Y (/usr/lib/code/out/vs/workbench/api/node/extensionHostProcess.js:136:7784)
	at s.terminate (/usr/lib/code/out/vs/workbench/api/node/extensionHostProcess.js:136:8054)
	at o.terminate (/usr/lib/code/out/vs/workbench/api/node/extensionHostProcess.js:140:1513)
	at l (/usr/lib/code/out/vs/workbench/api/node/extensionHostProcess.js:153:9801)
	at MessagePortMain.<anonymous> (/usr/lib/code/out/vs/workbench/api/node/extensionHostProcess.js:153:6226)
	at MessagePortMain.emit (node:events:513:28)
	at MessagePortMain._internalPort.emit (node:electron/js2c/utility_init:2:367) setContext undefined
2023-10-18 22:07:51.392 [error] Canceled: Canceled
	at new g (/usr/lib/code/out/vs/workbench/api/node/extensionHostProcess.js:125:57216)
	at i.U (/usr/lib/code/out/vs/workbench/api/node/extensionHostProcess.js:134:10864)
	at M.<computed>.j.charCodeAt.M.<computed> (/usr/lib/code/out/vs/workbench/api/node/extensionHostProcess.js:134:8315)
	at n.g (/usr/lib/code/out/vs/workbench/api/node/extensionHostProcess.js:125:83747)
	at n.executeCommand (/usr/lib/code/out/vs/workbench/api/node/extensionHostProcess.js:125:83185)
	at b.registerCommand.description (/usr/lib/code/out/vs/workbench/api/node/extensionHostProcess.js:125:82506)
	at n.h (/usr/lib/code/out/vs/workbench/api/node/extensionHostProcess.js:125:84283)
	at n.g (/usr/lib/code/out/vs/workbench/api/node/extensionHostProcess.js:125:83278)
	at n.executeCommand (/usr/lib/code/out/vs/workbench/api/node/extensionHostProcess.js:125:83185)
	at Object.executeCommand (/usr/lib/code/out/vs/workbench/api/node/extensionHostProcess.js:140:21282)
	at w (/home/dodecaneser/.vscode-oss/extensions/eamodio.gitlens-14.4.0-universal/dist/gitlens.js:1:1065334)
	at l (/home/dodecaneser/.vscode-oss/extensions/eamodio.gitlens-14.4.0-universal/dist/gitlens.js:1:1069962)
	at ActionRunners._updateContextKeys (/home/dodecaneser/.vscode-oss/extensions/eamodio.gitlens-14.4.0-universal/dist/gitlens.js:1:38884)
	at s (/home/dodecaneser/.vscode-oss/extensions/eamodio.gitlens-14.4.0-universal/dist/gitlens.js:1:37303)
	at RegisteredActionRunner.unregister (/home/dodecaneser/.vscode-oss/extensions/eamodio.gitlens-14.4.0-universal/dist/gitlens.js:1:37447)
	at RegisteredActionRunner.dispose (/home/dodecaneser/.vscode-oss/extensions/eamodio.gitlens-14.4.0-universal/dist/gitlens.js:1:36110)
	at ActionRunners.dispose (/home/dodecaneser/.vscode-oss/extensions/eamodio.gitlens-14.4.0-universal/dist/gitlens.js:1:36889)
	at /home/dodecaneser/.vscode-oss/extensions/eamodio.gitlens-14.4.0-universal/dist/gitlens.js:1:763849
	at Array.forEach (<anonymous>)
	at Object.dispose (/home/dodecaneser/.vscode-oss/extensions/eamodio.gitlens-14.4.0-universal/dist/gitlens.js:1:763834)
	at o (/usr/lib/code/out/vs/workbench/api/node/extensionHostProcess.js:30:754)
	at s.cb (/usr/lib/code/out/vs/workbench/api/node/extensionHostProcess.js:136:9846)
	at /usr/lib/code/out/vs/workbench/api/node/extensionHostProcess.js:136:7796
	at Array.map (<anonymous>)
	at s.Y (/usr/lib/code/out/vs/workbench/api/node/extensionHostProcess.js:136:7784)
	at s.terminate (/usr/lib/code/out/vs/workbench/api/node/extensionHostProcess.js:136:8054)
	at o.terminate (/usr/lib/code/out/vs/workbench/api/node/extensionHostProcess.js:140:1513)
	at l (/usr/lib/code/out/vs/workbench/api/node/extensionHostProcess.js:153:9801)
	at MessagePortMain.<anonymous> (/usr/lib/code/out/vs/workbench/api/node/extensionHostProcess.js:153:6226)
	at MessagePortMain.emit (node:events:513:28)
	at MessagePortMain._internalPort.emit (node:electron/js2c/utility_init:2:367) setContext undefined
2023-10-18 22:07:51.393 [error] Canceled: Canceled
	at new g (/usr/lib/code/out/vs/workbench/api/node/extensionHostProcess.js:125:57216)
	at i.U (/usr/lib/code/out/vs/workbench/api/node/extensionHostProcess.js:134:10864)
	at M.<computed>.j.charCodeAt.M.<computed> (/usr/lib/code/out/vs/workbench/api/node/extensionHostProcess.js:134:8315)
	at n.g (/usr/lib/code/out/vs/workbench/api/node/extensionHostProcess.js:125:83747)
	at n.executeCommand (/usr/lib/code/out/vs/workbench/api/node/extensionHostProcess.js:125:83185)
	at b.registerCommand.description (/usr/lib/code/out/vs/workbench/api/node/extensionHostProcess.js:125:82506)
	at n.h (/usr/lib/code/out/vs/workbench/api/node/extensionHostProcess.js:125:84283)
	at n.g (/usr/lib/code/out/vs/workbench/api/node/extensionHostProcess.js:125:83278)
	at n.executeCommand (/usr/lib/code/out/vs/workbench/api/node/extensionHostProcess.js:125:83185)
	at Object.executeCommand (/usr/lib/code/out/vs/workbench/api/node/extensionHostProcess.js:140:21282)
	at w (/home/dodecaneser/.vscode-oss/extensions/eamodio.gitlens-14.4.0-universal/dist/gitlens.js:1:1065334)
	at l (/home/dodecaneser/.vscode-oss/extensions/eamodio.gitlens-14.4.0-universal/dist/gitlens.js:1:1069962)
	at ActionRunners._updateContextKeys (/home/dodecaneser/.vscode-oss/extensions/eamodio.gitlens-14.4.0-universal/dist/gitlens.js:1:38884)
	at s (/home/dodecaneser/.vscode-oss/extensions/eamodio.gitlens-14.4.0-universal/dist/gitlens.js:1:37303)
	at RegisteredActionRunner.unregister (/home/dodecaneser/.vscode-oss/extensions/eamodio.gitlens-14.4.0-universal/dist/gitlens.js:1:37447)
	at RegisteredActionRunner.dispose (/home/dodecaneser/.vscode-oss/extensions/eamodio.gitlens-14.4.0-universal/dist/gitlens.js:1:36110)
	at ActionRunners.dispose (/home/dodecaneser/.vscode-oss/extensions/eamodio.gitlens-14.4.0-universal/dist/gitlens.js:1:36889)
	at /home/dodecaneser/.vscode-oss/extensions/eamodio.gitlens-14.4.0-universal/dist/gitlens.js:1:763849
	at Array.forEach (<anonymous>)
	at Object.dispose (/home/dodecaneser/.vscode-oss/extensions/eamodio.gitlens-14.4.0-universal/dist/gitlens.js:1:763834)
	at o (/usr/lib/code/out/vs/workbench/api/node/extensionHostProcess.js:30:754)
	at s.cb (/usr/lib/code/out/vs/workbench/api/node/extensionHostProcess.js:136:9846)
	at /usr/lib/code/out/vs/workbench/api/node/extensionHostProcess.js:136:7796
	at Array.map (<anonymous>)
	at s.Y (/usr/lib/code/out/vs/workbench/api/node/extensionHostProcess.js:136:7784)
	at s.terminate (/usr/lib/code/out/vs/workbench/api/node/extensionHostProcess.js:136:8054)
	at o.terminate (/usr/lib/code/out/vs/workbench/api/node/extensionHostProcess.js:140:1513)
	at l (/usr/lib/code/out/vs/workbench/api/node/extensionHostProcess.js:153:9801)
	at MessagePortMain.<anonymous> (/usr/lib/code/out/vs/workbench/api/node/extensionHostProcess.js:153:6226)
	at MessagePortMain.emit (node:events:513:28)
	at MessagePortMain._internalPort.emit (node:electron/js2c/utility_init:2:367) setContext undefined
2023-10-18 22:07:51.393 [error] Canceled: Canceled
	at new g (/usr/lib/code/out/vs/workbench/api/node/extensionHostProcess.js:125:57216)
	at i.U (/usr/lib/code/out/vs/workbench/api/node/extensionHostProcess.js:134:10864)
	at M.<computed>.j.charCodeAt.M.<computed> (/usr/lib/code/out/vs/workbench/api/node/extensionHostProcess.js:134:8315)
	at n.g (/usr/lib/code/out/vs/workbench/api/node/extensionHostProcess.js:125:83747)
	at n.executeCommand (/usr/lib/code/out/vs/workbench/api/node/extensionHostProcess.js:125:83185)
	at b.registerCommand.description (/usr/lib/code/out/vs/workbench/api/node/extensionHostProcess.js:125:82506)
	at n.h (/usr/lib/code/out/vs/workbench/api/node/extensionHostProcess.js:125:84283)
	at n.g (/usr/lib/code/out/vs/workbench/api/node/extensionHostProcess.js:125:83278)
	at n.executeCommand (/usr/lib/code/out/vs/workbench/api/node/extensionHostProcess.js:125:83185)
	at Object.executeCommand (/usr/lib/code/out/vs/workbench/api/node/extensionHostProcess.js:140:21282)
	at w (/home/dodecaneser/.vscode-oss/extensions/eamodio.gitlens-14.4.0-universal/dist/gitlens.js:1:1065334)
	at l (/home/dodecaneser/.vscode-oss/extensions/eamodio.gitlens-14.4.0-universal/dist/gitlens.js:1:1069962)
	at ActionRunners._updateContextKeys (/home/dodecaneser/.vscode-oss/extensions/eamodio.gitlens-14.4.0-universal/dist/gitlens.js:1:38884)
	at s (/home/dodecaneser/.vscode-oss/extensions/eamodio.gitlens-14.4.0-universal/dist/gitlens.js:1:37303)
	at RegisteredActionRunner.unregister (/home/dodecaneser/.vscode-oss/extensions/eamodio.gitlens-14.4.0-universal/dist/gitlens.js:1:37447)
	at RegisteredActionRunner.dispose (/home/dodecaneser/.vscode-oss/extensions/eamodio.gitlens-14.4.0-universal/dist/gitlens.js:1:36110)
	at Object.dispose (/home/dodecaneser/.vscode-oss/extensions/eamodio.gitlens-14.4.0-universal/dist/gitlens.js:1:37544)
	at o (/usr/lib/code/out/vs/workbench/api/node/extensionHostProcess.js:30:754)
	at s.cb (/usr/lib/code/out/vs/workbench/api/node/extensionHostProcess.js:136:9846)
	at /usr/lib/code/out/vs/workbench/api/node/extensionHostProcess.js:136:7796
	at Array.map (<anonymous>)
	at s.Y (/usr/lib/code/out/vs/workbench/api/node/extensionHostProcess.js:136:7784)
	at s.terminate (/usr/lib/code/out/vs/workbench/api/node/extensionHostProcess.js:136:8054)
	at o.terminate (/usr/lib/code/out/vs/workbench/api/node/extensionHostProcess.js:140:1513)
	at l (/usr/lib/code/out/vs/workbench/api/node/extensionHostProcess.js:153:9801)
	at MessagePortMain.<anonymous> (/usr/lib/code/out/vs/workbench/api/node/extensionHostProcess.js:153:6226)
	at MessagePortMain.emit (node:events:513:28)
	at MessagePortMain._internalPort.emit (node:electron/js2c/utility_init:2:367) setContext undefined
2023-10-18 22:07:51.394 [error] Canceled: Canceled
	at new g (/usr/lib/code/out/vs/workbench/api/node/extensionHostProcess.js:125:57216)
	at i.U (/usr/lib/code/out/vs/workbench/api/node/extensionHostProcess.js:134:10864)
	at M.<computed>.j.charCodeAt.M.<computed> (/usr/lib/code/out/vs/workbench/api/node/extensionHostProcess.js:134:8315)
	at n.g (/usr/lib/code/out/vs/workbench/api/node/extensionHostProcess.js:125:83747)
	at n.executeCommand (/usr/lib/code/out/vs/workbench/api/node/extensionHostProcess.js:125:83185)
	at b.registerCommand.description (/usr/lib/code/out/vs/workbench/api/node/extensionHostProcess.js:125:82506)
	at n.h (/usr/lib/code/out/vs/workbench/api/node/extensionHostProcess.js:125:84283)
	at n.g (/usr/lib/code/out/vs/workbench/api/node/extensionHostProcess.js:125:83278)
	at n.executeCommand (/usr/lib/code/out/vs/workbench/api/node/extensionHostProcess.js:125:83185)
	at Object.executeCommand (/usr/lib/code/out/vs/workbench/api/node/extensionHostProcess.js:140:21282)
	at w (/home/dodecaneser/.vscode-oss/extensions/eamodio.gitlens-14.4.0-universal/dist/gitlens.js:1:1065334)
	at l (/home/dodecaneser/.vscode-oss/extensions/eamodio.gitlens-14.4.0-universal/dist/gitlens.js:1:1069962)
	at ActionRunners._updateContextKeys (/home/dodecaneser/.vscode-oss/extensions/eamodio.gitlens-14.4.0-universal/dist/gitlens.js:1:38884)
	at s (/home/dodecaneser/.vscode-oss/extensions/eamodio.gitlens-14.4.0-universal/dist/gitlens.js:1:37303)
	at RegisteredActionRunner.unregister (/home/dodecaneser/.vscode-oss/extensions/eamodio.gitlens-14.4.0-universal/dist/gitlens.js:1:37447)
	at RegisteredActionRunner.dispose (/home/dodecaneser/.vscode-oss/extensions/eamodio.gitlens-14.4.0-universal/dist/gitlens.js:1:36110)
	at Object.dispose (/home/dodecaneser/.vscode-oss/extensions/eamodio.gitlens-14.4.0-universal/dist/gitlens.js:1:37544)
	at o (/usr/lib/code/out/vs/workbench/api/node/extensionHostProcess.js:30:754)
	at s.cb (/usr/lib/code/out/vs/workbench/api/node/extensionHostProcess.js:136:9846)
	at /usr/lib/code/out/vs/workbench/api/node/extensionHostProcess.js:136:7796
	at Array.map (<anonymous>)
	at s.Y (/usr/lib/code/out/vs/workbench/api/node/extensionHostProcess.js:136:7784)
	at s.terminate (/usr/lib/code/out/vs/workbench/api/node/extensionHostProcess.js:136:8054)
	at o.terminate (/usr/lib/code/out/vs/workbench/api/node/extensionHostProcess.js:140:1513)
	at l (/usr/lib/code/out/vs/workbench/api/node/extensionHostProcess.js:153:9801)
	at MessagePortMain.<anonymous> (/usr/lib/code/out/vs/workbench/api/node/extensionHostProcess.js:153:6226)
	at MessagePortMain.emit (node:events:513:28)
	at MessagePortMain._internalPort.emit (node:electron/js2c/utility_init:2:367) setContext undefined
2023-10-18 22:07:51.394 [error] Canceled: Canceled
	at new g (/usr/lib/code/out/vs/workbench/api/node/extensionHostProcess.js:125:57216)
	at i.U (/usr/lib/code/out/vs/workbench/api/node/extensionHostProcess.js:134:10864)
	at M.<computed>.j.charCodeAt.M.<computed> (/usr/lib/code/out/vs/workbench/api/node/extensionHostProcess.js:134:8315)
	at n.g (/usr/lib/code/out/vs/workbench/api/node/extensionHostProcess.js:125:83747)
	at n.executeCommand (/usr/lib/code/out/vs/workbench/api/node/extensionHostProcess.js:125:83185)
	at b.registerCommand.description (/usr/lib/code/out/vs/workbench/api/node/extensionHostProcess.js:125:82506)
	at n.h (/usr/lib/code/out/vs/workbench/api/node/extensionHostProcess.js:125:84283)
	at n.g (/usr/lib/code/out/vs/workbench/api/node/extensionHostProcess.js:125:83278)
	at n.executeCommand (/usr/lib/code/out/vs/workbench/api/node/extensionHostProcess.js:125:83185)
	at Object.executeCommand (/usr/lib/code/out/vs/workbench/api/node/extensionHostProcess.js:140:21282)
	at w (/home/dodecaneser/.vscode-oss/extensions/eamodio.gitlens-14.4.0-universal/dist/gitlens.js:1:1065334)
	at l (/home/dodecaneser/.vscode-oss/extensions/eamodio.gitlens-14.4.0-universal/dist/gitlens.js:1:1069962)
	at ActionRunners._updateContextKeys (/home/dodecaneser/.vscode-oss/extensions/eamodio.gitlens-14.4.0-universal/dist/gitlens.js:1:38884)
	at s (/home/dodecaneser/.vscode-oss/extensions/eamodio.gitlens-14.4.0-universal/dist/gitlens.js:1:37303)
	at RegisteredActionRunner.unregister (/home/dodecaneser/.vscode-oss/extensions/eamodio.gitlens-14.4.0-universal/dist/gitlens.js:1:37447)
	at RegisteredActionRunner.dispose (/home/dodecaneser/.vscode-oss/extensions/eamodio.gitlens-14.4.0-universal/dist/gitlens.js:1:36110)
	at Object.dispose (/home/dodecaneser/.vscode-oss/extensions/eamodio.gitlens-14.4.0-universal/dist/gitlens.js:1:37544)
	at o (/usr/lib/code/out/vs/workbench/api/node/extensionHostProcess.js:30:754)
	at s.cb (/usr/lib/code/out/vs/workbench/api/node/extensionHostProcess.js:136:9846)
	at /usr/lib/code/out/vs/workbench/api/node/extensionHostProcess.js:136:7796
	at Array.map (<anonymous>)
	at s.Y (/usr/lib/code/out/vs/workbench/api/node/extensionHostProcess.js:136:7784)
	at s.terminate (/usr/lib/code/out/vs/workbench/api/node/extensionHostProcess.js:136:8054)
	at o.terminate (/usr/lib/code/out/vs/workbench/api/node/extensionHostProcess.js:140:1513)
	at l (/usr/lib/code/out/vs/workbench/api/node/extensionHostProcess.js:153:9801)
	at MessagePortMain.<anonymous> (/usr/lib/code/out/vs/workbench/api/node/extensionHostProcess.js:153:6226)
	at MessagePortMain.emit (node:events:513:28)
	at MessagePortMain._internalPort.emit (node:electron/js2c/utility_init:2:367) setContext undefined
2023-10-18 22:07:51.395 [info] Extension host with pid 160317 exiting with code 0
