2023-01-27 13:54:32.145 [info] Extension host with pid 3223 started
2023-01-27 13:54:32.146 [info] Skipping acquiring lock for /home/dodecaneser/.config/Code - OSS/User/workspaceStorage/64e5a8c58953e578f27e67a66c2df0f0.
2023-01-27 13:54:32.522 [info] ExtensionService#_doActivateExtension ms-python.python, startup: false, activationEvent: 'onLanguage:yaml'
2023-01-27 13:54:32.524 [info] ExtensionService#_doActivateExtension vscode.git-base, startup: true, activationEvent: '*', root cause: vscode.git
2023-01-27 13:54:32.524 [info] ExtensionService#_doActivateExtension CoenraadS.bracket-pair-colorizer-2, startup: true, activationEvent: '*'
2023-01-27 13:54:32.524 [info] ExtensionService#_doActivateExtension oderwat.indent-rainbow, startup: true, activationEvent: '*'
2023-01-27 13:54:33.912 [error] Activating extension ms-python.python failed due to an error:
2023-01-27 13:54:33.913 [error] Error: Extension 'ms-python.python' CANNOT use API proposal: telemetryLogger.
Its package.json#enabledApiProposals-property declares:  but NOT telemetryLogger.
 The missing proposal MUST be added and you must start in extension development mode or use the following command line switch: --enable-proposed-api ms-python.python
	at m (/usr/lib/code/out/vs/workbench/api/node/extensionHostProcess.js:90:43999)
	at Object.createTelemetryLogger (/usr/lib/code/out/vs/workbench/api/node/extensionHostProcess.js:115:31959)
	at new t.BaseTelemetryReporter (/home/dodecaneser/.vscode-oss/extensions/ms-python.python-2022.20.2-universal/out/client/extension.js:2:1130016)
	at new h (/home/dodecaneser/.vscode-oss/extensions/ms-python.python-2022.20.2-universal/out/client/extension.js:2:1135154)
	at /home/dodecaneser/.vscode-oss/extensions/ms-python.python-2022.20.2-universal/out/client/extension.js:2:695508
	at c (/home/dodecaneser/.vscode-oss/extensions/ms-python.python-2022.20.2-universal/out/client/extension.js:2:695584)
	at y.activate (/home/dodecaneser/.vscode-oss/extensions/ms-python.python-2022.20.2-universal/out/client/extension.js:2:157230)
	at process.processTicksAndRejections (node:internal/process/task_queues:96:5)
	at async /home/dodecaneser/.vscode-oss/extensions/ms-python.python-2022.20.2-universal/out/client/extension.js:2:3096004
	at async e (/home/dodecaneser/.vscode-oss/extensions/ms-python.python-2022.20.2-universal/out/client/extension.js:2:3095618)
	at async v.n (/usr/lib/code/out/vs/workbench/api/node/extensionHostProcess.js:92:7006)
	at async v.m (/usr/lib/code/out/vs/workbench/api/node/extensionHostProcess.js:92:6969)
	at async v.l (/usr/lib/code/out/vs/workbench/api/node/extensionHostProcess.js:92:6426)
2023-01-27 13:54:34.275 [info] ExtensionService#_doActivateExtension vscode.git, startup: true, activationEvent: '*'
2023-01-27 13:54:34.275 [info] ExtensionService#_doActivateExtension vscode.github, startup: true, activationEvent: '*'
2023-01-27 13:54:34.329 [info] ExtensionService#_doActivateExtension formulahendry.code-runner, startup: false, activationEvent: 'onLanguage:code-runner-output'
2023-01-27 13:54:34.785 [warning] Using default string since no string found in i18n bundle that has the key: GitHub
2023-01-27 13:54:34.927 [info] Eager extensions activated
2023-01-27 13:54:34.994 [info] ExtensionService#_doActivateExtension vscode.debug-auto-launch, startup: false, activationEvent: 'onStartupFinished'
2023-01-27 13:54:34.996 [info] ExtensionService#_doActivateExtension vscode.emmet, startup: false, activationEvent: 'onStartupFinished'
2023-01-27 13:54:34.997 [info] ExtensionService#_doActivateExtension vscode.merge-conflict, startup: false, activationEvent: 'onStartupFinished'
2023-01-27 13:54:34.999 [info] ExtensionService#_doActivateExtension eamodio.gitlens, startup: false, activationEvent: 'onStartupFinished'
2023-01-27 13:54:34.999 [info] ExtensionService#_doActivateExtension vscode.npm, startup: false, activationEvent: 'onStartupFinished', root cause: esbenp.prettier-vscode
2023-01-27 13:54:35.000 [info] ExtensionService#_doActivateExtension shardulm94.trailing-spaces, startup: false, activationEvent: 'onStartupFinished'
2023-01-27 13:54:35.863 [warning] Using default string since no string found in i18n bundle that has the key: The git repository in the current folder is potentially unsafe as the folder is owned by someone other than the current user.
2023-01-27 13:54:35.863 [warning] Using default string since no string found in i18n bundle that has the key: Manage Unsafe Repositories
2023-01-27 13:54:35.931 [warning] Using default string since no string found in i18n bundle that has the key: Auto Attach: Disabled
2023-01-27 13:54:35.931 [warning] Using default string since no string found in i18n bundle that has the key: Auto Attach: Always
2023-01-27 13:54:35.931 [warning] Using default string since no string found in i18n bundle that has the key: Auto Attach: Smart
2023-01-27 13:54:35.931 [warning] Using default string since no string found in i18n bundle that has the key: Auto Attach: With Flag
2023-01-27 13:54:35.931 [warning] Using default string since no string found in i18n bundle that has the key: Disabled
2023-01-27 13:54:35.931 [warning] Using default string since no string found in i18n bundle that has the key: Always
2023-01-27 13:54:35.931 [warning] Using default string since no string found in i18n bundle that has the key: Smart
2023-01-27 13:54:35.931 [warning] Using default string since no string found in i18n bundle that has the key: Only With Flag
2023-01-27 13:54:35.931 [warning] Using default string since no string found in i18n bundle that has the key: Auto attach is disabled and not shown in status bar
2023-01-27 13:54:35.932 [warning] Using default string since no string found in i18n bundle that has the key: Auto attach to every Node.js process launched in the terminal
2023-01-27 13:54:35.932 [warning] Using default string since no string found in i18n bundle that has the key: Auto attach when running scripts that aren't in a node_modules folder
2023-01-27 13:54:35.932 [warning] Using default string since no string found in i18n bundle that has the key: Only auto attach when the `--inspect` flag is given
2023-01-27 13:54:35.932 [warning] Using default string since no string found in i18n bundle that has the key: Toggle auto attach in this workspace
2023-01-27 13:54:35.932 [warning] Using default string since no string found in i18n bundle that has the key: Toggle auto attach on this machine
2023-01-27 13:54:35.932 [warning] Using default string since no string found in i18n bundle that has the key: Temporarily disable auto attach in this session
2023-01-27 13:54:35.932 [warning] Using default string since no string found in i18n bundle that has the key: Re-enable auto attach
2023-01-27 13:54:35.932 [warning] Using default string since no string found in i18n bundle that has the key: Auto Attach: Disabled
2023-01-27 13:54:36.748 [info] ExtensionService#_doActivateExtension esbenp.prettier-vscode, startup: false, activationEvent: 'onStartupFinished'
2023-01-27 13:54:38.540 [warning] TextEditor is closed/disposed
2023-01-27 13:54:40.437 [warning] TextEditor is closed/disposed
2023-01-27 13:54:47.401 [info] Extension host terminating: received terminate message from renderer
2023-01-27 13:54:47.481 [info] Extension host with pid 3223 exiting with code 0
2023-01-27 13:54:51.907 [info] Extension host with pid 3394 started
2023-01-27 13:54:51.907 [info] Skipping acquiring lock for /home/dodecaneser/.config/Code - OSS/User/workspaceStorage/64e5a8c58953e578f27e67a66c2df0f0.
2023-01-27 13:54:52.190 [info] ExtensionService#_doActivateExtension vscode.git-base, startup: true, activationEvent: '*', root cause: vscode.git
2023-01-27 13:54:52.191 [info] ExtensionService#_doActivateExtension CoenraadS.bracket-pair-colorizer-2, startup: true, activationEvent: '*'
2023-01-27 13:54:52.191 [info] ExtensionService#_doActivateExtension oderwat.indent-rainbow, startup: true, activationEvent: '*'
2023-01-27 13:54:52.191 [info] ExtensionService#_doActivateExtension ms-python.python, startup: true, activationEvent: 'workspaceContains:requirements.txt'
2023-01-27 13:54:52.822 [error] Activating extension ms-python.python failed due to an error:
2023-01-27 13:54:52.822 [error] Error: Extension 'ms-python.python' CANNOT use API proposal: telemetryLogger.
Its package.json#enabledApiProposals-property declares:  but NOT telemetryLogger.
 The missing proposal MUST be added and you must start in extension development mode or use the following command line switch: --enable-proposed-api ms-python.python
	at m (/usr/lib/code/out/vs/workbench/api/node/extensionHostProcess.js:90:43999)
	at Object.createTelemetryLogger (/usr/lib/code/out/vs/workbench/api/node/extensionHostProcess.js:115:31959)
	at new t.BaseTelemetryReporter (/home/dodecaneser/.vscode-oss/extensions/ms-python.python-2022.20.2-universal/out/client/extension.js:2:1130016)
	at new h (/home/dodecaneser/.vscode-oss/extensions/ms-python.python-2022.20.2-universal/out/client/extension.js:2:1135154)
	at /home/dodecaneser/.vscode-oss/extensions/ms-python.python-2022.20.2-universal/out/client/extension.js:2:695508
	at c (/home/dodecaneser/.vscode-oss/extensions/ms-python.python-2022.20.2-universal/out/client/extension.js:2:695584)
	at y.activate (/home/dodecaneser/.vscode-oss/extensions/ms-python.python-2022.20.2-universal/out/client/extension.js:2:157230)
	at process.processTicksAndRejections (node:internal/process/task_queues:96:5)
	at async /home/dodecaneser/.vscode-oss/extensions/ms-python.python-2022.20.2-universal/out/client/extension.js:2:3096004
	at async e (/home/dodecaneser/.vscode-oss/extensions/ms-python.python-2022.20.2-universal/out/client/extension.js:2:3095618)
	at async v.n (/usr/lib/code/out/vs/workbench/api/node/extensionHostProcess.js:92:7006)
	at async v.m (/usr/lib/code/out/vs/workbench/api/node/extensionHostProcess.js:92:6969)
	at async v.l (/usr/lib/code/out/vs/workbench/api/node/extensionHostProcess.js:92:6426)
2023-01-27 13:54:54.000 [info] ExtensionService#_doActivateExtension vscode.git, startup: true, activationEvent: '*'
2023-01-27 13:54:54.001 [info] ExtensionService#_doActivateExtension vscode.github, startup: true, activationEvent: '*'
2023-01-27 13:54:54.756 [warning] Using default string since no string found in i18n bundle that has the key: GitHub
2023-01-27 13:54:54.868 [info] Eager extensions activated
2023-01-27 13:54:54.869 [info] ExtensionService#_doActivateExtension formulahendry.code-runner, startup: false, activationEvent: 'onLanguage:code-runner-output'
2023-01-27 13:54:54.964 [info] ExtensionService#_doActivateExtension vscode.debug-auto-launch, startup: false, activationEvent: 'onStartupFinished'
2023-01-27 13:54:54.965 [info] ExtensionService#_doActivateExtension vscode.emmet, startup: false, activationEvent: 'onStartupFinished'
2023-01-27 13:54:54.965 [info] ExtensionService#_doActivateExtension vscode.merge-conflict, startup: false, activationEvent: 'onStartupFinished'
2023-01-27 13:54:54.966 [info] ExtensionService#_doActivateExtension eamodio.gitlens, startup: false, activationEvent: 'onStartupFinished'
2023-01-27 13:54:54.966 [info] ExtensionService#_doActivateExtension vscode.npm, startup: false, activationEvent: 'onStartupFinished', root cause: esbenp.prettier-vscode
2023-01-27 13:54:54.966 [info] ExtensionService#_doActivateExtension shardulm94.trailing-spaces, startup: false, activationEvent: 'onStartupFinished'
2023-01-27 13:54:55.482 [warning] Using default string since no string found in i18n bundle that has the key: Auto Attach: Disabled
2023-01-27 13:54:55.482 [warning] Using default string since no string found in i18n bundle that has the key: Auto Attach: Always
2023-01-27 13:54:55.482 [warning] Using default string since no string found in i18n bundle that has the key: Auto Attach: Smart
2023-01-27 13:54:55.482 [warning] Using default string since no string found in i18n bundle that has the key: Auto Attach: With Flag
2023-01-27 13:54:55.482 [warning] Using default string since no string found in i18n bundle that has the key: Disabled
2023-01-27 13:54:55.482 [warning] Using default string since no string found in i18n bundle that has the key: Always
2023-01-27 13:54:55.482 [warning] Using default string since no string found in i18n bundle that has the key: Smart
2023-01-27 13:54:55.482 [warning] Using default string since no string found in i18n bundle that has the key: Only With Flag
2023-01-27 13:54:55.482 [warning] Using default string since no string found in i18n bundle that has the key: Auto attach is disabled and not shown in status bar
2023-01-27 13:54:55.483 [warning] Using default string since no string found in i18n bundle that has the key: Auto attach to every Node.js process launched in the terminal
2023-01-27 13:54:55.483 [warning] Using default string since no string found in i18n bundle that has the key: Auto attach when running scripts that aren't in a node_modules folder
2023-01-27 13:54:55.483 [warning] Using default string since no string found in i18n bundle that has the key: Only auto attach when the `--inspect` flag is given
2023-01-27 13:54:55.483 [warning] Using default string since no string found in i18n bundle that has the key: Toggle auto attach in this workspace
2023-01-27 13:54:55.483 [warning] Using default string since no string found in i18n bundle that has the key: Toggle auto attach on this machine
2023-01-27 13:54:55.483 [warning] Using default string since no string found in i18n bundle that has the key: Temporarily disable auto attach in this session
2023-01-27 13:54:55.483 [warning] Using default string since no string found in i18n bundle that has the key: Re-enable auto attach
2023-01-27 13:54:55.483 [warning] Using default string since no string found in i18n bundle that has the key: Auto Attach: Disabled
2023-01-27 13:54:55.569 [warning] Using default string since no string found in i18n bundle that has the key: The git repository in the current folder is potentially unsafe as the folder is owned by someone other than the current user.
2023-01-27 13:54:55.569 [warning] Using default string since no string found in i18n bundle that has the key: Manage Unsafe Repositories
2023-01-27 13:54:55.640 [info] ExtensionService#_doActivateExtension esbenp.prettier-vscode, startup: false, activationEvent: 'onStartupFinished'
2023-01-27 13:55:53.003 [info] ExtensionService#_doActivateExtension ms-azuretools.vscode-docker, startup: false, activationEvent: 'onLanguage:dockercompose'
2023-01-30 10:01:35.401 [info] Extension host terminating: received terminate message from renderer
2023-01-30 10:01:35.619 [info] Extension host with pid 3394 exiting with code 0
