2023-10-18 21:42:38.427 [info] Added views:workbench.panel.markers.view in workbench.panel.markers
2023-10-18 21:42:38.427 [info] Added views:workbench.panel.output in workbench.panel.output
2023-10-18 21:42:38.427 [info] Added views:terminal in terminal
2023-10-18 21:42:38.427 [info] Added views:outline in workbench.view.explorer
2023-10-18 21:42:38.427 [info] Added views:workbench.scm in workbench.view.scm
2023-10-18 21:42:38.427 [info] Added views:workbench.view.search in workbench.view.search
2023-10-18 21:42:38.427 [info] Added views:timeline in workbench.view.explorer
2023-10-18 21:42:38.427 [info] Added views:workbench.explorer.openEditorsView,workbench.explorer.fileView in workbench.view.explorer
2023-10-18 21:42:39.540 [info] Added views:workbench.debug.welcome in workbench.view.debug
2023-10-18 21:42:50.346 [info] Added views:gitlens.views.home,gitlens.views.workspaces,gitlens.views.account in workbench.view.extension.gitlens
2023-10-18 21:42:50.353 [info] Added views:gitlens.views.commitDetails,gitlens.views.lineHistory,gitlens.views.fileHistory,gitlens.views.searchAndCompare in workbench.view.extension.gitlensInspect
2023-10-18 21:42:50.364 [info] Added views:gitlens.views.commits,gitlens.views.branches,gitlens.views.remotes,gitlens.views.stashes,gitlens.views.tags in workbench.view.scm
2023-10-18 21:42:50.383 [info] Added views:dockerContainers,dockerImages,dockerRegistries,dockerNetworks,dockerVolumes,vscode-docker.views.dockerContexts,vscode-docker.views.help in workbench.view.extension.dockerView
2023-10-18 21:42:53.767 [info] Added views:workbench.panel.repl.view in workbench.panel.repl
2023-10-18 21:43:03.053 [info] Added views:workbench.view.testing in workbench.view.extension.test
2023-10-18 21:43:04.458 [info] Added views:~remote.forwardedPorts in ~remote.forwardedPortsContainer
2023-10-18 21:43:05.787 [info] Added views:workbench.views.extensions.installed,extensions.recommendedList in workbench.view.extensions
2023-10-18 21:43:11.003 [info] Added views:gitlens.views.graph,gitlens.views.graphDetails in workbench.view.extension.gitlensPanel
2023-10-18 21:43:11.017 [info] Added views:gitlens.views.timeline in workbench.view.extension.gitlensInspect
2023-10-18 21:43:11.054 [info] Added views:gitlens.views.worktrees in workbench.view.scm
2023-10-18 21:52:57.418 [info] Removed views:workbench.view.testing from workbench.view.extension.test
