2023-10-18 22:04:23.593 [info] Added views:workbench.panel.markers.view in workbench.panel.markers
2023-10-18 22:04:23.593 [info] Added views:workbench.panel.output in workbench.panel.output
2023-10-18 22:04:23.593 [info] Added views:terminal in terminal
2023-10-18 22:04:23.593 [info] Added views:outline in workbench.view.explorer
2023-10-18 22:04:23.593 [info] Added views:workbench.scm in workbench.view.scm
2023-10-18 22:04:23.593 [info] Added views:workbench.view.search in workbench.view.search
2023-10-18 22:04:23.593 [info] Added views:timeline in workbench.view.explorer
2023-10-18 22:04:23.593 [info] Added views:workbench.explorer.openEditorsView,workbench.explorer.emptyView in workbench.view.explorer
2023-10-18 22:04:23.985 [info] Added views:workbench.debug.welcome in workbench.view.debug
2023-10-18 22:04:24.726 [info] Added views:gitlens.views.home,gitlens.views.workspaces,gitlens.views.account in workbench.view.extension.gitlens
2023-10-18 22:04:24.729 [info] Added views:gitlens.views.commitDetails,gitlens.views.lineHistory,gitlens.views.fileHistory,gitlens.views.searchAndCompare in workbench.view.extension.gitlensInspect
2023-10-18 22:04:24.731 [info] Added views:gitlens.views.commits,gitlens.views.branches,gitlens.views.remotes,gitlens.views.stashes,gitlens.views.tags in workbench.view.scm
2023-10-18 22:04:24.736 [info] Added views:dockerContainers,dockerImages,dockerRegistries,dockerNetworks,dockerVolumes,vscode-docker.views.dockerContexts,vscode-docker.views.help in workbench.view.extension.dockerView
2023-10-18 22:04:26.122 [info] Added views:workbench.panel.repl.view in workbench.panel.repl
2023-10-18 22:04:26.764 [info] Added views:workbench.view.testing in workbench.view.extension.test
2023-10-18 22:04:30.173 [info] Removed views:gitlens.views.searchAndCompare,gitlens.views.fileHistory,gitlens.views.lineHistory,gitlens.views.commitDetails from workbench.view.extension.gitlensInspect
2023-10-18 22:04:30.176 [info] Removed views:gitlens.views.tags,gitlens.views.stashes,gitlens.views.remotes,gitlens.views.branches,gitlens.views.commits from workbench.view.scm
2023-10-18 22:04:31.731 [info] Added views:~remote.forwardedPorts in ~remote.forwardedPortsContainer
2023-10-18 22:04:59.777 [info] Added views:workbench.views.extensions.installed,workbench.views.extensions.popular,extensions.recommendedList in workbench.view.extensions
2023-10-18 22:04:59.785 [info] Removed views:workbench.views.extensions.popular from workbench.view.extensions
2023-10-18 22:05:18.179 [info] Removed views:workbench.view.testing from workbench.view.extension.test
2023-10-18 22:05:20.414 [info] Added views:workbench.panel.markers.view in workbench.panel.markers
2023-10-18 22:05:20.414 [info] Added views:workbench.panel.output in workbench.panel.output
2023-10-18 22:05:20.414 [info] Added views:terminal in terminal
2023-10-18 22:05:20.414 [info] Added views:outline in workbench.view.explorer
2023-10-18 22:05:20.414 [info] Added views:workbench.scm in workbench.view.scm
2023-10-18 22:05:20.414 [info] Added views:workbench.view.search in workbench.view.search
2023-10-18 22:05:20.414 [info] Added views:timeline in workbench.view.explorer
2023-10-18 22:05:20.414 [info] Added views:workbench.explorer.openEditorsView,workbench.explorer.emptyView in workbench.view.explorer
2023-10-18 22:05:20.610 [info] Added views:workbench.debug.welcome in workbench.view.debug
2023-10-18 22:05:21.322 [info] Added views:gitlens.views.home,gitlens.views.workspaces,gitlens.views.account in workbench.view.extension.gitlens
2023-10-18 22:05:21.324 [info] Added views:gitlens.views.commitDetails,gitlens.views.lineHistory,gitlens.views.fileHistory,gitlens.views.searchAndCompare in workbench.view.extension.gitlensInspect
2023-10-18 22:05:21.326 [info] Added views:gitlens.views.commits,gitlens.views.branches,gitlens.views.remotes,gitlens.views.stashes,gitlens.views.tags in workbench.view.scm
2023-10-18 22:05:21.344 [info] Added views:dockerContainers,dockerImages,dockerRegistries,dockerNetworks,dockerVolumes,vscode-docker.views.dockerContexts,vscode-docker.views.help in workbench.view.extension.dockerView
2023-10-18 22:05:22.620 [info] Added views:workbench.panel.repl.view in workbench.panel.repl
2023-10-18 22:05:24.224 [info] Removed views:gitlens.views.searchAndCompare,gitlens.views.fileHistory,gitlens.views.lineHistory,gitlens.views.commitDetails from workbench.view.extension.gitlensInspect
2023-10-18 22:05:24.224 [info] Removed views:gitlens.views.tags,gitlens.views.stashes,gitlens.views.remotes,gitlens.views.branches,gitlens.views.commits from workbench.view.scm
2023-10-18 22:05:25.017 [info] Added views:~remote.forwardedPorts in ~remote.forwardedPortsContainer
2023-10-18 22:05:25.117 [info] Added views:workbench.views.extensions.installed,extensions.recommendedList in workbench.view.extensions
2023-10-18 22:05:39.056 [info] Added views:workbench.view.testing in workbench.view.extension.test
2023-10-18 22:07:51.332 [info] Removed views:workbench.view.testing from workbench.view.extension.test
