LSP Notebooks experiment is disabled -- not using Pylance
LSP Notebooks interactive window support is disabled -- not in LSP Notebooks experiment
Python interpreter path: /bin/python
[ERROR 2022-10-29 11:52:33.152]: [
  'Failed to activate a workspace, Class name = f, completed in 896ms, has a falsy return value, Arg 1: <Uri:/home/dodecaneser/scripts>, Return Value: undefined',
  [Error: Extension 'ms-python.python' CANNOT use API proposal: testObserver.
  Its package.json#enabledApiProposals-property declares:  but NOT testObserver.
   The missing proposal MUST be added and you must start in extension development mode or use the following command line switch: --enable-proposed-api ms-python.python
  	at f (/usr/lib/code/out/vs/workbench/api/node/extensionHostProcess.js:86:54344)
  	at get testResults [as testResults] (/usr/lib/code/out/vs/workbench/api/node/extensionHostProcess.js:111:35878)
  	at w.activate (/home/dodecaneser/.vscode-oss/extensions/ms-python.python-2022.16.1-universal/out/client/extension.js:2:762542)
  	at /home/dodecaneser/.vscode-oss/extensions/ms-python.python-2022.16.1-universal/out/client/extension.js:2:2251
  	at Array.map (<anonymous>)
  	at f.activateWorkspace (/home/dodecaneser/.vscode-oss/extensions/ms-python.python-2022.16.1-universal/out/client/extension.js:2:2241)
  	at process.processTicksAndRejections (node:internal/process/task_queues:96:5)]
]
[ERROR 2022-10-29 11:52:33.178]: Failure during activation. [Error: Extension 'ms-python.python' CANNOT use API proposal: testObserver.
Its package.json#enabledApiProposals-property declares:  but NOT testObserver.
 The missing proposal MUST be added and you must start in extension development mode or use the following command line switch: --enable-proposed-api ms-python.python
	at f (/usr/lib/code/out/vs/workbench/api/node/extensionHostProcess.js:86:54344)
	at get testResults [as testResults] (/usr/lib/code/out/vs/workbench/api/node/extensionHostProcess.js:111:35878)
	at w.activate (/home/dodecaneser/.vscode-oss/extensions/ms-python.python-2022.16.1-universal/out/client/extension.js:2:762542)
	at /home/dodecaneser/.vscode-oss/extensions/ms-python.python-2022.16.1-universal/out/client/extension.js:2:2251
	at Array.map (<anonymous>)
	at f.activateWorkspace (/home/dodecaneser/.vscode-oss/extensions/ms-python.python-2022.16.1-universal/out/client/extension.js:2:2241)
	at process.processTicksAndRejections (node:internal/process/task_queues:96:5)]
[ERROR 2022-10-29 11:52:33.179]: sendStartupTelemetry() failed. [Error: Extension 'ms-python.python' CANNOT use API proposal: testObserver.
Its package.json#enabledApiProposals-property declares:  but NOT testObserver.
 The missing proposal MUST be added and you must start in extension development mode or use the following command line switch: --enable-proposed-api ms-python.python
	at f (/usr/lib/code/out/vs/workbench/api/node/extensionHostProcess.js:86:54344)
	at get testResults [as testResults] (/usr/lib/code/out/vs/workbench/api/node/extensionHostProcess.js:111:35878)
	at w.activate (/home/dodecaneser/.vscode-oss/extensions/ms-python.python-2022.16.1-universal/out/client/extension.js:2:762542)
	at /home/dodecaneser/.vscode-oss/extensions/ms-python.python-2022.16.1-universal/out/client/extension.js:2:2251
	at Array.map (<anonymous>)
	at f.activateWorkspace (/home/dodecaneser/.vscode-oss/extensions/ms-python.python-2022.16.1-universal/out/client/extension.js:2:2241)
	at process.processTicksAndRejections (node:internal/process/task_queues:96:5)]
Starting Jedi language server for scripts.
