2023-01-23 12:06:04.685 [info] Log level: Info
2023-01-23 12:06:04.685 [info] Validating found git in: "git"
2023-01-23 12:06:04.685 [info] Using git "2.39.0" from "git"
2023-01-23 12:06:04.685 [info] > git rev-parse --show-toplevel [41ms]
2023-01-23 12:06:04.685 [info] fatal: not a git repository (or any of the parent directories): .git
2023-01-23 12:06:04.686 [info] > git rev-parse --show-toplevel [2ms]
2023-01-23 12:06:04.686 [info] fatal: not a git repository (or any of the parent directories): .git
2023-01-23 12:06:04.686 [info] > git rev-parse --show-toplevel [2ms]
2023-01-23 12:06:04.686 [info] fatal: not a git repository (or any of the parent directories): .git
2023-01-23 12:06:04.686 [info] > git rev-parse --show-toplevel [5ms]
2023-01-23 12:06:04.686 [info] fatal: detected dubious ownership in repository at '/home/dodecaneser/scripts/mimikatz'
To add an exception for this directory, call:

	git config --global --add safe.directory /home/dodecaneser/scripts/mimikatz
2023-01-23 12:06:04.686 [info] > git rev-parse --show-toplevel [3ms]
2023-01-23 12:06:04.686 [info] fatal: not a git repository (or any of the parent directories): .git
2023-01-23 12:06:06.003 [info] > git rev-parse --show-toplevel [127ms]
2023-01-23 12:06:06.003 [info] fatal: not a git repository (or any of the parent directories): .git
2023-01-23 12:07:29.223 [info] > git rev-parse --show-toplevel [7ms]
2023-01-23 12:07:29.246 [info] > git rev-parse --git-dir --git-common-dir [13ms]
2023-01-23 12:07:29.268 [info] Open repository: /home/dodecaneser/raspServer
2023-01-23 12:07:29.455 [warning] No remotes found in the git config file.
2023-01-23 12:07:29.457 [info] > git config --get commit.template [172ms]
2023-01-23 12:07:29.496 [info] > git for-each-ref --format=%(refname)%00%(upstream:short)%00%(objectname)%00%(upstream:track)%00%(upstream:remotename)%00%(upstream:remoteref) refs/heads/master refs/remotes/master [87ms]
2023-01-23 12:07:29.501 [info] > git remote --verbose [46ms]
2023-01-23 12:07:29.573 [info] > git status -z -uall [41ms]
2023-01-23 12:07:29.576 [info] > git for-each-ref --sort -committerdate --format %(refname) %(objectname) %(*objectname) [8ms]
2023-01-23 12:07:29.760 [info] > git config --get commit.template [77ms]
2023-01-23 12:07:29.904 [warning] No remotes found in the git config file.
2023-01-23 12:07:29.907 [info] > git for-each-ref --format=%(refname)%00%(upstream:short)%00%(objectname)%00%(upstream:track)%00%(upstream:remotename)%00%(upstream:remoteref) refs/heads/master refs/remotes/master [52ms]
2023-01-23 12:07:29.943 [info] > git remote --verbose [39ms]
2023-01-23 12:07:30.041 [info] > git status -z -uall [60ms]
2023-01-23 12:07:30.181 [info] > git for-each-ref --sort -committerdate --format %(refname) %(objectname) %(*objectname) [151ms]
2023-01-23 12:07:30.224 [info] > git check-ignore -v -z --stdin [8ms]
2023-01-23 12:07:30.399 [info] > git show --textconv :siem/logstash.conf [16ms]
2023-01-23 12:07:30.401 [info] > git ls-files --stage -- /home/dodecaneser/raspServer/siem/logstash.conf [4ms]
2023-01-23 12:07:37.384 [info] > git config --global --add safe.directory /home/dodecaneser/scripts/mimikatz [6ms]
2023-01-23 12:07:37.413 [info] > git rev-parse --show-toplevel [5ms]
2023-01-23 12:07:37.436 [info] > git rev-parse --git-dir --git-common-dir [3ms]
2023-01-23 12:07:37.450 [info] Open repository: /home/dodecaneser/scripts/mimikatz
2023-01-23 12:07:37.480 [info] > git config --get commit.template [16ms]
2023-01-23 12:07:37.493 [info] > git for-each-ref --format=%(refname)%00%(upstream:short)%00%(objectname)%00%(upstream:track)%00%(upstream:remotename)%00%(upstream:remoteref) refs/heads/master refs/remotes/master [16ms]
2023-01-23 12:07:37.536 [info] > git for-each-ref --sort -committerdate --format %(refname) %(objectname) %(*objectname) [16ms]
2023-01-23 12:07:37.557 [info] > git status -z -uall [50ms]
2023-01-23 12:07:37.610 [info] > git config --get commit.template [5ms]
2023-01-23 12:07:37.625 [info] > git for-each-ref --format=%(refname)%00%(upstream:short)%00%(objectname)%00%(upstream:track)%00%(upstream:remotename)%00%(upstream:remoteref) refs/heads/master refs/remotes/master [2ms]
2023-01-23 12:07:37.677 [info] > git status -z -uall [41ms]
2023-01-23 12:07:37.679 [info] > git for-each-ref --sort -committerdate --format %(refname) %(objectname) %(*objectname) [34ms]
2023-01-23 12:07:38.034 [info] > git check-ignore -v -z --stdin [1ms]
2023-01-23 12:07:41.910 [info] > git rev-parse --show-toplevel [37ms]
2023-01-23 12:07:41.910 [info] fatal: not a git repository (or any of the parent directories): .git
2023-01-23 12:07:41.932 [info] > git rev-parse --show-toplevel [3ms]
2023-01-23 12:07:41.932 [info] fatal: not a git repository (or any of the parent directories): .git
2023-01-23 12:07:42.791 [info] > git check-ignore -v -z --stdin [8ms]
2023-01-23 12:08:04.695 [info] Log level: Info
2023-01-23 12:08:04.695 [info] Validating found git in: "git"
2023-01-23 12:08:04.695 [info] Using git "2.39.0" from "git"
2023-01-23 12:08:04.695 [info] > git rev-parse --show-toplevel [16ms]
2023-01-23 12:08:04.695 [info] fatal: not a git repository (or any of the parent directories): .git
2023-01-23 12:08:04.695 [info] > git rev-parse --show-toplevel [415ms]
2023-01-23 12:08:04.695 [info] > git rev-parse --git-dir --git-common-dir [4ms]
2023-01-23 12:08:04.695 [info] Open repository: /home/dodecaneser/raspServer
2023-01-23 12:08:04.695 [info] > git rev-parse --show-toplevel [16ms]
2023-01-23 12:08:04.695 [info] fatal: not a git repository (or any of the parent directories): .git
2023-01-23 12:08:04.695 [info] > git rev-parse --show-toplevel [1ms]
2023-01-23 12:08:04.695 [info] fatal: not a git repository (or any of the parent directories): .git
2023-01-23 12:08:04.695 [info] > git config --get commit.template [40ms]
2023-01-23 12:08:04.695 [warning] No remotes found in the git config file.
2023-01-23 12:08:04.872 [info] > git rev-parse --show-toplevel [204ms]
2023-01-23 12:08:04.975 [info] > git remote --verbose [283ms]
2023-01-23 12:08:04.975 [info] > git for-each-ref --format=%(refname)%00%(upstream:short)%00%(objectname)%00%(upstream:track)%00%(upstream:remotename)%00%(upstream:remoteref) refs/heads/master refs/remotes/master [296ms]
2023-01-23 12:08:05.041 [info] > git status -z -uall [42ms]
2023-01-23 12:08:05.051 [info] > git rev-parse --git-dir --git-common-dir [161ms]
2023-01-23 12:08:05.082 [info] Open repository: /home/dodecaneser/scripts/mimikatz
2023-01-23 12:08:05.161 [info] > git for-each-ref --sort -committerdate --format %(refname) %(objectname) %(*objectname) [135ms]
2023-01-23 12:08:05.207 [info] > git config --get commit.template [50ms]
2023-01-23 12:08:05.208 [info] > git rev-parse --show-toplevel [98ms]
2023-01-23 12:08:05.208 [info] fatal: not a git repository (or any of the parent directories): .git
2023-01-23 12:08:05.223 [info] > git rev-parse --show-toplevel [4ms]
2023-01-23 12:08:05.223 [info] fatal: not a git repository (or any of the parent directories): .git
2023-01-23 12:08:05.223 [info] > git config --get commit.template [18ms]
2023-01-23 12:08:05.268 [warning] No remotes found in the git config file.
2023-01-23 12:08:05.278 [info] > git remote --verbose [10ms]
2023-01-23 12:08:05.278 [info] > git for-each-ref --format=%(refname)%00%(upstream:short)%00%(objectname)%00%(upstream:track)%00%(upstream:remotename)%00%(upstream:remoteref) refs/heads/master refs/remotes/master [21ms]
2023-01-23 12:08:05.310 [info] > git for-each-ref --format=%(refname)%00%(upstream:short)%00%(objectname)%00%(upstream:track)%00%(upstream:remotename)%00%(upstream:remoteref) refs/heads/master refs/remotes/master [74ms]
2023-01-23 12:08:05.341 [info] > git status -z -uall [51ms]
2023-01-23 12:08:05.342 [info] > git for-each-ref --sort -committerdate --format %(refname) %(objectname) %(*objectname) [33ms]
2023-01-23 12:08:05.375 [info] > git status -z -uall [50ms]
2023-01-23 12:08:05.375 [info] > git for-each-ref --sort -committerdate --format %(refname) %(objectname) %(*objectname) [37ms]
2023-01-23 12:08:05.478 [info] > git check-ignore -v -z --stdin [3ms]
2023-01-23 12:08:05.479 [info] > git config --get commit.template [71ms]
2023-01-23 12:08:05.532 [info] > git for-each-ref --format=%(refname)%00%(upstream:short)%00%(objectname)%00%(upstream:track)%00%(upstream:remotename)%00%(upstream:remoteref) refs/heads/master refs/remotes/master [3ms]
2023-01-23 12:08:05.561 [info] > git for-each-ref --sort -committerdate --format %(refname) %(objectname) %(*objectname) [2ms]
2023-01-23 12:08:05.567 [info] > git status -z -uall [24ms]
2023-01-23 12:08:05.853 [info] > git rev-parse --show-toplevel [112ms]
2023-01-23 12:08:05.853 [info] fatal: not a git repository (or any of the parent directories): .git
2023-01-23 12:08:06.065 [info] > git show --textconv :siem/logstash.conf [51ms]
2023-01-23 12:08:06.065 [info] > git ls-files --stage -- /home/dodecaneser/raspServer/siem/logstash.conf [37ms]
2023-01-23 12:08:06.221 [info] > git check-ignore -v -z --stdin [6ms]
2023-01-23 12:09:34.356 [warning] No remotes found in the git config file.
2023-01-23 12:09:34.358 [info] > git config --get commit.template [59ms]
2023-01-23 12:09:34.362 [info] > git for-each-ref --format=%(refname)%00%(upstream:short)%00%(objectname)%00%(upstream:track)%00%(upstream:remotename)%00%(upstream:remoteref) refs/heads/master refs/remotes/master [33ms]
2023-01-23 12:09:34.402 [info] > git remote --verbose [46ms]
2023-01-23 12:09:34.458 [info] > git status -z -uall [28ms]
2023-01-23 12:09:34.462 [info] > git for-each-ref --sort -committerdate --format %(refname) %(objectname) %(*objectname) [8ms]
2023-01-23 12:09:34.473 [info] > git ls-files --stage -- /home/dodecaneser/raspServer/siem/logstash.conf [75ms]
2023-01-23 12:09:34.506 [info] > git cat-file -s 27868ea6eda875d70b0fe0a641cf3f0901020518 [6ms]
2023-01-23 12:09:34.807 [info] > git show --textconv :siem/logstash.conf [9ms]
2023-01-23 12:09:39.560 [warning] No remotes found in the git config file.
2023-01-23 12:09:39.562 [info] > git config --get commit.template [50ms]
2023-01-23 12:09:39.563 [info] > git remote --verbose [4ms]
2023-01-23 12:09:39.563 [info] > git for-each-ref --format=%(refname)%00%(upstream:short)%00%(objectname)%00%(upstream:track)%00%(upstream:remotename)%00%(upstream:remoteref) refs/heads/master refs/remotes/master [20ms]
2023-01-23 12:09:39.590 [info] > git status -z -uall [14ms]
2023-01-23 12:09:39.592 [info] > git for-each-ref --sort -committerdate --format %(refname) %(objectname) %(*objectname) [3ms]
2023-01-23 12:09:51.226 [info] Close repository: /home/dodecaneser/scripts/mimikatz
2023-01-23 12:09:52.095 [info] > git check-ignore -v -z --stdin [9ms]
2023-01-23 12:18:41.495 [warning] No remotes found in the git config file.
2023-01-23 12:18:41.498 [info] > git for-each-ref --format=%(refname)%00%(upstream:short)%00%(objectname)%00%(upstream:track)%00%(upstream:remotename)%00%(upstream:remoteref) refs/heads/master refs/remotes/master [15ms]
2023-01-23 12:18:41.499 [info] > git config --get commit.template [41ms]
2023-01-23 12:18:41.500 [info] > git remote --verbose [6ms]
2023-01-23 12:18:41.527 [info] > git status -z -uall [14ms]
2023-01-23 12:18:41.529 [info] > git for-each-ref --sort -committerdate --format %(refname) %(objectname) %(*objectname) [3ms]
2023-01-23 12:19:14.103 [warning] No remotes found in the git config file.
2023-01-23 12:19:14.108 [info] > git for-each-ref --format=%(refname)%00%(upstream:short)%00%(objectname)%00%(upstream:track)%00%(upstream:remotename)%00%(upstream:remoteref) refs/heads/master refs/remotes/master [28ms]
2023-01-23 12:19:14.109 [info] > git config --get commit.template [69ms]
2023-01-23 12:19:14.110 [info] > git remote --verbose [7ms]
2023-01-23 12:19:14.135 [info] > git status -z -uall [12ms]
2023-01-23 12:19:14.139 [info] > git for-each-ref --sort -committerdate --format %(refname) %(objectname) %(*objectname) [4ms]
2023-01-23 12:31:27.678 [warning] No remotes found in the git config file.
2023-01-23 12:31:27.681 [info] > git for-each-ref --format=%(refname)%00%(upstream:short)%00%(objectname)%00%(upstream:track)%00%(upstream:remotename)%00%(upstream:remoteref) refs/heads/master refs/remotes/master [21ms]
2023-01-23 12:31:27.682 [info] > git config --get commit.template [35ms]
2023-01-23 12:31:27.683 [info] > git remote --verbose [6ms]
2023-01-23 12:31:27.709 [info] > git status -z -uall [13ms]
2023-01-23 12:31:27.711 [info] > git for-each-ref --sort -committerdate --format %(refname) %(objectname) %(*objectname) [3ms]
2023-01-23 12:32:18.450 [info] > git add -A -- . [23ms]
2023-01-23 12:32:18.503 [info] > git -c user.useConfigOnly=true commit --quiet --allow-empty-message --file - [35ms]
2023-01-23 12:32:18.532 [info] > git config --get commit.template [12ms]
2023-01-23 12:32:18.591 [warning] No remotes found in the git config file.
2023-01-23 12:32:18.594 [info] > git for-each-ref --format=%(refname)%00%(upstream:short)%00%(objectname)%00%(upstream:track)%00%(upstream:remotename)%00%(upstream:remoteref) refs/heads/master refs/remotes/master [18ms]
2023-01-23 12:32:18.596 [info] > git config --get commit.template [41ms]
2023-01-23 12:32:18.599 [info] > git remote --verbose [8ms]
2023-01-23 12:32:18.631 [info] > git status -z -uall [18ms]
2023-01-23 12:32:18.634 [info] > git for-each-ref --sort -committerdate --format %(refname) %(objectname) %(*objectname) [4ms]
2023-01-23 12:32:18.831 [warning] No remotes found in the git config file.
2023-01-23 12:32:18.835 [info] > git config --get commit.template [47ms]
2023-01-23 12:32:18.836 [info] > git remote --verbose [5ms]
2023-01-23 12:32:18.837 [info] > git for-each-ref --format=%(refname)%00%(upstream:short)%00%(objectname)%00%(upstream:track)%00%(upstream:remotename)%00%(upstream:remoteref) refs/heads/master refs/remotes/master [21ms]
2023-01-23 12:32:18.882 [info] > git status -z -uall [27ms]
2023-01-23 12:32:18.892 [info] > git for-each-ref --sort -committerdate --format %(refname) %(objectname) %(*objectname) [17ms]
2023-01-23 12:32:19.053 [info] > git rev-parse --show-toplevel [26ms]
2023-01-23 12:32:19.054 [info] fatal: not a git repository (or any of the parent directories): .git
2023-01-23 12:32:19.980 [info] > git ls-files --stage -- /home/dodecaneser/raspServer/siem/logstash.conf [28ms]
2023-01-23 12:32:20.009 [info] > git cat-file -s b0bfb9e8f61277b7654a0441bba9e2f253a9cc41 [12ms]
2023-01-23 12:32:20.032 [info] > git show --textconv :siem/logstash.conf [5ms]
2023-01-23 15:54:58.461 [info] > git show --textconv :siem/metricbeat.yml [29ms]
2023-01-23 15:54:58.470 [info] > git ls-files --stage -- /home/dodecaneser/raspServer/siem/metricbeat.yml [10ms]
2023-01-23 15:54:58.492 [info] > git cat-file -s 4a84b19568fc549d4beeaebbfb9461aa6ace3f32 [4ms]
2023-01-23 15:56:10.445 [warning] No remotes found in the git config file.
2023-01-23 15:56:10.447 [info] > git config --get commit.template [82ms]
2023-01-23 15:56:10.448 [info] > git remote --verbose [4ms]
2023-01-23 15:56:10.449 [info] > git for-each-ref --format=%(refname)%00%(upstream:short)%00%(objectname)%00%(upstream:track)%00%(upstream:remotename)%00%(upstream:remoteref) refs/heads/master refs/remotes/master [45ms]
2023-01-23 15:56:10.483 [info] > git status -z -uall [18ms]
2023-01-23 15:56:10.486 [info] > git for-each-ref --sort -committerdate --format %(refname) %(objectname) %(*objectname) [3ms]
2023-01-23 16:00:25.548 [info] > git show --textconv :siem/docker-compese-siem.yml [13ms]
2023-01-23 16:00:25.550 [info] > git ls-files --stage -- /home/dodecaneser/raspServer/siem/docker-compese-siem.yml [3ms]
2023-01-23 16:00:25.581 [info] > git cat-file -s 5fa87e5793cbfc97318b634509773e8fea3df402 [19ms]
2023-01-23 16:01:23.050 [info] > git show --textconv :siem/elasticsearch.yml [45ms]
2023-01-23 16:01:23.059 [info] > git ls-files --stage -- /home/dodecaneser/raspServer/siem/elasticsearch.yml [17ms]
2023-01-23 16:01:23.219 [info] > git check-ignore -v -z --stdin [5ms]
2023-01-23 16:01:23.796 [warning] No remotes found in the git config file.
2023-01-23 16:01:23.798 [info] > git config --get commit.template [81ms]
2023-01-23 16:01:23.799 [info] > git remote --verbose [3ms]
2023-01-23 16:01:23.800 [info] > git for-each-ref --format=%(refname)%00%(upstream:short)%00%(objectname)%00%(upstream:track)%00%(upstream:remotename)%00%(upstream:remoteref) refs/heads/master refs/remotes/master [40ms]
2023-01-23 16:01:23.823 [info] > git status -z -uall [11ms]
2023-01-23 16:01:23.824 [info] > git for-each-ref --sort -committerdate --format %(refname) %(objectname) %(*objectname) [2ms]
2023-01-23 16:01:32.862 [warning] No remotes found in the git config file.
2023-01-23 16:01:32.864 [info] > git config --get commit.template [30ms]
2023-01-23 16:01:32.896 [info] > git remote --verbose [34ms]
2023-01-23 16:01:32.896 [info] > git for-each-ref --format=%(refname)%00%(upstream:short)%00%(objectname)%00%(upstream:track)%00%(upstream:remotename)%00%(upstream:remoteref) refs/heads/master refs/remotes/master [50ms]
2023-01-23 16:01:32.939 [info] > git status -z -uall [21ms]
2023-01-23 16:01:32.947 [info] > git for-each-ref --sort -committerdate --format %(refname) %(objectname) %(*objectname) [10ms]
2023-01-23 16:02:19.607 [warning] No remotes found in the git config file.
2023-01-23 16:02:19.611 [info] > git for-each-ref --format=%(refname)%00%(upstream:short)%00%(objectname)%00%(upstream:track)%00%(upstream:remotename)%00%(upstream:remoteref) refs/heads/master refs/remotes/master [16ms]
2023-01-23 16:02:19.612 [info] > git config --get commit.template [41ms]
2023-01-23 16:02:19.612 [info] > git remote --verbose [5ms]
2023-01-23 16:02:19.635 [info] > git status -z -uall [11ms]
2023-01-23 16:02:19.636 [info] > git for-each-ref --sort -committerdate --format %(refname) %(objectname) %(*objectname) [2ms]
2023-01-23 16:04:19.673 [info] > git add -A -- . [9ms]
2023-01-23 16:04:19.704 [info] > git -c user.useConfigOnly=true commit --quiet --allow-empty-message --file - [15ms]
2023-01-23 16:04:19.738 [info] > git config --get commit.template [6ms]
2023-01-23 16:04:19.819 [warning] No remotes found in the git config file.
2023-01-23 16:04:19.821 [info] > git for-each-ref --format=%(refname)%00%(upstream:short)%00%(objectname)%00%(upstream:track)%00%(upstream:remotename)%00%(upstream:remoteref) refs/heads/master refs/remotes/master [27ms]
2023-01-23 16:04:19.822 [info] > git config --get commit.template [51ms]
2023-01-23 16:04:19.823 [info] > git remote --verbose [4ms]
2023-01-23 16:04:19.859 [info] > git status -z -uall [15ms]
2023-01-23 16:04:19.870 [info] > git for-each-ref --sort -committerdate --format %(refname) %(objectname) %(*objectname) [12ms]
2023-01-23 16:04:20.089 [warning] No remotes found in the git config file.
2023-01-23 16:04:20.090 [info] > git config --get commit.template [33ms]
2023-01-23 16:04:20.092 [info] > git for-each-ref --format=%(refname)%00%(upstream:short)%00%(objectname)%00%(upstream:track)%00%(upstream:remotename)%00%(upstream:remoteref) refs/heads/master refs/remotes/master [19ms]
2023-01-23 16:04:20.095 [info] > git remote --verbose [6ms]
2023-01-23 16:04:20.123 [info] > git status -z -uall [16ms]
2023-01-23 16:04:20.128 [info] > git for-each-ref --sort -committerdate --format %(refname) %(objectname) %(*objectname) [5ms]
2023-01-23 16:04:21.099 [info] > git ls-files --stage -- /home/dodecaneser/raspServer/siem/docker-compese-siem.yml [15ms]
2023-01-23 16:04:21.114 [info] > git ls-files --stage -- /home/dodecaneser/raspServer/siem/metricbeat.yml [44ms]
2023-01-23 16:04:21.128 [info] > git ls-files --stage -- /home/dodecaneser/raspServer/siem/logstash.conf [82ms]
2023-01-23 16:04:21.141 [info] > git cat-file -s 78962b4a709b127b8a8e96a8d3f3b2403ddaf5bb [14ms]
2023-01-23 16:04:21.142 [info] > git cat-file -s c683ca9f9b7fb37a2613a54b204300b5491456d4 [29ms]
2023-01-23 16:04:21.143 [info] > git ls-files --stage -- /home/dodecaneser/raspServer/siem/elasticsearch.yml [46ms]
2023-01-23 16:04:21.161 [info] > git cat-file -s b0bfb9e8f61277b7654a0441bba9e2f253a9cc41 [21ms]
2023-01-23 16:04:21.189 [info] > git cat-file -s 97cfeb7e77b310a8b0d3ba7646dd04635764109a [34ms]
2023-01-23 16:04:21.190 [info] > git show --textconv :siem/metricbeat.yml [15ms]
2023-01-23 16:04:21.190 [info] > git show --textconv :siem/docker-compese-siem.yml [2ms]
2023-01-23 16:04:21.226 [info] > git show --textconv :siem/logstash.conf [20ms]
2023-01-23 16:04:21.226 [info] > git show --textconv :siem/elasticsearch.yml [5ms]
2023-01-23 16:08:52.191 [warning] No remotes found in the git config file.
2023-01-23 16:08:52.315 [info] > git config --get commit.template [199ms]
2023-01-23 16:08:52.321 [info] > git ls-files --stage -- /home/dodecaneser/raspServer/siem/docker-compese-siem.yml [30ms]
2023-01-23 16:08:52.338 [info] > git ls-files --stage -- /home/dodecaneser/raspServer/siem/metricbeat.yml [72ms]
2023-01-23 16:08:52.355 [info] > git ls-files --stage -- /home/dodecaneser/raspServer/siem/logstash.conf [119ms]
2023-01-23 16:08:52.372 [info] > git remote --verbose [181ms]
2023-01-23 16:08:52.373 [info] > git for-each-ref --format=%(refname)%00%(upstream:short)%00%(objectname)%00%(upstream:track)%00%(upstream:remotename)%00%(upstream:remoteref) refs/heads/master refs/remotes/master [219ms]
2023-01-23 16:08:52.405 [info] > git status -z -uall [17ms]
2023-01-23 16:08:52.407 [info] > git cat-file -s b0bfb9e8f61277b7654a0441bba9e2f253a9cc41 [35ms]
2023-01-23 16:08:52.407 [info] > git cat-file -s 78962b4a709b127b8a8e96a8d3f3b2403ddaf5bb [53ms]
2023-01-23 16:08:52.409 [info] > git cat-file -s c683ca9f9b7fb37a2613a54b204300b5491456d4 [72ms]
2023-01-23 16:08:52.411 [info] > git ls-files --stage -- /home/dodecaneser/raspServer/siem/elasticsearch.yml [97ms]
2023-01-23 16:08:52.430 [info] > git for-each-ref --sort -committerdate --format %(refname) %(objectname) %(*objectname) [27ms]
2023-01-23 16:08:52.485 [info] > git show --textconv :siem/logstash.conf [31ms]
2023-01-23 16:08:52.485 [info] > git show --textconv :siem/metricbeat.yml [17ms]
2023-01-23 16:08:52.486 [info] > git cat-file -s 97cfeb7e77b310a8b0d3ba7646dd04635764109a [57ms]
2023-01-23 16:08:52.488 [info] > git show --textconv :siem/docker-compese-siem.yml [4ms]
2023-01-23 16:08:52.619 [info] > git show --textconv :siem/elasticsearch.yml [3ms]
2023-01-23 16:08:53.173 [info] > git check-ignore -v -z --stdin [8ms]
2023-01-23 16:08:57.553 [warning] No remotes found in the git config file.
2023-01-23 16:08:57.554 [info] > git config --get commit.template [74ms]
2023-01-23 16:08:57.555 [info] > git remote --verbose [3ms]
2023-01-23 16:08:57.555 [info] > git for-each-ref --format=%(refname)%00%(upstream:short)%00%(objectname)%00%(upstream:track)%00%(upstream:remotename)%00%(upstream:remoteref) refs/heads/master refs/remotes/master [37ms]
2023-01-23 16:08:57.588 [info] > git status -z -uall [17ms]
2023-01-23 16:08:57.590 [info] > git for-each-ref --sort -committerdate --format %(refname) %(objectname) %(*objectname) [2ms]
2023-01-23 16:45:10.075 [warning] No remotes found in the git config file.
2023-01-23 16:45:10.084 [info] > git for-each-ref --format=%(refname)%00%(upstream:short)%00%(objectname)%00%(upstream:track)%00%(upstream:remotename)%00%(upstream:remoteref) refs/heads/master refs/remotes/master [43ms]
2023-01-23 16:45:10.086 [info] > git config --get commit.template [82ms]
2023-01-23 16:45:10.088 [info] > git remote --verbose [14ms]
2023-01-23 16:45:10.224 [info] > git status -z -uall [52ms]
2023-01-23 16:45:10.236 [info] > git for-each-ref --sort -committerdate --format %(refname) %(objectname) %(*objectname) [13ms]
2023-01-23 16:45:10.574 [info] > git ls-files --stage -- /home/dodecaneser/raspServer/siem/docker-compese-siem.yml [24ms]
2023-01-23 16:45:10.602 [info] > git ls-files --stage -- /home/dodecaneser/raspServer/siem/metricbeat.yml [95ms]
2023-01-23 16:45:10.618 [info] > git ls-files --stage -- /home/dodecaneser/raspServer/siem/logstash.conf [134ms]
2023-01-23 16:45:10.637 [info] > git cat-file -s c683ca9f9b7fb37a2613a54b204300b5491456d4 [36ms]
2023-01-23 16:45:10.639 [info] > git ls-files --stage -- /home/dodecaneser/raspServer/siem/elasticsearch.yml [70ms]
2023-01-23 16:45:10.663 [info] > git cat-file -s b0bfb9e8f61277b7654a0441bba9e2f253a9cc41 [29ms]
2023-01-23 16:45:10.667 [info] > git cat-file -s 78962b4a709b127b8a8e96a8d3f3b2403ddaf5bb [49ms]
2023-01-23 16:45:10.674 [info] > git cat-file -s 97cfeb7e77b310a8b0d3ba7646dd04635764109a [14ms]
2023-01-23 16:45:10.757 [info] > git show --textconv :siem/docker-compese-siem.yml [50ms]
2023-01-23 16:45:10.758 [info] > git show --textconv :siem/logstash.conf [35ms]
2023-01-23 16:45:10.758 [info] > git show --textconv :siem/metricbeat.yml [19ms]
2023-01-23 16:45:10.760 [info] > git show --textconv :siem/elasticsearch.yml [4ms]
