2023-10-09 10:28:38.915 [info] Reading sessions from keychain...
2023-10-09 10:28:38.915 [info] Getting sessions for all scopes...
2023-10-09 10:28:38.941 [info] Getting sessions for read:user,repo,user:email...
2023-10-09 10:28:38.941 [info] Getting sessions for read:user,repo,user:email,workflow...
2023-10-09 10:28:38.953 [info] Got 0 sessions for ...
2023-10-09 10:28:38.953 [info] Got 0 sessions for read:user,repo,user:email...
2023-10-09 10:28:38.954 [info] Got 0 sessions for read:user,repo,user:email,workflow...
2023-10-09 10:28:39.116 [info] Getting sessions for all scopes...
2023-10-09 10:28:39.116 [info] Got 0 sessions for ...
2023-10-09 10:28:39.149 [info] Getting sessions for read:user,repo,user:email...
2023-10-09 10:28:39.149 [info] Got 0 sessions for read:user,repo,user:email...
2023-10-09 10:29:07.643 [info] Reading sessions from keychain...
2023-10-09 10:29:07.643 [info] Getting sessions for all scopes...
2023-10-09 10:29:07.643 [info] Got 0 sessions for ...
2023-10-09 10:29:07.643 [info] Getting sessions for all scopes...
2023-10-09 10:29:07.643 [info] Got 0 sessions for ...
2023-10-09 10:29:07.643 [info] Getting sessions for read:user,repo,user:email,workflow...
2023-10-09 10:29:07.643 [info] Got 0 sessions for read:user,repo,user:email,workflow...
2023-10-09 10:29:07.643 [info] Getting sessions for read:user,repo,user:email...
2023-10-09 10:29:07.643 [info] Got 0 sessions for read:user,repo,user:email...
2023-10-09 10:29:07.661 [info] Getting sessions for read:user,repo,user:email...
2023-10-09 10:29:07.661 [info] Got 0 sessions for read:user,repo,user:email...
2023-10-09 10:43:12.987 [info] Reading sessions from keychain...
2023-10-09 10:43:12.989 [info] Getting sessions for all scopes...
2023-10-09 10:43:12.989 [info] Got 0 sessions for ...
2023-10-09 10:43:12.989 [info] Getting sessions for all scopes...
2023-10-09 10:43:12.989 [info] Got 0 sessions for ...
2023-10-09 10:43:12.995 [info] Getting sessions for read:user,repo,user:email,workflow...
2023-10-09 10:43:12.995 [info] Got 0 sessions for read:user,repo,user:email,workflow...
2023-10-09 10:43:13.080 [info] Getting sessions for read:user,repo,user:email...
2023-10-09 10:43:13.080 [info] Got 0 sessions for read:user,repo,user:email...
2023-10-09 10:43:13.143 [info] Getting sessions for read:user,repo,user:email...
2023-10-09 10:43:13.144 [info] Got 0 sessions for read:user,repo,user:email...
2023-10-09 10:52:29.422 [info] Reading sessions from keychain...
2023-10-09 10:52:29.422 [info] Getting sessions for all scopes...
2023-10-09 10:52:29.445 [info] Got 0 sessions for ...
2023-10-09 10:52:29.445 [info] Getting sessions for read:user,repo,user:email...
2023-10-09 10:52:29.446 [info] Got 0 sessions for read:user,repo,user:email...
2023-10-09 10:52:29.446 [info] Getting sessions for read:user,repo,user:email,workflow...
2023-10-09 10:52:29.446 [info] Got 0 sessions for read:user,repo,user:email,workflow...
2023-10-09 10:52:29.567 [info] Getting sessions for read:user,repo,user:email...
2023-10-09 10:52:29.567 [info] Got 0 sessions for read:user,repo,user:email...
2023-10-09 10:52:29.570 [info] Getting sessions for all scopes...
2023-10-09 10:52:29.570 [info] Got 0 sessions for ...
2023-10-09 10:53:02.881 [info] Reading sessions from keychain...
2023-10-09 10:53:02.881 [info] Getting sessions for all scopes...
2023-10-09 10:53:03.068 [info] Got 0 sessions for ...
2023-10-09 10:53:03.084 [info] Getting sessions for read:user,repo,user:email...
2023-10-09 10:53:03.085 [info] Got 0 sessions for read:user,repo,user:email...
2023-10-09 10:53:03.085 [info] Getting sessions for read:user,repo,user:email,workflow...
2023-10-09 10:53:03.085 [info] Got 0 sessions for read:user,repo,user:email,workflow...
2023-10-09 10:53:03.184 [info] Getting sessions for read:user,repo,user:email...
2023-10-09 10:53:03.184 [info] Got 0 sessions for read:user,repo,user:email...
2023-10-09 10:53:03.272 [info] Getting sessions for all scopes...
2023-10-09 10:53:03.273 [info] Got 0 sessions for ...
2023-10-09 10:59:06.507 [info] Reading sessions from keychain...
2023-10-09 10:59:06.513 [info] Getting sessions for all scopes...
2023-10-09 10:59:06.534 [info] Got 0 sessions for ...
2023-10-09 10:59:06.536 [info] Getting sessions for read:user,repo,user:email,workflow...
2023-10-09 10:59:06.536 [info] Got 0 sessions for read:user,repo,user:email,workflow...
2023-10-09 10:59:06.536 [info] Getting sessions for read:user,repo,user:email...
2023-10-09 10:59:06.537 [info] Got 0 sessions for read:user,repo,user:email...
2023-10-09 10:59:06.575 [info] Getting sessions for read:user,repo,user:email...
2023-10-09 10:59:06.575 [info] Got 0 sessions for read:user,repo,user:email...
2023-10-09 10:59:06.592 [info] Getting sessions for all scopes...
2023-10-09 10:59:06.592 [info] Got 0 sessions for ...
