2023-10-18 21:43:56.833 [info] Added views:workbench.panel.markers.view in workbench.panel.markers
2023-10-18 21:43:56.835 [info] Added views:workbench.panel.output in workbench.panel.output
2023-10-18 21:43:56.835 [info] Added views:terminal in terminal
2023-10-18 21:43:56.835 [info] Added views:outline in workbench.view.explorer
2023-10-18 21:43:56.835 [info] Added views:workbench.scm in workbench.view.scm
2023-10-18 21:43:56.835 [info] Added views:workbench.view.search in workbench.view.search
2023-10-18 21:43:56.835 [info] Added views:timeline in workbench.view.explorer
2023-10-18 21:43:56.835 [info] Added views:workbench.explorer.openEditorsView,workbench.explorer.emptyView in workbench.view.explorer
2023-10-18 21:44:32.239 [info] Added views:gitlens.views.home,gitlens.views.workspaces,gitlens.views.account in workbench.view.extension.gitlens
2023-10-18 21:44:32.243 [info] Added views:gitlens.views.commitDetails,gitlens.views.lineHistory,gitlens.views.fileHistory,gitlens.views.searchAndCompare in workbench.view.extension.gitlensInspect
2023-10-18 21:44:32.247 [info] Added views:gitlens.views.commits,gitlens.views.branches,gitlens.views.remotes,gitlens.views.stashes,gitlens.views.tags in workbench.view.scm
2023-10-18 21:44:32.250 [info] Added views:dockerContainers,dockerImages,dockerRegistries,dockerNetworks,dockerVolumes,vscode-docker.views.dockerContexts,vscode-docker.views.help in workbench.view.extension.dockerView
2023-10-18 21:44:34.099 [info] Added views:workbench.debug.variablesView,workbench.debug.watchExpressionsView,workbench.debug.callStackView,workbench.debug.breakPointsView in workbench.view.debug
2023-10-18 21:44:36.857 [info] Added views:workbench.panel.repl.view in workbench.panel.repl
2023-10-18 21:44:36.875 [info] Removed views:workbench.debug.breakPointsView,workbench.debug.callStackView,workbench.debug.watchExpressionsView,workbench.debug.variablesView from workbench.view.debug
2023-10-18 21:44:36.878 [info] Added views:workbench.debug.welcome in workbench.view.debug
2023-10-18 21:44:41.437 [info] Removed views:gitlens.views.searchAndCompare,gitlens.views.fileHistory,gitlens.views.lineHistory,gitlens.views.commitDetails from workbench.view.extension.gitlensInspect
2023-10-18 21:44:41.467 [info] Removed views:gitlens.views.tags,gitlens.views.stashes,gitlens.views.remotes,gitlens.views.branches,gitlens.views.commits from workbench.view.scm
2023-10-18 21:44:45.133 [info] Added views:~remote.forwardedPorts in ~remote.forwardedPortsContainer
2023-10-18 21:51:22.668 [info] Added views:workbench.views.extensions.installed,workbench.views.extensions.popular,extensions.recommendedList in workbench.view.extensions
2023-10-18 21:51:22.672 [info] Removed views:workbench.views.extensions.popular from workbench.view.extensions
2023-10-18 22:00:16.789 [info] Added views:workbench.view.testing in workbench.view.extension.test
2023-10-18 22:04:12.225 [info] Removed views:workbench.view.testing from workbench.view.extension.test
